 * Running on http://0.0.0.0:3000/ (Press CTRL+C to quit)
 * Restarting with stat
 * Debugger is active!
 * Debugger PIN: 286-050-437
127.0.0.1 - - [18/Sep/2018 19:51:29] "GET /users/hosts/?page=1&host_query=%7B%22name_field%22:%22%22,%22zone_field%22:%22%22%7D HTTP/1.1" 401 -
127.0.0.1 - - [18/Sep/2018 19:51:29] "GET /users/hosts/zone/ HTTP/1.1" 401 -
127.0.0.1 - - [18/Sep/2018 19:51:31] "POST /account/users/login/ HTTP/1.1" 200 -
127.0.0.1 - - [18/Sep/2018 19:51:31] "GET /home/ HTTP/1.1" 200 -
127.0.0.1 - - [18/Sep/2018 19:52:01] "GET /account/users/?page=1&name= HTTP/1.1" 200 -
127.0.0.1 - - [18/Sep/2018 19:52:01] "GET /account/roles/ HTTP/1.1" 200 -
127.0.0.1 - - [18/Sep/2018 19:52:01] "GET /account/roles/ HTTP/1.1" 200 -
127.0.0.1 - - [18/Sep/2018 19:52:03] "GET /account/users/?page=1&name= HTTP/1.1" 200 -
127.0.0.1 - - [18/Sep/2018 19:52:03] "GET /account/roles/ HTTP/1.1" 200 -
127.0.0.1 - - [18/Sep/2018 19:52:31] "GET /account/roles/ HTTP/1.1" 200 -
127.0.0.1 - - [18/Sep/2018 19:52:41] "POST /account/roles/ HTTP/1.1" 200 -
127.0.0.1 - - [18/Sep/2018 19:52:42] "GET /account/roles/ HTTP/1.1" 200 -
127.0.0.1 - - [18/Sep/2018 19:52:45] "GET /account/roles/1/permissions HTTP/1.1" 200 -
127.0.0.1 - - [18/Sep/2018 19:53:27] "POST /account/roles/1/permissions HTTP/1.1" 200 -
127.0.0.1 - - [18/Sep/2018 19:53:30] "GET /account/users/?page=1&name= HTTP/1.1" 200 -
127.0.0.1 - - [18/Sep/2018 19:53:30] "GET /account/roles/ HTTP/1.1" 200 -
127.0.0.1 - - [18/Sep/2018 19:53:56] "POST /account/users/ HTTP/1.1" 200 -
127.0.0.1 - - [18/Sep/2018 19:53:56] "GET /account/users/?page=1&name= HTTP/1.1" 200 -
127.0.0.1 - - [18/Sep/2018 19:54:01] "GET /account/users/logout/ HTTP/1.1" 200 -
127.0.0.1 - - [18/Sep/2018 19:54:06] "POST /account/users/login/ HTTP/1.1" 200 -
127.0.0.1 - - [18/Sep/2018 19:54:07] "GET /home/ HTTP/1.1" 200 -
127.0.0.1 - - [18/Sep/2018 19:54:09] "GET /users/hosts/?page=1&host_query=%7B%22name_field%22:%22%22,%22zone_field%22:%22%22%7D HTTP/1.1" 200 -
127.0.0.1 - - [18/Sep/2018 19:54:09] "GET /users/hosts/zone/ HTTP/1.1" 200 -
127.0.0.1 - - [18/Sep/2018 19:54:11] "GET /users/hosts/?page=1&host_query=%7B%22name_field%22:%22%22,%22zone_field%22:%22%22%7D HTTP/1.1" 200 -
127.0.0.1 - - [18/Sep/2018 19:54:11] "GET /users/hosts/zone/ HTTP/1.1" 200 -
127.0.0.1 - - [18/Sep/2018 19:58:33] "GET /users/hosts/?page=1&host_query=%7B%22name_field%22:%22%22,%22zone_field%22:%22%22%7D HTTP/1.1" 200 -
127.0.0.1 - - [18/Sep/2018 19:58:33] "GET /users/hosts/zone/ HTTP/1.1" 200 -
127.0.0.1 - - [18/Sep/2018 19:59:09] "GET /users/hosts/?page=1&host_query=%7B%22name_field%22:%22%22,%22zone_field%22:%22%22%7D HTTP/1.1" 200 -
127.0.0.1 - - [18/Sep/2018 19:59:09] "GET /users/hosts/zone/ HTTP/1.1" 200 -
127.0.0.1 - - [18/Sep/2018 19:59:14] "GET /users/hosts/?page=1&host_query=%7B%22name_field%22:%22%22,%22zone_field%22:%22%22%7D HTTP/1.1" 200 -
127.0.0.1 - - [18/Sep/2018 19:59:14] "GET /users/hosts/zone/ HTTP/1.1" 200 -
127.0.0.1 - - [18/Sep/2018 19:59:17] "GET /users/hosts/?page=1&host_query=%7B%22name_field%22:%22%22,%22zone_field%22:%22%22%7D HTTP/1.1" 200 -
127.0.0.1 - - [18/Sep/2018 19:59:17] "GET /users/hosts/zone/ HTTP/1.1" 200 -
127.0.0.1 - - [18/Sep/2018 20:00:51] "GET /users/hosts/?page=1&host_query=%7B%22name_field%22:%22%22,%22zone_field%22:%22%22%7D HTTP/1.1" 200 -
127.0.0.1 - - [18/Sep/2018 20:00:51] "GET /users/hosts/zone/ HTTP/1.1" 200 -
127.0.0.1 - - [18/Sep/2018 20:00:56] "GET /users/hosts/?page=1&host_query=%7B%22name_field%22:%22%22,%22zone_field%22:%22%22%7D HTTP/1.1" 200 -
127.0.0.1 - - [18/Sep/2018 20:00:56] "GET /users/hosts/zone/ HTTP/1.1" 200 -
127.0.0.1 - - [18/Sep/2018 20:04:01] "GET /users/hosts/?page=1&host_query=%7B%22name_field%22:%22%22,%22zone_field%22:%22%22%7D HTTP/1.1" 200 -
127.0.0.1 - - [18/Sep/2018 20:04:01] "GET /users/hosts/zone/ HTTP/1.1" 200 -
127.0.0.1 - - [18/Sep/2018 20:04:05] "GET /users/hosts/?page=1&host_query=%7B%22name_field%22:%22%22,%22zone_field%22:%22%22%7D HTTP/1.1" 200 -
127.0.0.1 - - [18/Sep/2018 20:04:05] "GET /users/hosts/zone/ HTTP/1.1" 200 -
127.0.0.1 - - [18/Sep/2018 20:04:07] "GET /users/hosts/?page=1&host_query=%7B%22name_field%22:%22%22,%22zone_field%22:%22%22%7D HTTP/1.1" 200 -
127.0.0.1 - - [18/Sep/2018 20:04:07] "GET /users/hosts/zone/ HTTP/1.1" 200 -
127.0.0.1 - - [18/Sep/2018 20:06:53] "GET /users/hosts/?page=1&host_query=%7B%22name_field%22:%22%22,%22zone_field%22:%22%22%7D HTTP/1.1" 200 -
127.0.0.1 - - [18/Sep/2018 20:06:53] "GET /users/hosts/zone/ HTTP/1.1" 200 -
127.0.0.1 - - [18/Sep/2018 20:06:58] "GET /users/hosts/?page=1&host_query=%7B%22name_field%22:%22%22,%22zone_field%22:%22%22%7D HTTP/1.1" 200 -
127.0.0.1 - - [18/Sep/2018 20:06:58] "GET /users/hosts/zone/ HTTP/1.1" 200 -
127.0.0.1 - - [18/Sep/2018 20:07:00] "GET /assets/hosts/?page=1&host_query=%7B%22name_field%22:%22%22,%22zone_field%22:%22%22%7D HTTP/1.1" 200 -
127.0.0.1 - - [18/Sep/2018 20:07:00] "GET /assets/hosts/zone/ HTTP/1.1" 200 -
127.0.0.1 - - [18/Sep/2018 20:07:02] "GET /users/hosts/?page=1&host_query=%7B%22name_field%22:%22%22,%22zone_field%22:%22%22%7D HTTP/1.1" 200 -
127.0.0.1 - - [18/Sep/2018 20:07:02] "GET /users/hosts/zone/ HTTP/1.1" 200 -
127.0.0.1 - - [18/Sep/2018 20:10:16] "GET /users/hosts/?page=1&host_query=%7B%22name_field%22:%22%22,%22zone_field%22:%22%22%7D HTTP/1.1" 200 -
127.0.0.1 - - [18/Sep/2018 20:10:16] "GET /users/hosts/zone/ HTTP/1.1" 200 -
 * Detected change in '/opt/samba/xdata/xdata/xdata_api/apps/users/host.py', reloading
host_ng {'page': 1, 'pagesize': 10, 'host_query': {'name_field': '', 'zone_field': ''}}
host_ng {'page': 1, 'pagesize': 10, 'host_query': {'name_field': '', 'zone_field': ''}}
host_ng {'page': 1, 'pagesize': 10, 'host_query': {'name_field': '', 'zone_field': ''}}
host_ng {'page': 1, 'pagesize': 10, 'host_query': {'name_field': '', 'zone_field': ''}}
host_ng {'page': 1, 'pagesize': 10, 'host_query': {'name_field': '', 'zone_field': ''}}
host_ng {'page': 1, 'pagesize': 10, 'host_query': {'name_field': '', 'zone_field': ''}}
host_ng {'page': 1, 'pagesize': 10, 'host_query': {'name_field': '', 'zone_field': ''}}
host_ng {'page': 1, 'pagesize': 10, 'host_query': {'name_field': '', 'zone_field': ''}}
host_ng {'page': 1, 'pagesize': 10, 'host_query': {'name_field': '', 'zone_field': ''}}
host_ng {'page': 1, 'pagesize': 10, 'host_query': {'name_field': '', 'zone_field': ''}}
host_ng {'page': 1, 'pagesize': 10, 'host_query': {'name_field': '', 'zone_field': ''}}
host_ng {'page': 1, 'pagesize': 10, 'host_query': {'name_field': '', 'zone_field': ''}}
host_ng {'page': 1, 'pagesize': 10, 'host_query': {'name_field': '', 'zone_field': ''}}
host_ng {'page': 1, 'pagesize': 10, 'host_query': {'name_field': '', 'zone_field': ''}}
host_ng {'page': 1, 'pagesize': 10, 'host_query': {'name_field': '', 'zone_field': ''}}
host_ng {'page': 1, 'pagesize': 10, 'host_query': {'name_field': '', 'zone_field': ''}}
 * Restarting with stat
 * Debugger is active!
 * Debugger PIN: 286-050-437
127.0.0.1 - - [18/Sep/2018 20:10:26] "GET /users/hosts/?page=1&host_query=%7B%22name_field%22:%22%22,%22zone_field%22:%22%22%7D HTTP/1.1" 403 -
127.0.0.1 - - [18/Sep/2018 20:10:26] "GET /users/hosts/zone/ HTTP/1.1" 200 -
127.0.0.1 - - [18/Sep/2018 20:10:28] "GET /assets/hosts/?page=1&host_query=%7B%22name_field%22:%22%22,%22zone_field%22:%22%22%7D HTTP/1.1" 200 -
127.0.0.1 - - [18/Sep/2018 20:10:28] "GET /assets/hosts/zone/ HTTP/1.1" 200 -
127.0.0.1 - - [18/Sep/2018 20:10:31] "GET /users/hosts/?page=1&host_query=%7B%22name_field%22:%22%22,%22zone_field%22:%22%22%7D HTTP/1.1" 403 -
127.0.0.1 - - [18/Sep/2018 20:10:31] "GET /users/hosts/zone/ HTTP/1.1" 200 -
127.0.0.1 - - [18/Sep/2018 20:10:34] "GET /assets/hosts/?page=1&host_query=%7B%22name_field%22:%22%22,%22zone_field%22:%22%22%7D HTTP/1.1" 200 -
127.0.0.1 - - [18/Sep/2018 20:10:34] "GET /assets/hosts/zone/ HTTP/1.1" 200 -
127.0.0.1 - - [18/Sep/2018 20:10:36] "GET /schedule/jobs/?page=1&job_group= HTTP/1.1" 200 -
127.0.0.1 - - [18/Sep/2018 20:10:36] "GET /schedule/jobs/groups/ HTTP/1.1" 200 -
127.0.0.1 - - [18/Sep/2018 20:10:39] "GET /assets/hosts/?page=1&host_query=%7B%22name_field%22:%22%22,%22zone_field%22:%22%22%7D HTTP/1.1" 200 -
127.0.0.1 - - [18/Sep/2018 20:10:39] "GET /assets/hosts/zone/ HTTP/1.1" 200 -
127.0.0.1 - - [18/Sep/2018 20:10:42] "GET /users/hosts/?page=1&host_query=%7B%22name_field%22:%22%22,%22zone_field%22:%22%22%7D HTTP/1.1" 403 -
127.0.0.1 - - [18/Sep/2018 20:10:42] "GET /users/hosts/zone/ HTTP/1.1" 200 -
127.0.0.1 - - [18/Sep/2018 20:10:52] "GET /account/users/logout/ HTTP/1.1" 200 -
127.0.0.1 - - [18/Sep/2018 20:10:54] "POST /account/users/login/ HTTP/1.1" 200 -
127.0.0.1 - - [18/Sep/2018 20:10:55] "GET /home/ HTTP/1.1" 200 -
127.0.0.1 - - [18/Sep/2018 20:10:57] "GET /account/users/logout/ HTTP/1.1" 200 -
127.0.0.1 - - [18/Sep/2018 20:11:00] "POST /account/users/login/ HTTP/1.1" 200 -
127.0.0.1 - - [18/Sep/2018 20:11:00] "GET /home/ HTTP/1.1" 200 -
127.0.0.1 - - [18/Sep/2018 20:11:03] "GET /users/hosts/?page=1&host_query=%7B%22name_field%22:%22%22,%22zone_field%22:%22%22%7D HTTP/1.1" 403 -
127.0.0.1 - - [18/Sep/2018 20:11:03] "GET /users/hosts/zone/ HTTP/1.1" 200 -
172.16.6.253 - - [18/Sep/2018 20:11:56] "GET /users/hosts/?page=1 HTTP/1.1" 401 -
172.16.6.253 - - [18/Sep/2018 20:12:34] "GET /users/hosts/?page=1 HTTP/1.1" 403 -
172.16.6.253 - - [18/Sep/2018 20:13:22] "GET /users/hosts/ HTTP/1.1" 403 -
127.0.0.1 - - [18/Sep/2018 20:14:04] "GET /account/roles/ HTTP/1.1" 200 -
127.0.0.1 - - [18/Sep/2018 20:14:06] "GET /account/roles/1/permissions HTTP/1.1" 200 -
127.0.0.1 - - [18/Sep/2018 20:15:43] "GET /account/roles/1/permissions HTTP/1.1" 200 -
127.0.0.1 - - [18/Sep/2018 20:15:48] "GET /account/roles/ HTTP/1.1" 200 -
127.0.0.1 - - [18/Sep/2018 20:15:50] "GET /account/roles/1/permissions HTTP/1.1" 200 -
127.0.0.1 - - [18/Sep/2018 20:16:47] "GET /account/roles/1/permissions HTTP/1.1" 200 -
127.0.0.1 - - [18/Sep/2018 20:16:53] "GET /account/roles/1/permissions HTTP/1.1" 200 -
127.0.0.1 - - [18/Sep/2018 20:17:13] "POST /account/roles/1/permissions HTTP/1.1" 200 -
127.0.0.1 - - [18/Sep/2018 20:17:19] "GET /account/users/?page=1&name= HTTP/1.1" 200 -
127.0.0.1 - - [18/Sep/2018 20:17:19] "GET /account/roles/ HTTP/1.1" 200 -
127.0.0.1 - - [18/Sep/2018 20:17:23] "GET /users/hosts/?page=1&host_query=%7B%22name_field%22:%22%22,%22zone_field%22:%22%22%7D HTTP/1.1" 200 -
127.0.0.1 - - [18/Sep/2018 20:17:23] "GET /users/hosts/zone/ HTTP/1.1" 200 -
172.16.6.253 - - [18/Sep/2018 20:17:33] "GET /users/hosts/ HTTP/1.1" 200 -
127.0.0.1 - - [18/Sep/2018 20:17:41] "GET /assets/hosts/?page=1&host_query=%7B%22name_field%22:%22%22,%22zone_field%22:%22%22%7D HTTP/1.1" 200 -
127.0.0.1 - - [18/Sep/2018 20:17:41] "GET /assets/hosts/zone/ HTTP/1.1" 200 -
127.0.0.1 - - [18/Sep/2018 20:18:50] "POST /assets/hosts/ HTTP/1.1" 200 -
127.0.0.1 - - [18/Sep/2018 20:18:50] "GET /assets/hosts/?page=1&host_query=%7B%22name_field%22:%22%22,%22zone_field%22:%22%22%7D HTTP/1.1" 200 -
127.0.0.1 - - [18/Sep/2018 20:18:50] "GET /assets/hosts/zone/ HTTP/1.1" 200 -
127.0.0.1 - - [18/Sep/2018 20:18:52] "GET /assets/hosts/1/valid HTTP/1.1" 200 -
127.0.0.1 - - [18/Sep/2018 20:19:00] "POST /assets/hosts/1/valid HTTP/1.1" 200 -
127.0.0.1 - - [18/Sep/2018 20:19:05] "GET /assets/hosts/1/extend/ HTTP/1.1" 200 -
127.0.0.1 - - [18/Sep/2018 20:19:06] "GET /assets/hosts/1/extend/ HTTP/1.1" 200 -
127.0.0.1 - - [18/Sep/2018 20:19:10] "GET /assets/hosts/1/extend/ HTTP/1.1" 200 -
127.0.0.1 - - [18/Sep/2018 20:19:13] "GET /users/hosts/?page=1&host_query=%7B%22name_field%22:%22%22,%22zone_field%22:%22%22%7D HTTP/1.1" 200 -
127.0.0.1 - - [18/Sep/2018 20:19:13] "GET /users/hosts/zone/ HTTP/1.1" 200 -
127.0.0.1 - - [18/Sep/2018 20:19:15] "GET /assets/hosts/?page=1&host_query=%7B%22name_field%22:%22%22,%22zone_field%22:%22%22%7D HTTP/1.1" 200 -
127.0.0.1 - - [18/Sep/2018 20:19:15] "GET /assets/hosts/zone/ HTTP/1.1" 200 -
127.0.0.1 - - [18/Sep/2018 20:19:19] "GET /users/hosts/?page=1&host_query=%7B%22name_field%22:%22%22,%22zone_field%22:%22%22%7D HTTP/1.1" 200 -
127.0.0.1 - - [18/Sep/2018 20:19:19] "GET /users/hosts/zone/ HTTP/1.1" 200 -
127.0.0.1 - - [18/Sep/2018 20:19:29] "GET /users/hosts/?page=1&host_query=%7B%22name_field%22:%22%22,%22zone_field%22:%22%E5%85%AC%E5%8F%B8%E7%8E%AF%E5%A2%83%22%7D HTTP/1.1" 200 -
127.0.0.1 - - [18/Sep/2018 20:19:30] "GET /users/hosts/?page=1&host_query=%7B%22name_field%22:%22%22,%22zone_field%22:%22%E5%85%AC%E5%8F%B8%E7%8E%AF%E5%A2%83%22%7D HTTP/1.1" 200 -
127.0.0.1 - - [18/Sep/2018 20:19:33] "GET /users/hosts/1/valid HTTP/1.1" 200 -
127.0.0.1 - - [18/Sep/2018 20:19:49] "GET /users/hosts/?page=1&host_query=%7B%22name_field%22:%22%22,%22zone_field%22:%22%22%7D HTTP/1.1" 200 -
127.0.0.1 - - [18/Sep/2018 20:20:04] "GET /users/hosts/1/extend/ HTTP/1.1" 200 -
127.0.0.1 - - [18/Sep/2018 20:20:06] "GET /users/hosts/1/extend/ HTTP/1.1" 200 -
127.0.0.1 - - [18/Sep/2018 20:20:07] "GET /users/hosts/1/extend/ HTTP/1.1" 200 -
 * Detected change in '/opt/samba/xdata/xdata/xdata_api/apps/users/host.py', reloading
host_ng {'page': 1, 'pagesize': 10, 'host_query': {'name_field': '', 'zone_field': ''}}
host_ng {'page': 1, 'pagesize': 10, 'host_query': {'name_field': '', 'zone_field': ''}}
host_ng {'page': 1, 'pagesize': 10, 'host_query': {'name_field': '', 'zone_field': ''}}
host_ng {'page': 1, 'pagesize': 10, 'host_query': {'name_field': '', 'zone_field': ''}}
host_ng {'page': 1, 'pagesize': 10, 'host_query': {'name_field': '', 'zone_field': ''}}
host_ng {'page': 1, 'pagesize': 10, 'host_query': {'name_field': '', 'zone_field': ''}}
host_ng {'page': 1, 'pagesize': 10, 'host_query': {'name_field': '', 'zone_field': ''}}
host_ng {'page': 1, 'pagesize': 10, 'host_query': {'name_field': '', 'zone_field': ''}}
host_ng {'page': 1, 'pagesize': 10, 'host_query': {'name_field': '', 'zone_field': ''}}
host_ng {'page': 1, 'pagesize': 10, 'host_query': {'name_field': '', 'zone_field': ''}}
host_ng {'page': 1, 'pagesize': 10, 'host_query': {'name_field': '', 'zone_field': '公司环境'}}
host_ng {'page': 1, 'pagesize': 10, 'host_query': {'name_field': '', 'zone_field': '公司环境'}}
host_ng {'page': 1, 'pagesize': 10, 'host_query': {'name_field': '', 'zone_field': ''}}
 * Restarting with stat
 * Debugger is active!
 * Debugger PIN: 286-050-437
 * Detected change in '/opt/samba/xdata/xdata/xdata_api/apps/users/host.py', reloading
 * Restarting with stat
 * Debugger is active!
 * Debugger PIN: 286-050-437
172.16.6.253 - - [18/Sep/2018 20:35:12] "GET /users/hosts/ HTTP/1.1" 200 -
172.16.6.253 - - [18/Sep/2018 20:35:24] "GET /users/zone/ HTTP/1.1" 404 -
172.16.6.253 - - [18/Sep/2018 20:36:03] "GET /users/zone/ HTTP/1.1" 404 -
172.16.6.253 - - [18/Sep/2018 20:36:18] "GET /users/zone/ HTTP/1.1" 404 -
172.16.6.253 - - [18/Sep/2018 20:36:31] "GET /assets/zone/ HTTP/1.1" 404 -
172.16.6.253 - - [18/Sep/2018 20:36:57] "GET /users/hosts/ HTTP/1.1" 200 -
127.0.0.1 - - [18/Sep/2018 20:40:15] "GET /assets/hosts/?page=1&host_query=%7B%22name_field%22:%22%22,%22zone_field%22:%22%22%7D HTTP/1.1" 200 -
127.0.0.1 - - [18/Sep/2018 20:40:15] "GET /assets/hosts/zone/ HTTP/1.1" 200 -
127.0.0.1 - - [18/Sep/2018 20:40:17] "GET /users/hosts/?page=1&host_query=%7B%22name_field%22:%22%22,%22zone_field%22:%22%22%7D HTTP/1.1" 200 -
127.0.0.1 - - [18/Sep/2018 20:40:17] "GET /users/hosts/zone/ HTTP/1.1" 200 -
127.0.0.1 - - [18/Sep/2018 20:40:33] "GET /assets/hosts/?page=1&host_query=%7B%22name_field%22:%22%22,%22zone_field%22:%22%22%7D HTTP/1.1" 200 -
127.0.0.1 - - [18/Sep/2018 20:40:33] "GET /assets/hosts/zone/ HTTP/1.1" 200 -
127.0.0.1 - - [18/Sep/2018 20:41:59] "GET /assets/hosts/1/extend/ HTTP/1.1" 200 -
127.0.0.1 - - [18/Sep/2018 20:42:00] "GET /assets/hosts/1/extend/ HTTP/1.1" 200 -
127.0.0.1 - - [18/Sep/2018 20:42:01] "GET /assets/hosts/1/extend/ HTTP/1.1" 200 -
172.16.6.253 - - [18/Sep/2018 20:43:28] "GET /users/hosts/zone HTTP/1.1" 301 -
172.16.6.253 - - [18/Sep/2018 20:43:28] "GET /users/hosts/zone/ HTTP/1.1" 200 -
127.0.0.1 - - [18/Sep/2018 20:44:10] "GET /assets/hosts/?page=1&host_query=%7B%22name_field%22:%22%22,%22zone_field%22:%22%22%7D HTTP/1.1" 200 -
127.0.0.1 - - [18/Sep/2018 20:44:10] "GET /assets/hosts/zone/ HTTP/1.1" 200 -
127.0.0.1 - - [18/Sep/2018 20:44:14] "GET /users/hosts/?page=1&host_query=%7B%22name_field%22:%22%22,%22zone_field%22:%22%22%7D HTTP/1.1" 200 -
127.0.0.1 - - [18/Sep/2018 20:44:14] "GET /users/hosts/zone/ HTTP/1.1" 200 -
127.0.0.1 - - [18/Sep/2018 20:45:47] "GET /users/hosts/?page=1&host_query=%7B%22name_field%22:%22%22,%22zone_field%22:%22%22%7D HTTP/1.1" 200 -
127.0.0.1 - - [18/Sep/2018 20:45:47] "GET /users/hosts/zone/ HTTP/1.1" 200 -
127.0.0.1 - - [18/Sep/2018 20:47:31] "GET /users/hosts/?page=1&host_query=%7B%22name_field%22:%22%22,%22zone_field%22:%22%22%7D HTTP/1.1" 200 -
127.0.0.1 - - [18/Sep/2018 20:47:31] "GET /users/hosts/zone/ HTTP/1.1" 200 -
127.0.0.1 - - [18/Sep/2018 20:47:33] "GET /assets/hosts/?page=1&host_query=%7B%22name_field%22:%22%22,%22zone_field%22:%22%22%7D HTTP/1.1" 200 -
127.0.0.1 - - [18/Sep/2018 20:47:33] "GET /assets/hosts/zone/ HTTP/1.1" 200 -
127.0.0.1 - - [18/Sep/2018 20:47:56] "GET /users/hosts/?page=1&host_query=%7B%22name_field%22:%22%22,%22zone_field%22:%22%22%7D HTTP/1.1" 200 -
127.0.0.1 - - [18/Sep/2018 20:47:56] "GET /users/hosts/zone/ HTTP/1.1" 200 -
127.0.0.1 - - [18/Sep/2018 20:50:28] "GET /users/hosts/?page=1&host_query=%7B%22name_field%22:%22%22,%22zone_field%22:%22%22%7D HTTP/1.1" 200 -
127.0.0.1 - - [18/Sep/2018 20:50:28] "GET /users/hosts/zone/ HTTP/1.1" 200 -
127.0.0.1 - - [18/Sep/2018 20:53:55] "GET /users/hosts/?page=1&host_query=%7B%22name_field%22:%22%22,%22zone_field%22:%22%22%7D HTTP/1.1" 200 -
127.0.0.1 - - [18/Sep/2018 20:53:55] "GET /users/hosts/zone/ HTTP/1.1" 200 -
127.0.0.1 - - [18/Sep/2018 20:56:30] "GET /users/hosts/?page=1&host_query=%7B%22name_field%22:%22%22,%22zone_field%22:%22%22%7D HTTP/1.1" 200 -
127.0.0.1 - - [18/Sep/2018 20:56:30] "GET /users/hosts/zone/ HTTP/1.1" 200 -
 * Detected change in '/opt/samba/xdata/xdata/xdata_api/apps/users/host.py', reloading
host_ng {'page': 1, 'pagesize': 10, 'host_query': {'name_field': '', 'zone_field': ''}}
host_ng {'page': 1, 'pagesize': 10, 'host_query': {'name_field': '', 'zone_field': ''}}
host_ng {'page': 1, 'pagesize': 10, 'host_query': {'name_field': '', 'zone_field': ''}}
host_ng {'page': 1, 'pagesize': 10, 'host_query': {'name_field': '', 'zone_field': ''}}
 * Restarting with stat
Traceback (most recent call last):
  File "main.py", line 23, in <module>
    users.register_blueprint(app)
  File "/opt/samba/xdata/xdata/xdata_api/apps/users/__init__.py", line 6, in register_blueprint
    app.register_blueprint(host.blueprint, url_prefix='/users/hosts')
  File "/opt/samba/xdata/xdata/xdata_api/venv/lib/python3.6/site-packages/flask/app.py", line 64, in wrapper_func
    return f(self, *args, **kwargs)
  File "/opt/samba/xdata/xdata/xdata_api/venv/lib/python3.6/site-packages/flask/app.py", line 951, in register_blueprint
    blueprint.register(self, options, first_registration)
  File "/opt/samba/xdata/xdata/xdata_api/venv/lib/python3.6/site-packages/flask/blueprints.py", line 154, in register
    deferred(state)
  File "/opt/samba/xdata/xdata/xdata_api/venv/lib/python3.6/site-packages/flask/blueprints.py", line 173, in <lambda>
    s.add_url_rule(rule, endpoint, view_func, **options))
  File "/opt/samba/xdata/xdata/xdata_api/venv/lib/python3.6/site-packages/flask/blueprints.py", line 76, in add_url_rule
    view_func, defaults=defaults, **options)
  File "/opt/samba/xdata/xdata/xdata_api/venv/lib/python3.6/site-packages/flask/app.py", line 64, in wrapper_func
    return f(self, *args, **kwargs)
  File "/opt/samba/xdata/xdata/xdata_api/venv/lib/python3.6/site-packages/flask/app.py", line 1051, in add_url_rule
    'existing endpoint function: %s' % endpoint)
AssertionError: View function mapping is overwriting an existing endpoint function: apps.users.host.fetch_groups

usage: manage.py <command>

command:
    init_db         初始化数据库
    create_admin    创建管理员账户
    enable_admin    启用管理员账户，用于登录失败次数过多账户被禁用时使用
    
 * Running on http://0.0.0.0:3000/ (Press CTRL+C to quit)
 * Restarting with stat
 * Debugger is active!
 * Debugger PIN: 286-050-437
127.0.0.1 - - [19/Sep/2018 10:09:12] "GET /home/ HTTP/1.1" 401 -
127.0.0.1 - - [19/Sep/2018 10:09:19] "POST /account/users/login/ HTTP/1.1" 200 -
127.0.0.1 - - [19/Sep/2018 10:09:19] "GET /home/ HTTP/1.1" 200 -
--------------------------------------------------------------------------------
ERROR in middleware [/opt/samba/xdata/xdata/xdata_api/libs/middleware.py:40]:
'User'
--------------------------------------------------------------------------------
Traceback (most recent call last):
  File "/opt/samba/xdata/xdata/xdata_api/venv/lib/python3.6/site-packages/flask/app.py", line 1612, in full_dispatch_request
    rv = self.dispatch_request()
  File "/opt/samba/xdata/xdata/xdata_api/venv/lib/python3.6/site-packages/flask/app.py", line 1598, in dispatch_request
    return self.view_functions[rule.endpoint](**req.view_args)
  File "/opt/samba/xdata/xdata/xdata_api/libs/decorators.py", line 28, in wrapper
    return func(*args, **kwargs)
  File "/opt/samba/xdata/xdata/xdata_api/apps/users/host.py", line 29, in get
    if form.User.query.get('name_field'):
  File "/opt/samba/xdata/xdata/xdata_api/libs/tools.py", line 61, in __getattr__
    return self.__getitem__(item)
KeyError: 'User'
127.0.0.1 - - [19/Sep/2018 10:09:23] "GET /users/hosts/?page=1&host_query=%7B%22name_field%22:%22%22,%22zone_field%22:%22%22%7D HTTP/1.1" 200 -
127.0.0.1 - - [19/Sep/2018 10:09:23] "GET /users/hosts/zone/ HTTP/1.1" 200 -
127.0.0.1 - - [19/Sep/2018 10:09:23] "GET /users/hosts/type/ HTTP/1.1" 200 -
--------------------------------------------------------------------------------
ERROR in middleware [/opt/samba/xdata/xdata/xdata_api/libs/middleware.py:40]:
'User'
--------------------------------------------------------------------------------
Traceback (most recent call last):
  File "/opt/samba/xdata/xdata/xdata_api/venv/lib/python3.6/site-packages/flask/app.py", line 1612, in full_dispatch_request
    rv = self.dispatch_request()
  File "/opt/samba/xdata/xdata/xdata_api/venv/lib/python3.6/site-packages/flask/app.py", line 1598, in dispatch_request
    return self.view_functions[rule.endpoint](**req.view_args)
  File "/opt/samba/xdata/xdata/xdata_api/libs/decorators.py", line 28, in wrapper
    return func(*args, **kwargs)
  File "/opt/samba/xdata/xdata/xdata_api/apps/users/host.py", line 29, in get
    if form.User.query.get('name_field'):
  File "/opt/samba/xdata/xdata/xdata_api/libs/tools.py", line 61, in __getattr__
    return self.__getitem__(item)
KeyError: 'User'
127.0.0.1 - - [19/Sep/2018 10:11:38] "GET /users/hosts/?page=1&host_query=%7B%22name_field%22:%22%22,%22zone_field%22:%22%22%7D HTTP/1.1" 200 -
127.0.0.1 - - [19/Sep/2018 10:11:38] "GET /users/hosts/zone/ HTTP/1.1" 200 -
127.0.0.1 - - [19/Sep/2018 10:11:38] "GET /users/hosts/type/ HTTP/1.1" 200 -
127.0.0.1 - - [19/Sep/2018 10:12:21] "GET /assets/hosts/?page=1&host_query=%7B%22name_field%22:%22%22,%22zone_field%22:%22%22%7D HTTP/1.1" 200 -
127.0.0.1 - - [19/Sep/2018 10:12:21] "GET /assets/hosts/zone/ HTTP/1.1" 200 -
--------------------------------------------------------------------------------
ERROR in middleware [/opt/samba/xdata/xdata/xdata_api/libs/middleware.py:40]:
'User'
--------------------------------------------------------------------------------
Traceback (most recent call last):
  File "/opt/samba/xdata/xdata/xdata_api/venv/lib/python3.6/site-packages/flask/app.py", line 1612, in full_dispatch_request
    rv = self.dispatch_request()
  File "/opt/samba/xdata/xdata/xdata_api/venv/lib/python3.6/site-packages/flask/app.py", line 1598, in dispatch_request
    return self.view_functions[rule.endpoint](**req.view_args)
  File "/opt/samba/xdata/xdata/xdata_api/libs/decorators.py", line 28, in wrapper
    return func(*args, **kwargs)
  File "/opt/samba/xdata/xdata/xdata_api/apps/users/host.py", line 29, in get
    if form.User.query.get('name_field'):
  File "/opt/samba/xdata/xdata/xdata_api/libs/tools.py", line 61, in __getattr__
    return self.__getitem__(item)
KeyError: 'User'
127.0.0.1 - - [19/Sep/2018 10:12:23] "GET /users/hosts/?page=1&host_query=%7B%22name_field%22:%22%22,%22zone_field%22:%22%22%7D HTTP/1.1" 200 -
127.0.0.1 - - [19/Sep/2018 10:12:23] "GET /users/hosts/zone/ HTTP/1.1" 200 -
127.0.0.1 - - [19/Sep/2018 10:12:23] "GET /users/hosts/type/ HTTP/1.1" 200 -
127.0.0.1 - - [19/Sep/2018 10:13:20] "GET /home/ HTTP/1.1" 401 -
127.0.0.1 - - [19/Sep/2018 10:13:22] "POST /account/users/login/ HTTP/1.1" 200 -
127.0.0.1 - - [19/Sep/2018 10:13:22] "GET /home/ HTTP/1.1" 200 -
127.0.0.1 - - [19/Sep/2018 10:13:32] "GET /home/ HTTP/1.1" 200 -
127.0.0.1 - - [19/Sep/2018 10:13:42] "GET /assets/hosts/?page=1&host_query=%7B%22name_field%22:%22%22,%22zone_field%22:%22%22%7D HTTP/1.1" 200 -
127.0.0.1 - - [19/Sep/2018 10:13:42] "GET /assets/hosts/zone/ HTTP/1.1" 200 -
127.0.0.1 - - [19/Sep/2018 10:13:48] "GET /home/ HTTP/1.1" 200 -
127.0.0.1 - - [19/Sep/2018 10:13:51] "GET /account/users/?page=1&name= HTTP/1.1" 200 -
127.0.0.1 - - [19/Sep/2018 10:13:51] "GET /account/roles/ HTTP/1.1" 200 -
127.0.0.1 - - [19/Sep/2018 10:13:51] "GET /account/roles/ HTTP/1.1" 200 -
127.0.0.1 - - [19/Sep/2018 10:13:53] "GET /account/roles/1/permissions HTTP/1.1" 200 -
127.0.0.1 - - [19/Sep/2018 10:15:56] "GET /home/ HTTP/1.1" 200 -
127.0.0.1 - - [19/Sep/2018 10:15:58] "GET /account/users/logout/ HTTP/1.1" 200 -
127.0.0.1 - - [19/Sep/2018 10:16:01] "POST /account/users/login/ HTTP/1.1" 200 -
127.0.0.1 - - [19/Sep/2018 10:16:02] "GET /home/ HTTP/1.1" 200 -
127.0.0.1 - - [19/Sep/2018 10:17:57] "GET /assets/hosts/?page=1&host_query=%7B%22name_field%22:%22%22,%22zone_field%22:%22%22%7D HTTP/1.1" 401 -
127.0.0.1 - - [19/Sep/2018 10:17:57] "GET /assets/hosts/zone/ HTTP/1.1" 401 -
127.0.0.1 - - [19/Sep/2018 10:17:59] "POST /account/users/login/ HTTP/1.1" 200 -
127.0.0.1 - - [19/Sep/2018 10:17:59] "GET /home/ HTTP/1.1" 200 -
127.0.0.1 - - [19/Sep/2018 10:18:09] "GET /users/hosts/?page=1&host_query=%7B%22name_field%22:%22%22,%22zone_field%22:%22%22%7D HTTP/1.1" 401 -
127.0.0.1 - - [19/Sep/2018 10:18:09] "GET /users/hosts/zone/ HTTP/1.1" 401 -
127.0.0.1 - - [19/Sep/2018 10:18:09] "GET /users/hosts/type/ HTTP/1.1" 401 -
127.0.0.1 - - [19/Sep/2018 10:18:15] "POST /account/users/login/ HTTP/1.1" 200 -
127.0.0.1 - - [19/Sep/2018 10:18:15] "GET /home/ HTTP/1.1" 200 -
--------------------------------------------------------------------------------
ERROR in middleware [/opt/samba/xdata/xdata/xdata_api/libs/middleware.py:40]:
'User'
--------------------------------------------------------------------------------
Traceback (most recent call last):
  File "/opt/samba/xdata/xdata/xdata_api/venv/lib/python3.6/site-packages/flask/app.py", line 1612, in full_dispatch_request
    rv = self.dispatch_request()
  File "/opt/samba/xdata/xdata/xdata_api/venv/lib/python3.6/site-packages/flask/app.py", line 1598, in dispatch_request
    return self.view_functions[rule.endpoint](**req.view_args)
  File "/opt/samba/xdata/xdata/xdata_api/libs/decorators.py", line 28, in wrapper
    return func(*args, **kwargs)
  File "/opt/samba/xdata/xdata/xdata_api/apps/users/host.py", line 29, in get
    if form.User.query.get('name_field'):
  File "/opt/samba/xdata/xdata/xdata_api/libs/tools.py", line 61, in __getattr__
    return self.__getitem__(item)
KeyError: 'User'
127.0.0.1 - - [19/Sep/2018 10:18:18] "GET /users/hosts/?page=1&host_query=%7B%22name_field%22:%22%22,%22zone_field%22:%22%22%7D HTTP/1.1" 200 -
127.0.0.1 - - [19/Sep/2018 10:18:18] "GET /users/hosts/type/ HTTP/1.1" 200 -
127.0.0.1 - - [19/Sep/2018 10:18:18] "GET /users/hosts/zone/ HTTP/1.1" 200 -
127.0.0.1 - - [19/Sep/2018 10:20:28] "GET /users/hosts/type/ HTTP/1.1" 200 -
--------------------------------------------------------------------------------
ERROR in middleware [/opt/samba/xdata/xdata/xdata_api/libs/middleware.py:40]:
'User'
--------------------------------------------------------------------------------
Traceback (most recent call last):
  File "/opt/samba/xdata/xdata/xdata_api/venv/lib/python3.6/site-packages/flask/app.py", line 1612, in full_dispatch_request
    rv = self.dispatch_request()
  File "/opt/samba/xdata/xdata/xdata_api/venv/lib/python3.6/site-packages/flask/app.py", line 1598, in dispatch_request
    return self.view_functions[rule.endpoint](**req.view_args)
  File "/opt/samba/xdata/xdata/xdata_api/libs/decorators.py", line 28, in wrapper
    return func(*args, **kwargs)
  File "/opt/samba/xdata/xdata/xdata_api/apps/users/host.py", line 29, in get
    if form.User.query.get('name_field'):
  File "/opt/samba/xdata/xdata/xdata_api/libs/tools.py", line 61, in __getattr__
    return self.__getitem__(item)
KeyError: 'User'
127.0.0.1 - - [19/Sep/2018 10:20:28] "GET /users/hosts/?page=1&host_query=%7B%22name_field%22:%22%22,%22zone_field%22:%22%22%7D HTTP/1.1" 200 -
127.0.0.1 - - [19/Sep/2018 10:20:28] "GET /users/hosts/zone/ HTTP/1.1" 200 -
127.0.0.1 - - [19/Sep/2018 10:20:35] "GET /account/users/logout/ HTTP/1.1" 200 -
127.0.0.1 - - [19/Sep/2018 10:20:38] "POST /account/users/login/ HTTP/1.1" 200 -
127.0.0.1 - - [19/Sep/2018 10:20:39] "GET /home/ HTTP/1.1" 200 -
--------------------------------------------------------------------------------
ERROR in middleware [/opt/samba/xdata/xdata/xdata_api/libs/middleware.py:40]:
'User'
--------------------------------------------------------------------------------
Traceback (most recent call last):
  File "/opt/samba/xdata/xdata/xdata_api/venv/lib/python3.6/site-packages/flask/app.py", line 1612, in full_dispatch_request
    rv = self.dispatch_request()
  File "/opt/samba/xdata/xdata/xdata_api/venv/lib/python3.6/site-packages/flask/app.py", line 1598, in dispatch_request
    return self.view_functions[rule.endpoint](**req.view_args)
  File "/opt/samba/xdata/xdata/xdata_api/libs/decorators.py", line 28, in wrapper
    return func(*args, **kwargs)
  File "/opt/samba/xdata/xdata/xdata_api/apps/users/host.py", line 29, in get
    if form.User.query.get('name_field'):
  File "/opt/samba/xdata/xdata/xdata_api/libs/tools.py", line 61, in __getattr__
    return self.__getitem__(item)
KeyError: 'User'
127.0.0.1 - - [19/Sep/2018 10:20:41] "GET /users/hosts/?page=1&host_query=%7B%22name_field%22:%22%22,%22zone_field%22:%22%22%7D HTTP/1.1" 200 -
127.0.0.1 - - [19/Sep/2018 10:20:41] "GET /users/hosts/zone/ HTTP/1.1" 200 -
127.0.0.1 - - [19/Sep/2018 10:20:41] "GET /users/hosts/type/ HTTP/1.1" 200 -
--------------------------------------------------------------------------------
ERROR in middleware [/opt/samba/xdata/xdata/xdata_api/libs/middleware.py:40]:
'User'
--------------------------------------------------------------------------------
Traceback (most recent call last):
  File "/opt/samba/xdata/xdata/xdata_api/venv/lib/python3.6/site-packages/flask/app.py", line 1612, in full_dispatch_request
    rv = self.dispatch_request()
  File "/opt/samba/xdata/xdata/xdata_api/venv/lib/python3.6/site-packages/flask/app.py", line 1598, in dispatch_request
    return self.view_functions[rule.endpoint](**req.view_args)
  File "/opt/samba/xdata/xdata/xdata_api/libs/decorators.py", line 28, in wrapper
    return func(*args, **kwargs)
  File "/opt/samba/xdata/xdata/xdata_api/apps/users/host.py", line 29, in get
    if form.User.query.get('name_field'):
  File "/opt/samba/xdata/xdata/xdata_api/libs/tools.py", line 61, in __getattr__
    return self.__getitem__(item)
KeyError: 'User'
127.0.0.1 - - [19/Sep/2018 10:20:59] "GET /users/hosts/?page=1&host_query=%7B%22name_field%22:%22%22,%22zone_field%22:%22%22%7D HTTP/1.1" 200 -
127.0.0.1 - - [19/Sep/2018 10:20:59] "GET /users/hosts/zone/ HTTP/1.1" 200 -
127.0.0.1 - - [19/Sep/2018 10:20:59] "GET /users/hosts/type/ HTTP/1.1" 200 -
--------------------------------------------------------------------------------
ERROR in middleware [/opt/samba/xdata/xdata/xdata_api/libs/middleware.py:40]:
'User'
--------------------------------------------------------------------------------
Traceback (most recent call last):
  File "/opt/samba/xdata/xdata/xdata_api/venv/lib/python3.6/site-packages/flask/app.py", line 1612, in full_dispatch_request
    rv = self.dispatch_request()
  File "/opt/samba/xdata/xdata/xdata_api/venv/lib/python3.6/site-packages/flask/app.py", line 1598, in dispatch_request
    return self.view_functions[rule.endpoint](**req.view_args)
  File "/opt/samba/xdata/xdata/xdata_api/libs/decorators.py", line 28, in wrapper
    return func(*args, **kwargs)
  File "/opt/samba/xdata/xdata/xdata_api/apps/users/host.py", line 29, in get
    if form.User.query.get('name_field'):
  File "/opt/samba/xdata/xdata/xdata_api/libs/tools.py", line 61, in __getattr__
    return self.__getitem__(item)
KeyError: 'User'
127.0.0.1 - - [19/Sep/2018 10:21:20] "GET /users/hosts/?page=1&host_query=%7B%22name_field%22:%22%22,%22zone_field%22:%22%22%7D HTTP/1.1" 200 -
127.0.0.1 - - [19/Sep/2018 10:21:20] "GET /users/hosts/zone/ HTTP/1.1" 200 -
127.0.0.1 - - [19/Sep/2018 10:21:20] "GET /users/hosts/type/ HTTP/1.1" 200 -
 * Detected change in '/opt/samba/xdata/xdata/xdata_api/apps/users/host.py', reloading
host_ng {'page': 1, 'pagesize': 10, 'host_query': {'name_field': '', 'zone_field': ''}}
host_ng {'page': 1, 'pagesize': 10, 'host_query': {'name_field': '', 'zone_field': ''}}
 * Restarting with stat
 * Debugger is active!
 * Debugger PIN: 286-050-437
--------------------------------------------------------------------------------
ERROR in middleware [/opt/samba/xdata/xdata/xdata_api/libs/middleware.py:40]:
'User'
--------------------------------------------------------------------------------
Traceback (most recent call last):
  File "/opt/samba/xdata/xdata/xdata_api/venv/lib/python3.6/site-packages/flask/app.py", line 1612, in full_dispatch_request
    rv = self.dispatch_request()
  File "/opt/samba/xdata/xdata/xdata_api/venv/lib/python3.6/site-packages/flask/app.py", line 1598, in dispatch_request
    return self.view_functions[rule.endpoint](**req.view_args)
  File "/opt/samba/xdata/xdata/xdata_api/libs/decorators.py", line 28, in wrapper
    return func(*args, **kwargs)
  File "/opt/samba/xdata/xdata/xdata_api/apps/users/host.py", line 25, in get
    if form.User.query.get('name_field'):
  File "/opt/samba/xdata/xdata/xdata_api/libs/tools.py", line 61, in __getattr__
    return self.__getitem__(item)
KeyError: 'User'
127.0.0.1 - - [19/Sep/2018 10:22:33] "GET /users/hosts/?page=1&host_query=%7B%22name_field%22:%22%22,%22zone_field%22:%22%22%7D HTTP/1.1" 200 -
127.0.0.1 - - [19/Sep/2018 10:22:33] "GET /users/hosts/zone/ HTTP/1.1" 404 -
127.0.0.1 - - [19/Sep/2018 10:22:33] "GET /users/hosts/type/ HTTP/1.1" 404 -
 * Detected change in '/opt/samba/xdata/xdata/xdata_api/apps/users/host.py', reloading
 * Restarting with stat
 * Debugger is active!
 * Debugger PIN: 286-050-437
--------------------------------------------------------------------------------
ERROR in middleware [/opt/samba/xdata/xdata/xdata_api/libs/middleware.py:40]:
'User'
--------------------------------------------------------------------------------
Traceback (most recent call last):
  File "/opt/samba/xdata/xdata/xdata_api/venv/lib/python3.6/site-packages/flask/app.py", line 1612, in full_dispatch_request
    rv = self.dispatch_request()
  File "/opt/samba/xdata/xdata/xdata_api/venv/lib/python3.6/site-packages/flask/app.py", line 1598, in dispatch_request
    return self.view_functions[rule.endpoint](**req.view_args)
  File "/opt/samba/xdata/xdata/xdata_api/libs/decorators.py", line 28, in wrapper
    return func(*args, **kwargs)
  File "/opt/samba/xdata/xdata/xdata_api/apps/users/host.py", line 25, in get
    if form.User.query.get('name_field'):
  File "/opt/samba/xdata/xdata/xdata_api/libs/tools.py", line 61, in __getattr__
    return self.__getitem__(item)
KeyError: 'User'
127.0.0.1 - - [19/Sep/2018 10:23:14] "GET /users/hosts/?page=1&host_query=%7B%22name_field%22:%22%22,%22zone_field%22:%22%22%7D HTTP/1.1" 200 -
127.0.0.1 - - [19/Sep/2018 10:23:14] "GET /users/hosts/zone/ HTTP/1.1" 200 -
127.0.0.1 - - [19/Sep/2018 10:23:14] "GET /users/hosts/type/ HTTP/1.1" 200 -
172.16.6.253 - - [19/Sep/2018 10:24:04] "GET /users/hosts/type/ HTTP/1.1" 401 -
172.16.6.253 - - [19/Sep/2018 10:24:22] "GET /users/hosts/type/ HTTP/1.1" 401 -
172.16.6.253 - - [19/Sep/2018 10:24:29] "GET /users/hosts/type/ HTTP/1.1" 401 -
172.16.6.253 - - [19/Sep/2018 10:24:41] "GET /users/hosts/type/ HTTP/1.1" 200 -
172.16.6.253 - - [19/Sep/2018 10:24:48] "GET /users/hosts/zone/ HTTP/1.1" 200 -
--------------------------------------------------------------------------------
ERROR in middleware [/opt/samba/xdata/xdata/xdata_api/libs/middleware.py:40]:
'User'
--------------------------------------------------------------------------------
Traceback (most recent call last):
  File "/opt/samba/xdata/xdata/xdata_api/venv/lib/python3.6/site-packages/flask/app.py", line 1612, in full_dispatch_request
    rv = self.dispatch_request()
  File "/opt/samba/xdata/xdata/xdata_api/venv/lib/python3.6/site-packages/flask/app.py", line 1598, in dispatch_request
    return self.view_functions[rule.endpoint](**req.view_args)
  File "/opt/samba/xdata/xdata/xdata_api/libs/decorators.py", line 28, in wrapper
    return func(*args, **kwargs)
  File "/opt/samba/xdata/xdata/xdata_api/apps/users/host.py", line 25, in get
    if form.User.query.get('name_field'):
  File "/opt/samba/xdata/xdata/xdata_api/libs/tools.py", line 61, in __getattr__
    return self.__getitem__(item)
KeyError: 'User'
127.0.0.1 - - [19/Sep/2018 10:25:15] "GET /users/hosts/?page=1&host_query=%7B%22name_field%22:%22%22,%22zone_field%22:%22%22%7D HTTP/1.1" 200 -
127.0.0.1 - - [19/Sep/2018 10:25:15] "GET /users/hosts/zone/ HTTP/1.1" 200 -
127.0.0.1 - - [19/Sep/2018 10:25:15] "GET /users/hosts/type/ HTTP/1.1" 200 -
172.16.6.253 - - [19/Sep/2018 10:26:17] "GET /users/hosts/zone/ HTTP/1.1" 200 -
--------------------------------------------------------------------------------
ERROR in middleware [/opt/samba/xdata/xdata/xdata_api/libs/middleware.py:40]:
'User'
--------------------------------------------------------------------------------
Traceback (most recent call last):
  File "/opt/samba/xdata/xdata/xdata_api/venv/lib/python3.6/site-packages/flask/app.py", line 1612, in full_dispatch_request
    rv = self.dispatch_request()
  File "/opt/samba/xdata/xdata/xdata_api/venv/lib/python3.6/site-packages/flask/app.py", line 1598, in dispatch_request
    return self.view_functions[rule.endpoint](**req.view_args)
  File "/opt/samba/xdata/xdata/xdata_api/libs/decorators.py", line 28, in wrapper
    return func(*args, **kwargs)
  File "/opt/samba/xdata/xdata/xdata_api/apps/users/host.py", line 25, in get
    if form.User.query.get('name_field'):
  File "/opt/samba/xdata/xdata/xdata_api/libs/tools.py", line 61, in __getattr__
    return self.__getitem__(item)
KeyError: 'User'
172.16.6.253 - - [19/Sep/2018 10:26:23] "GET /users/hosts/ HTTP/1.1" 200 -
172.16.6.253 - - [19/Sep/2018 10:27:26] "GET /users/hosts/1 HTTP/1.1" 405 -
--------------------------------------------------------------------------------
ERROR in middleware [/opt/samba/xdata/xdata/xdata_api/libs/middleware.py:40]:
'User'
--------------------------------------------------------------------------------
Traceback (most recent call last):
  File "/opt/samba/xdata/xdata/xdata_api/venv/lib/python3.6/site-packages/flask/app.py", line 1612, in full_dispatch_request
    rv = self.dispatch_request()
  File "/opt/samba/xdata/xdata/xdata_api/venv/lib/python3.6/site-packages/flask/app.py", line 1598, in dispatch_request
    return self.view_functions[rule.endpoint](**req.view_args)
  File "/opt/samba/xdata/xdata/xdata_api/libs/decorators.py", line 28, in wrapper
    return func(*args, **kwargs)
  File "/opt/samba/xdata/xdata/xdata_api/apps/users/host.py", line 25, in get
    if form.User.query.get('name_field'):
  File "/opt/samba/xdata/xdata/xdata_api/libs/tools.py", line 61, in __getattr__
    return self.__getitem__(item)
KeyError: 'User'
172.16.6.253 - - [19/Sep/2018 10:27:37] "GET /users/hosts/?page=1 HTTP/1.1" 200 -
--------------------------------------------------------------------------------
ERROR in middleware [/opt/samba/xdata/xdata/xdata_api/libs/middleware.py:40]:
'User'
--------------------------------------------------------------------------------
Traceback (most recent call last):
  File "/opt/samba/xdata/xdata/xdata_api/venv/lib/python3.6/site-packages/flask/app.py", line 1612, in full_dispatch_request
    rv = self.dispatch_request()
  File "/opt/samba/xdata/xdata/xdata_api/venv/lib/python3.6/site-packages/flask/app.py", line 1598, in dispatch_request
    return self.view_functions[rule.endpoint](**req.view_args)
  File "/opt/samba/xdata/xdata/xdata_api/libs/decorators.py", line 28, in wrapper
    return func(*args, **kwargs)
  File "/opt/samba/xdata/xdata/xdata_api/apps/users/host.py", line 25, in get
    if form.User.query.get('name_field'):
  File "/opt/samba/xdata/xdata/xdata_api/libs/tools.py", line 61, in __getattr__
    return self.__getitem__(item)
KeyError: 'User'
172.16.6.253 - - [19/Sep/2018 10:27:46] "GET /users/hosts/ HTTP/1.1" 200 -
 * Detected change in '/opt/samba/xdata/xdata/xdata_api/apps/users/host.py', reloading
 * Restarting with stat
 * Debugger is active!
 * Debugger PIN: 286-050-437
--------------------------------------------------------------------------------
ERROR in middleware [/opt/samba/xdata/xdata/xdata_api/libs/middleware.py:40]:
name 'Host' is not defined
--------------------------------------------------------------------------------
Traceback (most recent call last):
  File "/opt/samba/xdata/xdata/xdata_api/venv/lib/python3.6/site-packages/flask/app.py", line 1612, in full_dispatch_request
    rv = self.dispatch_request()
  File "/opt/samba/xdata/xdata/xdata_api/venv/lib/python3.6/site-packages/flask/app.py", line 1598, in dispatch_request
    return self.view_functions[rule.endpoint](**req.view_args)
  File "/opt/samba/xdata/xdata/xdata_api/libs/decorators.py", line 28, in wrapper
    return func(*args, **kwargs)
  File "/opt/samba/xdata/xdata/xdata_api/apps/users/host.py", line 43, in get
    host_data = Host.query
NameError: name 'Host' is not defined
172.16.6.253 - - [19/Sep/2018 10:29:04] "GET /users/hosts/ HTTP/1.1" 200 -
 * Detected change in '/opt/samba/xdata/xdata/xdata_api/apps/users/host.py', reloading
 * Restarting with stat
 * Debugger is active!
 * Debugger PIN: 286-050-437
--------------------------------------------------------------------------------
ERROR in middleware [/opt/samba/xdata/xdata/xdata_api/libs/middleware.py:40]:
'Host'
--------------------------------------------------------------------------------
Traceback (most recent call last):
  File "/opt/samba/xdata/xdata/xdata_api/venv/lib/python3.6/site-packages/flask/app.py", line 1612, in full_dispatch_request
    rv = self.dispatch_request()
  File "/opt/samba/xdata/xdata/xdata_api/venv/lib/python3.6/site-packages/flask/app.py", line 1598, in dispatch_request
    return self.view_functions[rule.endpoint](**req.view_args)
  File "/opt/samba/xdata/xdata/xdata_api/libs/decorators.py", line 28, in wrapper
    return func(*args, **kwargs)
  File "/opt/samba/xdata/xdata/xdata_api/apps/users/host.py", line 47, in get
    if form.Host.query.get('name_field'):
  File "/opt/samba/xdata/xdata/xdata_api/libs/tools.py", line 61, in __getattr__
    return self.__getitem__(item)
KeyError: 'Host'
172.16.6.253 - - [19/Sep/2018 10:29:28] "GET /users/hosts/ HTTP/1.1" 200 -
127.0.0.1 - - [19/Sep/2018 10:29:41] "GET /assets/hosts/?page=1&host_query=%7B%22name_field%22:%22%22,%22zone_field%22:%22%22%7D HTTP/1.1" 200 -
127.0.0.1 - - [19/Sep/2018 10:29:41] "GET /assets/hosts/zone/ HTTP/1.1" 200 -
127.0.0.1 - - [19/Sep/2018 10:29:48] "GET /assets/hosts/?page=1&host_query=%7B%22name_field%22:%22%22,%22zone_field%22:%22%22%7D HTTP/1.1" 200 -
127.0.0.1 - - [19/Sep/2018 10:29:48] "GET /assets/hosts/zone/ HTTP/1.1" 200 -
127.0.0.1 - - [19/Sep/2018 10:30:02] "GET /assets/hosts_exec/tpl/?page=1&tpl_query=%7B%22name_field%22:%22%22,%22type_field%22:%22%22%7D HTTP/1.1" 200 -
127.0.0.1 - - [19/Sep/2018 10:30:02] "GET /assets/hosts_exec/tpl_type HTTP/1.1" 200 -
127.0.0.1 - - [19/Sep/2018 10:30:07] "GET /assets/hosts/?page=1&host_query=%7B%22name_field%22:%22%22,%22zone_field%22:%22%22%7D HTTP/1.1" 200 -
127.0.0.1 - - [19/Sep/2018 10:30:07] "GET /assets/hosts/zone/ HTTP/1.1" 200 -
127.0.0.1 - - [19/Sep/2018 10:30:11] "GET /assets/hosts/?page=1&host_query=%7B%22name_field%22:%22%22,%22zone_field%22:%22%22%7D HTTP/1.1" 200 -
 * Detected change in '/opt/samba/xdata/xdata/xdata_api/apps/users/host.py', reloading
host_ng {'page': 1, 'pagesize': 10, 'host_query': {'name_field': '', 'zone_field': ''}}
host_ng {'page': 1, 'pagesize': 10, 'host_query': {'name_field': '', 'zone_field': ''}}
host_ng {'page': 1, 'pagesize': 10, 'host_query': {'name_field': '', 'zone_field': ''}}
host_ng {'page': 1, 'pagesize': 10, 'host_query': {'name_field': '', 'zone_field': ''}}
 * Restarting with stat
 * Debugger is active!
 * Debugger PIN: 286-050-437
127.0.0.1 - - [19/Sep/2018 10:31:45] "GET /users/hosts/?page=1&host_query=%7B%22name_field%22:%22%22,%22zone_field%22:%22%22%7D HTTP/1.1" 200 -
127.0.0.1 - - [19/Sep/2018 10:31:45] "GET /users/hosts/zone/ HTTP/1.1" 200 -
127.0.0.1 - - [19/Sep/2018 10:31:45] "GET /users/hosts/type/ HTTP/1.1" 200 -
127.0.0.1 - - [19/Sep/2018 10:31:47] "GET /users/hosts/?page=1&host_query=%7B%22name_field%22:%22%22,%22zone_field%22:%22%22%7D HTTP/1.1" 200 -
127.0.0.1 - - [19/Sep/2018 10:31:47] "GET /users/hosts/zone/ HTTP/1.1" 200 -
127.0.0.1 - - [19/Sep/2018 10:31:47] "GET /users/hosts/type/ HTTP/1.1" 200 -
172.16.6.253 - - [19/Sep/2018 10:31:51] "GET /users/hosts/ HTTP/1.1" 200 -
 * Detected change in '/opt/samba/xdata/xdata/xdata_api/apps/users/host.py', reloading
host_ng {'page': 1, 'pagesize': 10, 'host_query': {'name_field': '', 'zone_field': ''}}
host_ng {'page': 1, 'pagesize': 10, 'host_query': {'name_field': '', 'zone_field': ''}}
host_ng {'page': 1, 'pagesize': 10, 'host_query': {'name_field': '', 'zone_field': ''}}
 * Restarting with stat
 * Debugger is active!
 * Debugger PIN: 286-050-437
127.0.0.1 - - [19/Sep/2018 10:32:49] "GET /users/hosts/?page=1&host_query=%7B%22name_field%22:%22%22,%22zone_field%22:%22%22%7D HTTP/1.1" 200 -
127.0.0.1 - - [19/Sep/2018 10:32:49] "GET /users/hosts/zone/ HTTP/1.1" 200 -
127.0.0.1 - - [19/Sep/2018 10:32:49] "GET /users/hosts/type/ HTTP/1.1" 200 -
127.0.0.1 - - [19/Sep/2018 10:32:55] "GET /users/hosts/?page=1&host_query=%7B%22name_field%22:%22%22,%22zone_field%22:%22%22%7D HTTP/1.1" 200 -
127.0.0.1 - - [19/Sep/2018 10:32:55] "GET /users/hosts/zone/ HTTP/1.1" 200 -
127.0.0.1 - - [19/Sep/2018 10:32:55] "GET /users/hosts/type/ HTTP/1.1" 200 -
127.0.0.1 - - [19/Sep/2018 10:32:59] "GET /users/hosts/1/extend/ HTTP/1.1" 404 -
127.0.0.1 - - [19/Sep/2018 10:33:01] "GET /users/hosts/1/extend/ HTTP/1.1" 404 -
172.16.6.253 - - [19/Sep/2018 10:33:04] "GET /users/hosts/ HTTP/1.1" 200 -
 * Detected change in '/opt/samba/xdata/xdata/xdata_api/apps/users/host.py', reloading
host_ng {'page': 1, 'pagesize': 10, 'host_query': {'name_field': '', 'zone_field': ''}}
host_ng {'page': 1, 'pagesize': 10, 'host_query': {'name_field': '', 'zone_field': ''}}
host_ng {'page': 1, 'pagesize': 10, 'host_query': {'name_field': '', 'zone_field': ''}}
 * Restarting with stat
 * Debugger is active!
 * Debugger PIN: 286-050-437
127.0.0.1 - - [19/Sep/2018 10:33:50] "GET /users/hosts/?page=1&host_query=%7B%22name_field%22:%22%22,%22zone_field%22:%22%22%7D HTTP/1.1" 200 -
127.0.0.1 - - [19/Sep/2018 10:33:50] "GET /users/hosts/zone/ HTTP/1.1" 200 -
127.0.0.1 - - [19/Sep/2018 10:33:50] "GET /users/hosts/type/ HTTP/1.1" 200 -
127.0.0.1 - - [19/Sep/2018 10:34:34] "POST /users/hosts/ HTTP/1.1" 200 -
127.0.0.1 - - [19/Sep/2018 10:34:34] "GET /users/hosts/?page=1&host_query=%7B%22name_field%22:%22%22,%22zone_field%22:%22%22%7D HTTP/1.1" 200 -
127.0.0.1 - - [19/Sep/2018 10:34:34] "GET /users/hosts/zone/ HTTP/1.1" 200 -
127.0.0.1 - - [19/Sep/2018 10:34:34] "GET /users/hosts/type/ HTTP/1.1" 200 -
127.0.0.1 - - [19/Sep/2018 10:35:03] "GET /users/hosts/?page=1&host_query=%7B%22name_field%22:%22%22,%22zone_field%22:%22%22%7D HTTP/1.1" 200 -
127.0.0.1 - - [19/Sep/2018 10:35:03] "GET /users/hosts/zone/ HTTP/1.1" 200 -
127.0.0.1 - - [19/Sep/2018 10:35:03] "GET /users/hosts/type/ HTTP/1.1" 200 -
127.0.0.1 - - [19/Sep/2018 10:35:03] "GET /users/hosts/?page=1&host_query=%7B%22name_field%22:%22%22,%22zone_field%22:%22%22%7D HTTP/1.1" 401 -
127.0.0.1 - - [19/Sep/2018 10:35:03] "GET /users/hosts/zone/ HTTP/1.1" 401 -
127.0.0.1 - - [19/Sep/2018 10:35:03] "GET /users/hosts/type/ HTTP/1.1" 401 -
127.0.0.1 - - [19/Sep/2018 10:35:09] "GET /users/hosts/?page=1&host_query=%7B%22name_field%22:%22%22,%22zone_field%22:%22%22%7D HTTP/1.1" 200 -
127.0.0.1 - - [19/Sep/2018 10:35:09] "GET /users/hosts/zone/ HTTP/1.1" 200 -
127.0.0.1 - - [19/Sep/2018 10:35:09] "GET /users/hosts/type/ HTTP/1.1" 200 -
127.0.0.1 - - [19/Sep/2018 10:35:14] "GET /users/hosts/4/extend/ HTTP/1.1" 404 -
127.0.0.1 - - [19/Sep/2018 10:35:19] "GET /users/hosts/?page=1&host_query=%7B%22name_field%22:%22%22,%22zone_field%22:%22%E5%8D%8E%E4%B8%9C1%E5%8C%BA%22%7D HTTP/1.1" 200 -
--------------------------------------------------------------------------------
ERROR in middleware [/opt/samba/xdata/xdata/xdata_api/libs/middleware.py:40]:
(pymysql.err.InternalError) (1366, "Incorrect integer value: 'ddd' for column 'db_port' at row 1") [SQL: 'INSERT INTO user_hosts (name, `desc`, type, zone, db_host, db_user, db_password, db_port) VALUES (%(name)s, %(desc)s, %(type)s, %(zone)s, %(db_host)s, %(db_user)s, %(db_password)s, %(db_port)s)'] [parameters: {'name': 'sss', 'desc': 'ddd', 'type': 'MYSQL', 'zone': '华东1区', 'db_host': 'ddd', 'db_user': 'ddd', 'db_password': 'ddd', 'db_port': 'ddd'}]
--------------------------------------------------------------------------------
Traceback (most recent call last):
  File "/opt/samba/xdata/xdata/xdata_api/venv/lib/python3.6/site-packages/sqlalchemy/engine/base.py", line 1182, in _execute_context
    context)
  File "/opt/samba/xdata/xdata/xdata_api/venv/lib/python3.6/site-packages/sqlalchemy/engine/default.py", line 470, in do_execute
    cursor.execute(statement, parameters)
  File "/opt/samba/xdata/xdata/xdata_api/venv/lib/python3.6/site-packages/pymysql/cursors.py", line 166, in execute
    result = self._query(query)
  File "/opt/samba/xdata/xdata/xdata_api/venv/lib/python3.6/site-packages/pymysql/cursors.py", line 322, in _query
    conn.query(q)
  File "/opt/samba/xdata/xdata/xdata_api/venv/lib/python3.6/site-packages/pymysql/connections.py", line 856, in query
    self._affected_rows = self._read_query_result(unbuffered=unbuffered)
  File "/opt/samba/xdata/xdata/xdata_api/venv/lib/python3.6/site-packages/pymysql/connections.py", line 1057, in _read_query_result
    result.read()
  File "/opt/samba/xdata/xdata/xdata_api/venv/lib/python3.6/site-packages/pymysql/connections.py", line 1340, in read
    first_packet = self.connection._read_packet()
  File "/opt/samba/xdata/xdata/xdata_api/venv/lib/python3.6/site-packages/pymysql/connections.py", line 1014, in _read_packet
    packet.check_error()
  File "/opt/samba/xdata/xdata/xdata_api/venv/lib/python3.6/site-packages/pymysql/connections.py", line 393, in check_error
    err.raise_mysql_exception(self._data)
  File "/opt/samba/xdata/xdata/xdata_api/venv/lib/python3.6/site-packages/pymysql/err.py", line 107, in raise_mysql_exception
    raise errorclass(errno, errval)
pymysql.err.InternalError: (1366, "Incorrect integer value: 'ddd' for column 'db_port' at row 1")

The above exception was the direct cause of the following exception:

Traceback (most recent call last):
  File "/opt/samba/xdata/xdata/xdata_api/venv/lib/python3.6/site-packages/flask/app.py", line 1612, in full_dispatch_request
    rv = self.dispatch_request()
  File "/opt/samba/xdata/xdata/xdata_api/venv/lib/python3.6/site-packages/flask/app.py", line 1598, in dispatch_request
    return self.view_functions[rule.endpoint](**req.view_args)
  File "/opt/samba/xdata/xdata/xdata_api/libs/decorators.py", line 28, in wrapper
    return func(*args, **kwargs)
  File "/opt/samba/xdata/xdata/xdata_api/apps/users/host.py", line 65, in post
    host.save()
  File "/opt/samba/xdata/xdata/xdata_api/libs/model.py", line 20, in save
    db_session_commit()
  File "/opt/samba/xdata/xdata/xdata_api/libs/model.py", line 6, in db_session_commit
    db.session.commit()
  File "/opt/samba/xdata/xdata/xdata_api/venv/lib/python3.6/site-packages/sqlalchemy/orm/scoping.py", line 157, in do
    return getattr(self.registry(), name)(*args, **kwargs)
  File "/opt/samba/xdata/xdata/xdata_api/venv/lib/python3.6/site-packages/sqlalchemy/orm/session.py", line 906, in commit
    self.transaction.commit()
  File "/opt/samba/xdata/xdata/xdata_api/venv/lib/python3.6/site-packages/sqlalchemy/orm/session.py", line 461, in commit
    self._prepare_impl()
  File "/opt/samba/xdata/xdata/xdata_api/venv/lib/python3.6/site-packages/sqlalchemy/orm/session.py", line 441, in _prepare_impl
    self.session.flush()
  File "/opt/samba/xdata/xdata/xdata_api/venv/lib/python3.6/site-packages/sqlalchemy/orm/session.py", line 2177, in flush
    self._flush(objects)
  File "/opt/samba/xdata/xdata/xdata_api/venv/lib/python3.6/site-packages/sqlalchemy/orm/session.py", line 2297, in _flush
    transaction.rollback(_capture_exception=True)
  File "/opt/samba/xdata/xdata/xdata_api/venv/lib/python3.6/site-packages/sqlalchemy/util/langhelpers.py", line 66, in __exit__
    compat.reraise(exc_type, exc_value, exc_tb)
  File "/opt/samba/xdata/xdata/xdata_api/venv/lib/python3.6/site-packages/sqlalchemy/util/compat.py", line 187, in reraise
    raise value
  File "/opt/samba/xdata/xdata/xdata_api/venv/lib/python3.6/site-packages/sqlalchemy/orm/session.py", line 2261, in _flush
    flush_context.execute()
  File "/opt/samba/xdata/xdata/xdata_api/venv/lib/python3.6/site-packages/sqlalchemy/orm/unitofwork.py", line 389, in execute
    rec.execute(self)
  File "/opt/samba/xdata/xdata/xdata_api/venv/lib/python3.6/site-packages/sqlalchemy/orm/unitofwork.py", line 548, in execute
    uow
  File "/opt/samba/xdata/xdata/xdata_api/venv/lib/python3.6/site-packages/sqlalchemy/orm/persistence.py", line 181, in save_obj
    mapper, table, insert)
  File "/opt/samba/xdata/xdata/xdata_api/venv/lib/python3.6/site-packages/sqlalchemy/orm/persistence.py", line 835, in _emit_insert_statements
    execute(statement, params)
  File "/opt/samba/xdata/xdata/xdata_api/venv/lib/python3.6/site-packages/sqlalchemy/engine/base.py", line 945, in execute
    return meth(self, multiparams, params)
  File "/opt/samba/xdata/xdata/xdata_api/venv/lib/python3.6/site-packages/sqlalchemy/sql/elements.py", line 263, in _execute_on_connection
    return connection._execute_clauseelement(self, multiparams, params)
  File "/opt/samba/xdata/xdata/xdata_api/venv/lib/python3.6/site-packages/sqlalchemy/engine/base.py", line 1053, in _execute_clauseelement
    compiled_sql, distilled_params
  File "/opt/samba/xdata/xdata/xdata_api/venv/lib/python3.6/site-packages/sqlalchemy/engine/base.py", line 1189, in _execute_context
    context)
  File "/opt/samba/xdata/xdata/xdata_api/venv/lib/python3.6/site-packages/sqlalchemy/engine/base.py", line 1402, in _handle_dbapi_exception
    exc_info
  File "/opt/samba/xdata/xdata/xdata_api/venv/lib/python3.6/site-packages/sqlalchemy/util/compat.py", line 203, in raise_from_cause
    reraise(type(exception), exception, tb=exc_tb, cause=cause)
  File "/opt/samba/xdata/xdata/xdata_api/venv/lib/python3.6/site-packages/sqlalchemy/util/compat.py", line 186, in reraise
    raise value.with_traceback(tb)
  File "/opt/samba/xdata/xdata/xdata_api/venv/lib/python3.6/site-packages/sqlalchemy/engine/base.py", line 1182, in _execute_context
    context)
  File "/opt/samba/xdata/xdata/xdata_api/venv/lib/python3.6/site-packages/sqlalchemy/engine/default.py", line 470, in do_execute
    cursor.execute(statement, parameters)
  File "/opt/samba/xdata/xdata/xdata_api/venv/lib/python3.6/site-packages/pymysql/cursors.py", line 166, in execute
    result = self._query(query)
  File "/opt/samba/xdata/xdata/xdata_api/venv/lib/python3.6/site-packages/pymysql/cursors.py", line 322, in _query
    conn.query(q)
  File "/opt/samba/xdata/xdata/xdata_api/venv/lib/python3.6/site-packages/pymysql/connections.py", line 856, in query
    self._affected_rows = self._read_query_result(unbuffered=unbuffered)
  File "/opt/samba/xdata/xdata/xdata_api/venv/lib/python3.6/site-packages/pymysql/connections.py", line 1057, in _read_query_result
    result.read()
  File "/opt/samba/xdata/xdata/xdata_api/venv/lib/python3.6/site-packages/pymysql/connections.py", line 1340, in read
    first_packet = self.connection._read_packet()
  File "/opt/samba/xdata/xdata/xdata_api/venv/lib/python3.6/site-packages/pymysql/connections.py", line 1014, in _read_packet
    packet.check_error()
  File "/opt/samba/xdata/xdata/xdata_api/venv/lib/python3.6/site-packages/pymysql/connections.py", line 393, in check_error
    err.raise_mysql_exception(self._data)
  File "/opt/samba/xdata/xdata/xdata_api/venv/lib/python3.6/site-packages/pymysql/err.py", line 107, in raise_mysql_exception
    raise errorclass(errno, errval)
sqlalchemy.exc.InternalError: (pymysql.err.InternalError) (1366, "Incorrect integer value: 'ddd' for column 'db_port' at row 1") [SQL: 'INSERT INTO user_hosts (name, `desc`, type, zone, db_host, db_user, db_password, db_port) VALUES (%(name)s, %(desc)s, %(type)s, %(zone)s, %(db_host)s, %(db_user)s, %(db_password)s, %(db_port)s)'] [parameters: {'name': 'sss', 'desc': 'ddd', 'type': 'MYSQL', 'zone': '华东1区', 'db_host': 'ddd', 'db_user': 'ddd', 'db_password': 'ddd', 'db_port': 'ddd'}]
127.0.0.1 - - [19/Sep/2018 10:35:48] "POST /users/hosts/ HTTP/1.1" 200 -
127.0.0.1 - - [19/Sep/2018 10:35:56] "POST /users/hosts/ HTTP/1.1" 200 -
127.0.0.1 - - [19/Sep/2018 10:35:56] "GET /users/hosts/?page=1&host_query=%7B%22name_field%22:%22%22,%22zone_field%22:%22%E5%8D%8E%E4%B8%9C1%E5%8C%BA%22,%22type_field%22:%22MYSQL%22%7D HTTP/1.1" 200 -
127.0.0.1 - - [19/Sep/2018 10:35:56] "GET /users/hosts/zone/ HTTP/1.1" 200 -
127.0.0.1 - - [19/Sep/2018 10:35:56] "GET /users/hosts/type/ HTTP/1.1" 200 -
127.0.0.1 - - [19/Sep/2018 10:36:27] "PUT /users/hosts/5 HTTP/1.1" 200 -
127.0.0.1 - - [19/Sep/2018 10:36:27] "GET /users/hosts/?page=1&host_query=%7B%22name_field%22:%22%22,%22zone_field%22:%22%E5%8D%8E%E4%B8%9C1%E5%8C%BA%22,%22type_field%22:%22MYSQL%22%7D HTTP/1.1" 200 -
127.0.0.1 - - [19/Sep/2018 10:36:27] "GET /users/hosts/zone/ HTTP/1.1" 200 -
127.0.0.1 - - [19/Sep/2018 10:36:27] "GET /users/hosts/type/ HTTP/1.1" 200 -
127.0.0.1 - - [19/Sep/2018 10:36:35] "GET /assets/hosts/?page=1&host_query=%7B%22name_field%22:%22%22,%22zone_field%22:%22%22%7D HTTP/1.1" 200 -
127.0.0.1 - - [19/Sep/2018 10:36:35] "GET /assets/hosts/zone/ HTTP/1.1" 200 -
127.0.0.1 - - [19/Sep/2018 10:36:44] "POST /assets/hosts/ HTTP/1.1" 200 -
127.0.0.1 - - [19/Sep/2018 10:36:45] "GET /assets/hosts/?page=1&host_query=%7B%22name_field%22:%22%22,%22zone_field%22:%22%22%7D HTTP/1.1" 200 -
127.0.0.1 - - [19/Sep/2018 10:36:45] "GET /assets/hosts/zone/ HTTP/1.1" 200 -
127.0.0.1 - - [19/Sep/2018 10:38:03] "GET /users/hosts/?page=1&host_query=%7B%22name_field%22:%22%22,%22zone_field%22:%22%22%7D HTTP/1.1" 200 -
127.0.0.1 - - [19/Sep/2018 10:38:03] "GET /users/hosts/zone/ HTTP/1.1" 200 -
127.0.0.1 - - [19/Sep/2018 10:38:03] "GET /users/hosts/type/ HTTP/1.1" 200 -
127.0.0.1 - - [19/Sep/2018 10:39:19] "GET /users/hosts/?page=1&host_query=%7B%22name_field%22:%22%22,%22zone_field%22:%22%22%7D HTTP/1.1" 200 -
127.0.0.1 - - [19/Sep/2018 10:39:19] "GET /users/hosts/zone/ HTTP/1.1" 200 -
127.0.0.1 - - [19/Sep/2018 10:39:19] "GET /users/hosts/type/ HTTP/1.1" 200 -
127.0.0.1 - - [19/Sep/2018 10:42:23] "GET /users/hosts/?page=1&host_query=%7B%22name_field%22:%22%22,%22zone_field%22:%22%22%7D HTTP/1.1" 200 -
127.0.0.1 - - [19/Sep/2018 10:42:23] "GET /users/hosts/zone/ HTTP/1.1" 200 -
127.0.0.1 - - [19/Sep/2018 10:42:23] "GET /users/hosts/type/ HTTP/1.1" 200 -
127.0.0.1 - - [19/Sep/2018 10:42:31] "GET /users/hosts/?page=1&host_query=%7B%22name_field%22:%22%22,%22zone_field%22:%22%22%7D HTTP/1.1" 200 -
127.0.0.1 - - [19/Sep/2018 10:42:31] "GET /users/hosts/zone/ HTTP/1.1" 200 -
127.0.0.1 - - [19/Sep/2018 10:42:31] "GET /users/hosts/type/ HTTP/1.1" 200 -
127.0.0.1 - - [19/Sep/2018 10:43:29] "GET /assets/hosts/?page=1&host_query=%7B%22name_field%22:%22%22,%22zone_field%22:%22%22%7D HTTP/1.1" 200 -
127.0.0.1 - - [19/Sep/2018 10:43:29] "GET /assets/hosts/zone/ HTTP/1.1" 200 -
--------------------------------------------------------------------------------
ERROR in middleware [/opt/samba/xdata/xdata/xdata_api/libs/middleware.py:40]:
(pymysql.err.InternalError) (1366, "Incorrect integer value: '多对多' for column 'ssh_port' at row 1") [SQL: 'INSERT INTO assets_hosts (name, `desc`, type, zone, docker_uri, ssh_ip, ssh_port) VALUES (%(name)s, %(desc)s, %(type)s, %(zone)s, %(docker_uri)s, %(ssh_ip)s, %(ssh_port)s)'] [parameters: {'name': '订单', 'desc': '订单', 'type': '多对多', 'zone': '公司环境', 'docker_uri': '订单', 'ssh_ip': '多对多', 'ssh_port': '多对多'}]
--------------------------------------------------------------------------------
Traceback (most recent call last):
  File "/opt/samba/xdata/xdata/xdata_api/venv/lib/python3.6/site-packages/sqlalchemy/engine/base.py", line 1182, in _execute_context
    context)
  File "/opt/samba/xdata/xdata/xdata_api/venv/lib/python3.6/site-packages/sqlalchemy/engine/default.py", line 470, in do_execute
    cursor.execute(statement, parameters)
  File "/opt/samba/xdata/xdata/xdata_api/venv/lib/python3.6/site-packages/pymysql/cursors.py", line 166, in execute
    result = self._query(query)
  File "/opt/samba/xdata/xdata/xdata_api/venv/lib/python3.6/site-packages/pymysql/cursors.py", line 322, in _query
    conn.query(q)
  File "/opt/samba/xdata/xdata/xdata_api/venv/lib/python3.6/site-packages/pymysql/connections.py", line 856, in query
    self._affected_rows = self._read_query_result(unbuffered=unbuffered)
  File "/opt/samba/xdata/xdata/xdata_api/venv/lib/python3.6/site-packages/pymysql/connections.py", line 1057, in _read_query_result
    result.read()
  File "/opt/samba/xdata/xdata/xdata_api/venv/lib/python3.6/site-packages/pymysql/connections.py", line 1340, in read
    first_packet = self.connection._read_packet()
  File "/opt/samba/xdata/xdata/xdata_api/venv/lib/python3.6/site-packages/pymysql/connections.py", line 1014, in _read_packet
    packet.check_error()
  File "/opt/samba/xdata/xdata/xdata_api/venv/lib/python3.6/site-packages/pymysql/connections.py", line 393, in check_error
    err.raise_mysql_exception(self._data)
  File "/opt/samba/xdata/xdata/xdata_api/venv/lib/python3.6/site-packages/pymysql/err.py", line 107, in raise_mysql_exception
    raise errorclass(errno, errval)
pymysql.err.InternalError: (1366, "Incorrect integer value: '多对多' for column 'ssh_port' at row 1")

The above exception was the direct cause of the following exception:

Traceback (most recent call last):
  File "/opt/samba/xdata/xdata/xdata_api/venv/lib/python3.6/site-packages/flask/app.py", line 1612, in full_dispatch_request
    rv = self.dispatch_request()
  File "/opt/samba/xdata/xdata/xdata_api/venv/lib/python3.6/site-packages/flask/app.py", line 1598, in dispatch_request
    return self.view_functions[rule.endpoint](**req.view_args)
  File "/opt/samba/xdata/xdata/xdata_api/libs/decorators.py", line 28, in wrapper
    return func(*args, **kwargs)
  File "/opt/samba/xdata/xdata/xdata_api/apps/assets/host.py", line 46, in post
    host.save()
  File "/opt/samba/xdata/xdata/xdata_api/libs/model.py", line 20, in save
    db_session_commit()
  File "/opt/samba/xdata/xdata/xdata_api/libs/model.py", line 6, in db_session_commit
    db.session.commit()
  File "/opt/samba/xdata/xdata/xdata_api/venv/lib/python3.6/site-packages/sqlalchemy/orm/scoping.py", line 157, in do
    return getattr(self.registry(), name)(*args, **kwargs)
  File "/opt/samba/xdata/xdata/xdata_api/venv/lib/python3.6/site-packages/sqlalchemy/orm/session.py", line 906, in commit
    self.transaction.commit()
  File "/opt/samba/xdata/xdata/xdata_api/venv/lib/python3.6/site-packages/sqlalchemy/orm/session.py", line 461, in commit
    self._prepare_impl()
  File "/opt/samba/xdata/xdata/xdata_api/venv/lib/python3.6/site-packages/sqlalchemy/orm/session.py", line 441, in _prepare_impl
    self.session.flush()
  File "/opt/samba/xdata/xdata/xdata_api/venv/lib/python3.6/site-packages/sqlalchemy/orm/session.py", line 2177, in flush
    self._flush(objects)
  File "/opt/samba/xdata/xdata/xdata_api/venv/lib/python3.6/site-packages/sqlalchemy/orm/session.py", line 2297, in _flush
    transaction.rollback(_capture_exception=True)
  File "/opt/samba/xdata/xdata/xdata_api/venv/lib/python3.6/site-packages/sqlalchemy/util/langhelpers.py", line 66, in __exit__
    compat.reraise(exc_type, exc_value, exc_tb)
  File "/opt/samba/xdata/xdata/xdata_api/venv/lib/python3.6/site-packages/sqlalchemy/util/compat.py", line 187, in reraise
    raise value
  File "/opt/samba/xdata/xdata/xdata_api/venv/lib/python3.6/site-packages/sqlalchemy/orm/session.py", line 2261, in _flush
    flush_context.execute()
  File "/opt/samba/xdata/xdata/xdata_api/venv/lib/python3.6/site-packages/sqlalchemy/orm/unitofwork.py", line 389, in execute
    rec.execute(self)
  File "/opt/samba/xdata/xdata/xdata_api/venv/lib/python3.6/site-packages/sqlalchemy/orm/unitofwork.py", line 548, in execute
    uow
  File "/opt/samba/xdata/xdata/xdata_api/venv/lib/python3.6/site-packages/sqlalchemy/orm/persistence.py", line 181, in save_obj
    mapper, table, insert)
  File "/opt/samba/xdata/xdata/xdata_api/venv/lib/python3.6/site-packages/sqlalchemy/orm/persistence.py", line 835, in _emit_insert_statements
    execute(statement, params)
  File "/opt/samba/xdata/xdata/xdata_api/venv/lib/python3.6/site-packages/sqlalchemy/engine/base.py", line 945, in execute
    return meth(self, multiparams, params)
  File "/opt/samba/xdata/xdata/xdata_api/venv/lib/python3.6/site-packages/sqlalchemy/sql/elements.py", line 263, in _execute_on_connection
    return connection._execute_clauseelement(self, multiparams, params)
  File "/opt/samba/xdata/xdata/xdata_api/venv/lib/python3.6/site-packages/sqlalchemy/engine/base.py", line 1053, in _execute_clauseelement
    compiled_sql, distilled_params
  File "/opt/samba/xdata/xdata/xdata_api/venv/lib/python3.6/site-packages/sqlalchemy/engine/base.py", line 1189, in _execute_context
    context)
  File "/opt/samba/xdata/xdata/xdata_api/venv/lib/python3.6/site-packages/sqlalchemy/engine/base.py", line 1402, in _handle_dbapi_exception
    exc_info
  File "/opt/samba/xdata/xdata/xdata_api/venv/lib/python3.6/site-packages/sqlalchemy/util/compat.py", line 203, in raise_from_cause
    reraise(type(exception), exception, tb=exc_tb, cause=cause)
  File "/opt/samba/xdata/xdata/xdata_api/venv/lib/python3.6/site-packages/sqlalchemy/util/compat.py", line 186, in reraise
    raise value.with_traceback(tb)
  File "/opt/samba/xdata/xdata/xdata_api/venv/lib/python3.6/site-packages/sqlalchemy/engine/base.py", line 1182, in _execute_context
    context)
  File "/opt/samba/xdata/xdata/xdata_api/venv/lib/python3.6/site-packages/sqlalchemy/engine/default.py", line 470, in do_execute
    cursor.execute(statement, parameters)
  File "/opt/samba/xdata/xdata/xdata_api/venv/lib/python3.6/site-packages/pymysql/cursors.py", line 166, in execute
    result = self._query(query)
  File "/opt/samba/xdata/xdata/xdata_api/venv/lib/python3.6/site-packages/pymysql/cursors.py", line 322, in _query
    conn.query(q)
  File "/opt/samba/xdata/xdata/xdata_api/venv/lib/python3.6/site-packages/pymysql/connections.py", line 856, in query
    self._affected_rows = self._read_query_result(unbuffered=unbuffered)
  File "/opt/samba/xdata/xdata/xdata_api/venv/lib/python3.6/site-packages/pymysql/connections.py", line 1057, in _read_query_result
    result.read()
  File "/opt/samba/xdata/xdata/xdata_api/venv/lib/python3.6/site-packages/pymysql/connections.py", line 1340, in read
    first_packet = self.connection._read_packet()
  File "/opt/samba/xdata/xdata/xdata_api/venv/lib/python3.6/site-packages/pymysql/connections.py", line 1014, in _read_packet
    packet.check_error()
  File "/opt/samba/xdata/xdata/xdata_api/venv/lib/python3.6/site-packages/pymysql/connections.py", line 393, in check_error
    err.raise_mysql_exception(self._data)
  File "/opt/samba/xdata/xdata/xdata_api/venv/lib/python3.6/site-packages/pymysql/err.py", line 107, in raise_mysql_exception
    raise errorclass(errno, errval)
sqlalchemy.exc.InternalError: (pymysql.err.InternalError) (1366, "Incorrect integer value: '多对多' for column 'ssh_port' at row 1") [SQL: 'INSERT INTO assets_hosts (name, `desc`, type, zone, docker_uri, ssh_ip, ssh_port) VALUES (%(name)s, %(desc)s, %(type)s, %(zone)s, %(docker_uri)s, %(ssh_ip)s, %(ssh_port)s)'] [parameters: {'name': '订单', 'desc': '订单', 'type': '多对多', 'zone': '公司环境', 'docker_uri': '订单', 'ssh_ip': '多对多', 'ssh_port': '多对多'}]
127.0.0.1 - - [19/Sep/2018 10:43:44] "POST /assets/hosts/ HTTP/1.1" 200 -
127.0.0.1 - - [19/Sep/2018 10:43:52] "POST /assets/hosts/ HTTP/1.1" 200 -
127.0.0.1 - - [19/Sep/2018 10:43:52] "GET /assets/hosts/?page=1&host_query=%7B%22name_field%22:%22%22,%22zone_field%22:%22%22%7D HTTP/1.1" 200 -
127.0.0.1 - - [19/Sep/2018 10:43:52] "GET /assets/hosts/zone/ HTTP/1.1" 200 -
127.0.0.1 - - [19/Sep/2018 10:47:22] "GET /users/hosts/?page=1&host_query=%7B%22name_field%22:%22%22,%22zone_field%22:%22%22%7D HTTP/1.1" 200 -
127.0.0.1 - - [19/Sep/2018 10:47:22] "GET /users/hosts/zone/ HTTP/1.1" 200 -
127.0.0.1 - - [19/Sep/2018 10:47:22] "GET /users/hosts/type/ HTTP/1.1" 200 -
--------------------------------------------------------------------------------
ERROR in middleware [/opt/samba/xdata/xdata/xdata_api/libs/middleware.py:40]:
name 'AppHostRel' is not defined
--------------------------------------------------------------------------------
Traceback (most recent call last):
  File "/opt/samba/xdata/xdata/xdata_api/venv/lib/python3.6/site-packages/flask/app.py", line 1612, in full_dispatch_request
    rv = self.dispatch_request()
  File "/opt/samba/xdata/xdata/xdata_api/venv/lib/python3.6/site-packages/flask/app.py", line 1598, in dispatch_request
    return self.view_functions[rule.endpoint](**req.view_args)
  File "/opt/samba/xdata/xdata/xdata_api/libs/decorators.py", line 28, in wrapper
    return func(*args, **kwargs)
  File "/opt/samba/xdata/xdata/xdata_api/apps/users/host.py", line 74, in delete
    if AppHostRel.query.filter_by(host_id=host_id).first():
NameError: name 'AppHostRel' is not defined
127.0.0.1 - - [19/Sep/2018 10:47:29] "DELETE /users/hosts/5 HTTP/1.1" 200 -
127.0.0.1 - - [19/Sep/2018 10:47:40] "GET /users/hosts/5/extend/ HTTP/1.1" 404 -
127.0.0.1 - - [19/Sep/2018 10:49:01] "PUT /users/hosts/5 HTTP/1.1" 200 -
127.0.0.1 - - [19/Sep/2018 10:49:01] "GET /users/hosts/?page=1&host_query=%7B%22name_field%22:%22%22,%22zone_field%22:%22%22%7D HTTP/1.1" 200 -
127.0.0.1 - - [19/Sep/2018 10:49:01] "GET /users/hosts/zone/ HTTP/1.1" 200 -
127.0.0.1 - - [19/Sep/2018 10:49:01] "GET /users/hosts/type/ HTTP/1.1" 200 -
127.0.0.1 - - [19/Sep/2018 10:49:15] "GET /users/hosts/?page=1&host_query=%7B%22name_field%22:%22%22,%22zone_field%22:%22%22%7D HTTP/1.1" 200 -
127.0.0.1 - - [19/Sep/2018 10:49:15] "GET /users/hosts/zone/ HTTP/1.1" 200 -
127.0.0.1 - - [19/Sep/2018 10:49:15] "GET /users/hosts/type/ HTTP/1.1" 200 -
127.0.0.1 - - [19/Sep/2018 10:49:41] "POST /users/hosts/ HTTP/1.1" 200 -
127.0.0.1 - - [19/Sep/2018 10:49:41] "GET /users/hosts/?page=1&host_query=%7B%22name_field%22:%22%22,%22zone_field%22:%22%22%7D HTTP/1.1" 200 -
127.0.0.1 - - [19/Sep/2018 10:49:41] "GET /users/hosts/zone/ HTTP/1.1" 200 -
127.0.0.1 - - [19/Sep/2018 10:49:41] "GET /users/hosts/type/ HTTP/1.1" 200 -
172.16.6.253 - - [19/Sep/2018 10:51:06] "DELETE /users/hosts/3 HTTP/1.1" 404 -
 * Detected change in '/opt/samba/xdata/xdata/xdata_api/apps/users/host.py', reloading
host_ng {'page': 1, 'pagesize': 10, 'host_query': {'name_field': '', 'zone_field': ''}}
host_ng {'page': 1, 'pagesize': 10, 'host_query': {'name_field': '', 'zone_field': ''}}
host_ng {'page': 1, 'pagesize': 10, 'host_query': {'name_field': '', 'zone_field': ''}}
host_ng {'page': 1, 'pagesize': 10, 'host_query': {'name_field': '', 'zone_field': ''}}
 * Restarting with stat
 * Debugger is active!
 * Debugger PIN: 286-050-437
--------------------------------------------------------------------------------
ERROR in middleware [/opt/samba/xdata/xdata/xdata_api/libs/middleware.py:40]:
name 'AppHostRel' is not defined
--------------------------------------------------------------------------------
Traceback (most recent call last):
  File "/opt/samba/xdata/xdata/xdata_api/venv/lib/python3.6/site-packages/flask/app.py", line 1612, in full_dispatch_request
    rv = self.dispatch_request()
  File "/opt/samba/xdata/xdata/xdata_api/venv/lib/python3.6/site-packages/flask/app.py", line 1598, in dispatch_request
    return self.view_functions[rule.endpoint](**req.view_args)
  File "/opt/samba/xdata/xdata/xdata_api/libs/decorators.py", line 28, in wrapper
    return func(*args, **kwargs)
  File "/opt/samba/xdata/xdata/xdata_api/apps/users/host.py", line 51, in delete
    if AppHostRel.query.filter_by(host_id=host_id).first():
NameError: name 'AppHostRel' is not defined
172.16.6.253 - - [19/Sep/2018 10:51:36] "DELETE /users/hosts/6 HTTP/1.1" 200 -
 * Detected change in '/opt/samba/xdata/xdata/xdata_api/apps/users/host.py', reloading
 * Restarting with stat
 * Debugger is active!
 * Debugger PIN: 286-050-437
 * Detected change in '/opt/samba/xdata/xdata/xdata_api/apps/users/host.py', reloading
 * Restarting with stat
 * Debugger is active!
 * Debugger PIN: 286-050-437
172.16.6.253 - - [19/Sep/2018 10:54:46] "DELETE /users/hosts/6 HTTP/1.1" 200 -
127.0.0.1 - - [19/Sep/2018 10:54:51] "GET /users/hosts/?page=1&host_query=%7B%22name_field%22:%22%22,%22zone_field%22:%22%22%7D HTTP/1.1" 200 -
127.0.0.1 - - [19/Sep/2018 10:54:51] "GET /users/hosts/zone/ HTTP/1.1" 200 -
127.0.0.1 - - [19/Sep/2018 10:54:51] "GET /users/hosts/type/ HTTP/1.1" 200 -
127.0.0.1 - - [19/Sep/2018 10:54:52] "GET /users/hosts/?page=1&host_query=%7B%22name_field%22:%22%22,%22zone_field%22:%22%22%7D HTTP/1.1" 200 -
172.16.6.253 - - [19/Sep/2018 10:55:14] "DELETE /users/hosts/4 HTTP/1.1" 200 -
127.0.0.1 - - [19/Sep/2018 10:55:26] "GET /users/hosts/?page=1&host_query=%7B%22name_field%22:%22%22,%22zone_field%22:%22%22%7D HTTP/1.1" 200 -
127.0.0.1 - - [19/Sep/2018 10:55:34] "DELETE /users/hosts/4 HTTP/1.1" 200 -
 * Detected change in '/opt/samba/xdata/xdata/xdata_api/apps/users/host.py', reloading
 * Restarting with stat
 * Debugger is active!
 * Debugger PIN: 286-050-437
 * Detected change in '/opt/samba/xdata/xdata/xdata_api/apps/assets/host.py', reloading
 * Restarting with stat
 * Debugger is active!
 * Debugger PIN: 286-050-437
127.0.0.1 - - [19/Sep/2018 13:13:39] "POST /account/users/login/ HTTP/1.1" 200 -
127.0.0.1 - - [19/Sep/2018 13:13:40] "GET /home/ HTTP/1.1" 200 -
127.0.0.1 - - [19/Sep/2018 13:13:42] "GET /users/hosts/?page=1&host_query=%7B%22name_field%22:%22%22,%22zone_field%22:%22%22%7D HTTP/1.1" 200 -
127.0.0.1 - - [19/Sep/2018 13:13:42] "GET /users/hosts/zone/ HTTP/1.1" 200 -
127.0.0.1 - - [19/Sep/2018 13:13:42] "GET /users/hosts/type/ HTTP/1.1" 200 -
 * Detected change in '/opt/samba/xdata/xdata/xdata_api/libs/utils.py', reloading
 * Restarting with stat
 * Debugger is active!
 * Debugger PIN: 286-050-437
 * Detected change in '/opt/samba/xdata/xdata/xdata_api/apps/users/host.py', reloading
 * Restarting with stat
 * Debugger is active!
 * Debugger PIN: 286-050-437
 * Detected change in '/opt/samba/xdata/xdata/xdata_api/apps/users/host.py', reloading
 * Restarting with stat
 * Debugger is active!
 * Debugger PIN: 286-050-437
172.16.6.253 - - [19/Sep/2018 14:35:44] "GET /users/hosts/4/valid HTTP/1.1" 401 -
172.16.6.253 - - [19/Sep/2018 14:36:05] "GET /users/hosts/4/valid HTTP/1.1" 200 -
172.16.6.253 - - [19/Sep/2018 14:36:20] "GET /users/hosts/4/valid HTTP/1.1" 200 -
127.0.0.1 - - [19/Sep/2018 14:37:03] "GET /users/hosts/4/valid HTTP/1.1" 200 -
127.0.0.1 - - [19/Sep/2018 14:37:14] "PUT /users/hosts/4 HTTP/1.1" 200 -
127.0.0.1 - - [19/Sep/2018 14:37:15] "GET /users/hosts/?page=1&host_query=%7B%22name_field%22:%22%22,%22zone_field%22:%22%22%7D HTTP/1.1" 200 -
127.0.0.1 - - [19/Sep/2018 14:37:15] "GET /users/hosts/zone/ HTTP/1.1" 200 -
127.0.0.1 - - [19/Sep/2018 14:37:15] "GET /users/hosts/type/ HTTP/1.1" 200 -
127.0.0.1 - - [19/Sep/2018 14:37:18] "GET /users/hosts/?page=1&host_query=%7B%22name_field%22:%22%22,%22zone_field%22:%22%22%7D HTTP/1.1" 200 -
127.0.0.1 - - [19/Sep/2018 14:37:18] "GET /users/hosts/zone/ HTTP/1.1" 200 -
127.0.0.1 - - [19/Sep/2018 14:37:18] "GET /users/hosts/type/ HTTP/1.1" 200 -
127.0.0.1 - - [19/Sep/2018 14:37:26] "PUT /users/hosts/4 HTTP/1.1" 200 -
127.0.0.1 - - [19/Sep/2018 14:37:26] "GET /users/hosts/?page=1&host_query=%7B%22name_field%22:%22%22,%22zone_field%22:%22%22%7D HTTP/1.1" 200 -
127.0.0.1 - - [19/Sep/2018 14:37:26] "GET /users/hosts/zone/ HTTP/1.1" 200 -
127.0.0.1 - - [19/Sep/2018 14:37:26] "GET /users/hosts/type/ HTTP/1.1" 200 -
127.0.0.1 - - [19/Sep/2018 14:37:27] "GET /users/hosts/4/valid HTTP/1.1" 200 -
127.0.0.1 - - [19/Sep/2018 14:37:34] "PUT /users/hosts/4 HTTP/1.1" 200 -
127.0.0.1 - - [19/Sep/2018 14:37:35] "GET /users/hosts/?page=1&host_query=%7B%22name_field%22:%22%22,%22zone_field%22:%22%22%7D HTTP/1.1" 200 -
127.0.0.1 - - [19/Sep/2018 14:37:35] "GET /users/hosts/zone/ HTTP/1.1" 200 -
127.0.0.1 - - [19/Sep/2018 14:37:35] "GET /users/hosts/type/ HTTP/1.1" 200 -
127.0.0.1 - - [19/Sep/2018 14:37:36] "GET /users/hosts/4/valid HTTP/1.1" 200 -
127.0.0.1 - - [19/Sep/2018 14:37:38] "GET /users/hosts/4/valid HTTP/1.1" 200 -
127.0.0.1 - - [19/Sep/2018 14:37:43] "PUT /users/hosts/4 HTTP/1.1" 200 -
127.0.0.1 - - [19/Sep/2018 14:37:43] "GET /users/hosts/?page=1&host_query=%7B%22name_field%22:%22%22,%22zone_field%22:%22%22%7D HTTP/1.1" 200 -
127.0.0.1 - - [19/Sep/2018 14:37:43] "GET /users/hosts/zone/ HTTP/1.1" 200 -
127.0.0.1 - - [19/Sep/2018 14:37:43] "GET /users/hosts/type/ HTTP/1.1" 200 -
127.0.0.1 - - [19/Sep/2018 14:37:44] "GET /users/hosts/4/valid HTTP/1.1" 200 -
127.0.0.1 - - [19/Sep/2018 14:37:46] "GET /users/hosts/5/valid HTTP/1.1" 200 -
127.0.0.1 - - [19/Sep/2018 14:37:54] "GET /users/hosts/?page=1&host_query=%7B%22name_field%22:%22%22,%22zone_field%22:%22%E5%8D%8E%E4%B8%9C1%E5%8C%BA%22,%22type_field%22:%22MYSQL%22%7D HTTP/1.1" 200 -
 * Detected change in '/opt/samba/xdata/xdata/xdata_api/apps/users/host.py', reloading
 * Restarting with stat
 * Debugger is active!
 * Debugger PIN: 286-050-437
127.0.0.1 - - [19/Sep/2018 14:38:44] "GET /users/hosts/4/valid HTTP/1.1" 200 -
127.0.0.1 - - [19/Sep/2018 14:38:45] "GET /users/hosts/5/valid HTTP/1.1" 200 -
127.0.0.1 - - [19/Sep/2018 14:38:47] "GET /users/hosts/4/valid HTTP/1.1" 200 -
172.16.6.253 - - [19/Sep/2018 14:38:53] "GET /users/hosts/4/valid HTTP/1.1" 200 -
127.0.0.1 - - [19/Sep/2018 15:09:42] "GET /users/hosts/4/valid HTTP/1.1" 200 -
127.0.0.1 - - [19/Sep/2018 15:09:44] "GET /users/hosts/5/valid HTTP/1.1" 200 -
127.0.0.1 - - [19/Sep/2018 15:20:34] "GET /users/hosts/?page=1&host_query=%7B%22name_field%22:%22%22,%22zone_field%22:%22%E5%8D%8E%E4%B8%9C1%E5%8C%BA%22,%22type_field%22:%22MYSQL%22%7D HTTP/1.1" 200 -
127.0.0.1 - - [19/Sep/2018 15:21:38] "GET /assets/hosts/?page=1&host_query=%7B%22name_field%22:%22%22,%22zone_field%22:%22%22%7D HTTP/1.1" 200 -
127.0.0.1 - - [19/Sep/2018 15:21:38] "GET /assets/hosts/zone/ HTTP/1.1" 200 -
127.0.0.1 - - [19/Sep/2018 15:21:43] "GET /users/hosts/?page=1&host_query=%7B%22name_field%22:%22%22,%22zone_field%22:%22%22%7D HTTP/1.1" 200 -
127.0.0.1 - - [19/Sep/2018 15:21:43] "GET /users/hosts/zone/ HTTP/1.1" 200 -
127.0.0.1 - - [19/Sep/2018 15:21:43] "GET /users/hosts/type/ HTTP/1.1" 200 -
127.0.0.1 - - [19/Sep/2018 15:21:55] "GET /users/hosts/4/extend/ HTTP/1.1" 404 -
127.0.0.1 - - [19/Sep/2018 15:21:57] "GET /users/hosts/4/extend/ HTTP/1.1" 404 -
127.0.0.1 - - [19/Sep/2018 15:22:06] "DELETE /users/hosts/4 HTTP/1.1" 200 -
127.0.0.1 - - [19/Sep/2018 15:22:11] "DELETE /users/hosts/4 HTTP/1.1" 200 -
127.0.0.1 - - [19/Sep/2018 15:33:16] "GET /users/hosts/?page=1&host_query=%7B%22name_field%22:%22%22,%22zone_field%22:%22%22%7D HTTP/1.1" 401 -
127.0.0.1 - - [19/Sep/2018 15:33:17] "GET /users/hosts/zone/ HTTP/1.1" 401 -
127.0.0.1 - - [19/Sep/2018 15:33:17] "GET /users/hosts/type/ HTTP/1.1" 401 -
127.0.0.1 - - [19/Sep/2018 15:33:28] "GET /users/hosts/4/valid HTTP/1.1" 200 -
127.0.0.1 - - [19/Sep/2018 15:33:32] "DELETE /users/hosts/4 HTTP/1.1" 200 -
127.0.0.1 - - [19/Sep/2018 15:33:36] "DELETE /users/hosts/5 HTTP/1.1" 200 -
127.0.0.1 - - [19/Sep/2018 15:33:36] "GET /users/hosts/?page=1&host_query=%7B%22name_field%22:%22%22,%22zone_field%22:%22%22%7D HTTP/1.1" 200 -
127.0.0.1 - - [19/Sep/2018 15:34:21] "POST /users/hosts/ HTTP/1.1" 200 -
127.0.0.1 - - [19/Sep/2018 15:34:21] "GET /users/hosts/?page=1&host_query=%7B%22name_field%22:%22%22,%22zone_field%22:%22%22%7D HTTP/1.1" 200 -
127.0.0.1 - - [19/Sep/2018 15:34:21] "GET /users/hosts/zone/ HTTP/1.1" 200 -
127.0.0.1 - - [19/Sep/2018 15:34:21] "GET /users/hosts/type/ HTTP/1.1" 200 -
127.0.0.1 - - [19/Sep/2018 15:34:22] "GET /users/hosts/7/valid HTTP/1.1" 200 -
127.0.0.1 - - [19/Sep/2018 15:34:39] "GET /assets/hosts/?page=1&host_query=%7B%22name_field%22:%22%22,%22zone_field%22:%22%22%7D HTTP/1.1" 200 -
127.0.0.1 - - [19/Sep/2018 15:34:39] "GET /assets/hosts/zone/ HTTP/1.1" 200 -
127.0.0.1 - - [19/Sep/2018 15:34:42] "GET /schedule/jobs/?page=1&job_group= HTTP/1.1" 200 -
127.0.0.1 - - [19/Sep/2018 15:34:42] "GET /schedule/jobs/groups/ HTTP/1.1" 200 -
127.0.0.1 - - [19/Sep/2018 15:35:00] "GET /home/ HTTP/1.1" 401 -
127.0.0.1 - - [19/Sep/2018 15:35:03] "POST /account/users/login/ HTTP/1.1" 200 -
127.0.0.1 - - [19/Sep/2018 15:35:03] "GET /home/ HTTP/1.1" 200 -
127.0.0.1 - - [19/Sep/2018 15:35:05] "GET /configuration/environments/ HTTP/1.1" 200 -
127.0.0.1 - - [19/Sep/2018 15:35:07] "GET /configuration/services/ HTTP/1.1" 200 -
127.0.0.1 - - [19/Sep/2018 15:35:07] "GET /configuration/services/groups/ HTTP/1.1" 200 -
127.0.0.1 - - [19/Sep/2018 15:35:08] "GET /deploy/apps/ HTTP/1.1" 200 -
127.0.0.1 - - [19/Sep/2018 15:35:08] "GET /deploy/apps/groups/ HTTP/1.1" 200 -
127.0.0.1 - - [19/Sep/2018 15:35:10] "GET /configuration/relationship/ HTTP/1.1" 200 -
127.0.0.1 - - [19/Sep/2018 15:35:13] "GET /schedule/jobs/?page=1&job_group= HTTP/1.1" 200 -
127.0.0.1 - - [19/Sep/2018 15:35:13] "GET /schedule/jobs/groups/ HTTP/1.1" 200 -
127.0.0.1 - - [19/Sep/2018 15:35:15] "GET /deploy/apps/ HTTP/1.1" 200 -
127.0.0.1 - - [19/Sep/2018 15:35:15] "GET /deploy/apps/groups/ HTTP/1.1" 200 -
127.0.0.1 - - [19/Sep/2018 15:35:16] "GET /deploy/fields/ HTTP/1.1" 200 -
127.0.0.1 - - [19/Sep/2018 15:35:24] "GET /deploy/apps/ HTTP/1.1" 200 -
127.0.0.1 - - [19/Sep/2018 15:35:24] "GET /deploy/apps/groups/ HTTP/1.1" 200 -
127.0.0.1 - - [19/Sep/2018 15:35:26] "GET /assets/hosts/?page=1&host_query=%7B%22name_field%22:%22%22,%22zone_field%22:%22%22%7D HTTP/1.1" 200 -
127.0.0.1 - - [19/Sep/2018 15:35:26] "GET /assets/hosts/zone/ HTTP/1.1" 200 -
127.0.0.1 - - [19/Sep/2018 15:35:29] "GET /assets/hosts/1/valid HTTP/1.1" 200 -
127.0.0.1 - - [19/Sep/2018 15:35:33] "DELETE /assets/hosts/4 HTTP/1.1" 200 -
127.0.0.1 - - [19/Sep/2018 15:35:33] "GET /assets/hosts/?page=1&host_query=%7B%22name_field%22:%22%22,%22zone_field%22:%22%22%7D HTTP/1.1" 200 -
127.0.0.1 - - [19/Sep/2018 15:35:34] "DELETE /assets/hosts/3 HTTP/1.1" 200 -
127.0.0.1 - - [19/Sep/2018 15:35:34] "GET /assets/hosts/?page=1&host_query=%7B%22name_field%22:%22%22,%22zone_field%22:%22%22%7D HTTP/1.1" 200 -
127.0.0.1 - - [19/Sep/2018 15:35:41] "GET /deploy/apps/ HTTP/1.1" 200 -
127.0.0.1 - - [19/Sep/2018 15:35:41] "GET /deploy/apps/groups/ HTTP/1.1" 200 -
127.0.0.1 - - [19/Sep/2018 15:35:42] "GET /deploy/images/ HTTP/1.1" 200 -
127.0.0.1 - - [19/Sep/2018 15:35:51] "GET /deploy/images/ HTTP/1.1" 200 -
127.0.0.1 - - [19/Sep/2018 15:36:56] "POST /deploy/images/add HTTP/1.1" 200 -
127.0.0.1 - - [19/Sep/2018 15:36:56] "GET /deploy/images/ HTTP/1.1" 200 -
--------------------------------------------------------------------------------
ERROR in middleware [/opt/samba/xdata/xdata/xdata_api/libs/middleware.py:40]:
HTTPSConnectionPool(host='localhost', port=5000): Max retries exceeded with url: /v2/ubuntu/tags/list (Caused by NewConnectionError('<urllib3.connection.VerifiedHTTPSConnection object at 0x7fe8681230f0>: Failed to establish a new connection: [Errno 111] Connection refused',))
--------------------------------------------------------------------------------
Traceback (most recent call last):
  File "/opt/samba/xdata/xdata/xdata_api/venv/lib/python3.6/site-packages/urllib3/connection.py", line 141, in _new_conn
    (self.host, self.port), self.timeout, **extra_kw)
  File "/opt/samba/xdata/xdata/xdata_api/venv/lib/python3.6/site-packages/urllib3/util/connection.py", line 83, in create_connection
    raise err
  File "/opt/samba/xdata/xdata/xdata_api/venv/lib/python3.6/site-packages/urllib3/util/connection.py", line 73, in create_connection
    sock.connect(sa)
ConnectionRefusedError: [Errno 111] Connection refused

During handling of the above exception, another exception occurred:

Traceback (most recent call last):
  File "/opt/samba/xdata/xdata/xdata_api/venv/lib/python3.6/site-packages/urllib3/connectionpool.py", line 601, in urlopen
    chunked=chunked)
  File "/opt/samba/xdata/xdata/xdata_api/venv/lib/python3.6/site-packages/urllib3/connectionpool.py", line 346, in _make_request
    self._validate_conn(conn)
  File "/opt/samba/xdata/xdata/xdata_api/venv/lib/python3.6/site-packages/urllib3/connectionpool.py", line 850, in _validate_conn
    conn.connect()
  File "/opt/samba/xdata/xdata/xdata_api/venv/lib/python3.6/site-packages/urllib3/connection.py", line 284, in connect
    conn = self._new_conn()
  File "/opt/samba/xdata/xdata/xdata_api/venv/lib/python3.6/site-packages/urllib3/connection.py", line 150, in _new_conn
    self, "Failed to establish a new connection: %s" % e)
urllib3.exceptions.NewConnectionError: <urllib3.connection.VerifiedHTTPSConnection object at 0x7fe8681230f0>: Failed to establish a new connection: [Errno 111] Connection refused

During handling of the above exception, another exception occurred:

Traceback (most recent call last):
  File "/opt/samba/xdata/xdata/xdata_api/venv/lib/python3.6/site-packages/requests/adapters.py", line 440, in send
    timeout=timeout
  File "/opt/samba/xdata/xdata/xdata_api/venv/lib/python3.6/site-packages/urllib3/connectionpool.py", line 639, in urlopen
    _stacktrace=sys.exc_info()[2])
  File "/opt/samba/xdata/xdata/xdata_api/venv/lib/python3.6/site-packages/urllib3/util/retry.py", line 388, in increment
    raise MaxRetryError(_pool, url, error or ResponseError(cause))
urllib3.exceptions.MaxRetryError: HTTPSConnectionPool(host='localhost', port=5000): Max retries exceeded with url: /v2/ubuntu/tags/list (Caused by NewConnectionError('<urllib3.connection.VerifiedHTTPSConnection object at 0x7fe8681230f0>: Failed to establish a new connection: [Errno 111] Connection refused',))

During handling of the above exception, another exception occurred:

Traceback (most recent call last):
  File "/opt/samba/xdata/xdata/xdata_api/venv/lib/python3.6/site-packages/flask/app.py", line 1612, in full_dispatch_request
    rv = self.dispatch_request()
  File "/opt/samba/xdata/xdata/xdata_api/venv/lib/python3.6/site-packages/flask/app.py", line 1598, in dispatch_request
    return self.view_functions[rule.endpoint](**req.view_args)
  File "/opt/samba/xdata/xdata/xdata_api/libs/decorators.py", line 28, in wrapper
    return func(*args, **kwargs)
  File "/opt/samba/xdata/xdata/xdata_api/apps/deploy/image.py", line 59, in sync_one
    for tag in reg.list_tags(image.name):
  File "/opt/samba/xdata/xdata/xdata_api/libs/utils.py", line 122, in list_tags
    tags = requests.get(req_url, auth=self.auth).json().get('tags', [])
  File "/opt/samba/xdata/xdata/xdata_api/venv/lib/python3.6/site-packages/requests/api.py", line 72, in get
    return request('get', url, params=params, **kwargs)
  File "/opt/samba/xdata/xdata/xdata_api/venv/lib/python3.6/site-packages/requests/api.py", line 58, in request
    return session.request(method=method, url=url, **kwargs)
  File "/opt/samba/xdata/xdata/xdata_api/venv/lib/python3.6/site-packages/requests/sessions.py", line 508, in request
    resp = self.send(prep, **send_kwargs)
  File "/opt/samba/xdata/xdata/xdata_api/venv/lib/python3.6/site-packages/requests/sessions.py", line 618, in send
    r = adapter.send(request, **kwargs)
  File "/opt/samba/xdata/xdata/xdata_api/venv/lib/python3.6/site-packages/requests/adapters.py", line 508, in send
    raise ConnectionError(e, request=request)
requests.exceptions.ConnectionError: HTTPSConnectionPool(host='localhost', port=5000): Max retries exceeded with url: /v2/ubuntu/tags/list (Caused by NewConnectionError('<urllib3.connection.VerifiedHTTPSConnection object at 0x7fe8681230f0>: Failed to establish a new connection: [Errno 111] Connection refused',))
127.0.0.1 - - [19/Sep/2018 15:37:02] "POST /deploy/images/sync/1 HTTP/1.1" 200 -
127.0.0.1 - - [19/Sep/2018 15:37:11] "GET /deploy/configs/image/1 HTTP/1.1" 200 -
--------------------------------------------------------------------------------
ERROR in middleware [/opt/samba/xdata/xdata/xdata_api/libs/middleware.py:40]:
HTTPSConnectionPool(host='localhost', port=5000): Max retries exceeded with url: /v2/_catalog (Caused by NewConnectionError('<urllib3.connection.VerifiedHTTPSConnection object at 0x7fe868108ef0>: Failed to establish a new connection: [Errno 111] Connection refused',))
--------------------------------------------------------------------------------
Traceback (most recent call last):
  File "/opt/samba/xdata/xdata/xdata_api/venv/lib/python3.6/site-packages/urllib3/connection.py", line 141, in _new_conn
    (self.host, self.port), self.timeout, **extra_kw)
  File "/opt/samba/xdata/xdata/xdata_api/venv/lib/python3.6/site-packages/urllib3/util/connection.py", line 83, in create_connection
    raise err
  File "/opt/samba/xdata/xdata/xdata_api/venv/lib/python3.6/site-packages/urllib3/util/connection.py", line 73, in create_connection
    sock.connect(sa)
ConnectionRefusedError: [Errno 111] Connection refused

During handling of the above exception, another exception occurred:

Traceback (most recent call last):
  File "/opt/samba/xdata/xdata/xdata_api/venv/lib/python3.6/site-packages/urllib3/connectionpool.py", line 601, in urlopen
    chunked=chunked)
  File "/opt/samba/xdata/xdata/xdata_api/venv/lib/python3.6/site-packages/urllib3/connectionpool.py", line 346, in _make_request
    self._validate_conn(conn)
  File "/opt/samba/xdata/xdata/xdata_api/venv/lib/python3.6/site-packages/urllib3/connectionpool.py", line 850, in _validate_conn
    conn.connect()
  File "/opt/samba/xdata/xdata/xdata_api/venv/lib/python3.6/site-packages/urllib3/connection.py", line 284, in connect
    conn = self._new_conn()
  File "/opt/samba/xdata/xdata/xdata_api/venv/lib/python3.6/site-packages/urllib3/connection.py", line 150, in _new_conn
    self, "Failed to establish a new connection: %s" % e)
urllib3.exceptions.NewConnectionError: <urllib3.connection.VerifiedHTTPSConnection object at 0x7fe868108ef0>: Failed to establish a new connection: [Errno 111] Connection refused

During handling of the above exception, another exception occurred:

Traceback (most recent call last):
  File "/opt/samba/xdata/xdata/xdata_api/venv/lib/python3.6/site-packages/requests/adapters.py", line 440, in send
    timeout=timeout
  File "/opt/samba/xdata/xdata/xdata_api/venv/lib/python3.6/site-packages/urllib3/connectionpool.py", line 639, in urlopen
    _stacktrace=sys.exc_info()[2])
  File "/opt/samba/xdata/xdata/xdata_api/venv/lib/python3.6/site-packages/urllib3/util/retry.py", line 388, in increment
    raise MaxRetryError(_pool, url, error or ResponseError(cause))
urllib3.exceptions.MaxRetryError: HTTPSConnectionPool(host='localhost', port=5000): Max retries exceeded with url: /v2/_catalog (Caused by NewConnectionError('<urllib3.connection.VerifiedHTTPSConnection object at 0x7fe868108ef0>: Failed to establish a new connection: [Errno 111] Connection refused',))

During handling of the above exception, another exception occurred:

Traceback (most recent call last):
  File "/opt/samba/xdata/xdata/xdata_api/venv/lib/python3.6/site-packages/flask/app.py", line 1612, in full_dispatch_request
    rv = self.dispatch_request()
  File "/opt/samba/xdata/xdata/xdata_api/venv/lib/python3.6/site-packages/flask/app.py", line 1598, in dispatch_request
    return self.view_functions[rule.endpoint](**req.view_args)
  File "/opt/samba/xdata/xdata/xdata_api/libs/decorators.py", line 28, in wrapper
    return func(*args, **kwargs)
  File "/opt/samba/xdata/xdata/xdata_api/apps/deploy/image.py", line 39, in sync
    images = reg.list_images()
  File "/opt/samba/xdata/xdata/xdata_api/libs/utils.py", line 135, in list_images
    res = requests.get(req_url, auth=self.auth).json()
  File "/opt/samba/xdata/xdata/xdata_api/venv/lib/python3.6/site-packages/requests/api.py", line 72, in get
    return request('get', url, params=params, **kwargs)
  File "/opt/samba/xdata/xdata/xdata_api/venv/lib/python3.6/site-packages/requests/api.py", line 58, in request
    return session.request(method=method, url=url, **kwargs)
  File "/opt/samba/xdata/xdata/xdata_api/venv/lib/python3.6/site-packages/requests/sessions.py", line 508, in request
    resp = self.send(prep, **send_kwargs)
  File "/opt/samba/xdata/xdata/xdata_api/venv/lib/python3.6/site-packages/requests/sessions.py", line 618, in send
    r = adapter.send(request, **kwargs)
  File "/opt/samba/xdata/xdata/xdata_api/venv/lib/python3.6/site-packages/requests/adapters.py", line 508, in send
    raise ConnectionError(e, request=request)
requests.exceptions.ConnectionError: HTTPSConnectionPool(host='localhost', port=5000): Max retries exceeded with url: /v2/_catalog (Caused by NewConnectionError('<urllib3.connection.VerifiedHTTPSConnection object at 0x7fe868108ef0>: Failed to establish a new connection: [Errno 111] Connection refused',))
127.0.0.1 - - [19/Sep/2018 15:37:21] "POST /deploy/images/sync HTTP/1.1" 200 -
127.0.0.1 - - [19/Sep/2018 15:37:43] "GET /deploy/apps/ HTTP/1.1" 200 -
127.0.0.1 - - [19/Sep/2018 15:37:43] "GET /deploy/apps/groups/ HTTP/1.1" 200 -
127.0.0.1 - - [19/Sep/2018 15:37:46] "GET /deploy/images/ HTTP/1.1" 200 -
127.0.0.1 - - [19/Sep/2018 15:38:02] "POST /deploy/apps/ HTTP/1.1" 200 -
127.0.0.1 - - [19/Sep/2018 15:38:02] "GET /deploy/apps/ HTTP/1.1" 200 -
127.0.0.1 - - [19/Sep/2018 15:38:02] "GET /deploy/apps/groups/ HTTP/1.1" 200 -
127.0.0.1 - - [19/Sep/2018 15:38:04] "GET /deploy/apps/1/menus?type=all HTTP/1.1" 200 -
127.0.0.1 - - [19/Sep/2018 15:38:04] "GET /configuration/environments/with_publish_permission HTTP/1.1" 200 -
127.0.0.1 - - [19/Sep/2018 15:38:04] "GET /deploy/apps/ HTTP/1.1" 200 -
127.0.0.1 - - [19/Sep/2018 15:38:10] "GET /assets/hosts/?page=-1 HTTP/1.1" 200 -
127.0.0.1 - - [19/Sep/2018 15:38:13] "POST /deploy/apps/1/bind/hosts HTTP/1.1" 200 -
127.0.0.1 - - [19/Sep/2018 15:38:25] "POST /deploy/apps/1/bind/hosts HTTP/1.1" 200 -
127.0.0.1 - - [19/Sep/2018 15:38:30] "GET /deploy/fields/ HTTP/1.1" 200 -
127.0.0.1 - - [19/Sep/2018 15:38:32] "GET /deploy/menus/ HTTP/1.1" 200 -
127.0.0.1 - - [19/Sep/2018 15:38:33] "GET /deploy/images/ HTTP/1.1" 200 -
127.0.0.1 - - [19/Sep/2018 15:39:07] "GET /users/hosts/?page=1&host_query=%7B%22name_field%22:%22%22,%22zone_field%22:%22%22%7D HTTP/1.1" 200 -
127.0.0.1 - - [19/Sep/2018 15:39:07] "GET /users/hosts/zone/ HTTP/1.1" 200 -
127.0.0.1 - - [19/Sep/2018 15:39:07] "GET /users/hosts/type/ HTTP/1.1" 200 -
127.0.0.1 - - [19/Sep/2018 15:39:11] "GET /users/hosts/?page=1&host_query=%7B%22name_field%22:%22%22,%22zone_field%22:%22%E5%8D%8E%E4%B8%9C2%E5%8C%BA%22%7D HTTP/1.1" 200 -
127.0.0.1 - - [19/Sep/2018 15:39:14] "GET /users/hosts/?page=1&host_query=%7B%22name_field%22:%22%22,%22zone_field%22:%22%22%7D HTTP/1.1" 200 -
--------------------------------------------------------------------------------
ERROR in middleware [/opt/samba/xdata/xdata/xdata_api/libs/middleware.py:40]:
name 'Host' is not defined
--------------------------------------------------------------------------------
Traceback (most recent call last):
  File "/opt/samba/xdata/xdata/xdata_api/venv/lib/python3.6/site-packages/flask/app.py", line 1612, in full_dispatch_request
    rv = self.dispatch_request()
  File "/opt/samba/xdata/xdata/xdata_api/venv/lib/python3.6/site-packages/flask/app.py", line 1598, in dispatch_request
    return self.view_functions[rule.endpoint](**req.view_args)
  File "/opt/samba/xdata/xdata/xdata_api/libs/decorators.py", line 28, in wrapper
    return func(*args, **kwargs)
  File "/opt/samba/xdata/xdata/xdata_api/apps/users/host.py", line 28, in get
    host_data = host_data.filter(Host.name.like('%{}%'.format(form.host_query['name_field'])))
NameError: name 'Host' is not defined
127.0.0.1 - - [19/Sep/2018 15:39:19] "GET /users/hosts/?page=1&host_query=%7B%22name_field%22:%2201%22,%22zone_field%22:%22%22%7D HTTP/1.1" 200 -
--------------------------------------------------------------------------------
ERROR in middleware [/opt/samba/xdata/xdata/xdata_api/libs/middleware.py:40]:
name 'Host' is not defined
--------------------------------------------------------------------------------
Traceback (most recent call last):
  File "/opt/samba/xdata/xdata/xdata_api/venv/lib/python3.6/site-packages/flask/app.py", line 1612, in full_dispatch_request
    rv = self.dispatch_request()
  File "/opt/samba/xdata/xdata/xdata_api/venv/lib/python3.6/site-packages/flask/app.py", line 1598, in dispatch_request
    return self.view_functions[rule.endpoint](**req.view_args)
  File "/opt/samba/xdata/xdata/xdata_api/libs/decorators.py", line 28, in wrapper
    return func(*args, **kwargs)
  File "/opt/samba/xdata/xdata/xdata_api/apps/users/host.py", line 28, in get
    host_data = host_data.filter(Host.name.like('%{}%'.format(form.host_query['name_field'])))
NameError: name 'Host' is not defined
127.0.0.1 - - [19/Sep/2018 15:39:25] "GET /users/hosts/?page=1&host_query=%7B%22name_field%22:%22%E6%B5%8B%E8%AF%95-01%22,%22zone_field%22:%22%22%7D HTTP/1.1" 200 -
172.16.6.253 - - [19/Sep/2018 15:41:34] "GET /users/hosts HTTP/1.1" 301 -
172.16.6.253 - - [19/Sep/2018 15:41:34] "GET /users/hosts/ HTTP/1.1" 200 -
172.16.6.253 - - [19/Sep/2018 15:41:53] "GET /users/hosts?name_field=KÕ-01 HTTP/1.1" 301 -
127.0.0.1 - - [19/Sep/2018 15:42:13] "PUT /users/hosts/4 HTTP/1.1" 200 -
--------------------------------------------------------------------------------
ERROR in middleware [/opt/samba/xdata/xdata/xdata_api/libs/middleware.py:40]:
name 'Host' is not defined
--------------------------------------------------------------------------------
Traceback (most recent call last):
  File "/opt/samba/xdata/xdata/xdata_api/venv/lib/python3.6/site-packages/flask/app.py", line 1612, in full_dispatch_request
    rv = self.dispatch_request()
  File "/opt/samba/xdata/xdata/xdata_api/venv/lib/python3.6/site-packages/flask/app.py", line 1598, in dispatch_request
    return self.view_functions[rule.endpoint](**req.view_args)
  File "/opt/samba/xdata/xdata/xdata_api/libs/decorators.py", line 28, in wrapper
    return func(*args, **kwargs)
  File "/opt/samba/xdata/xdata/xdata_api/apps/users/host.py", line 28, in get
    host_data = host_data.filter(Host.name.like('%{}%'.format(form.host_query['name_field'])))
NameError: name 'Host' is not defined
127.0.0.1 - - [19/Sep/2018 15:42:13] "GET /users/hosts/?page=1&host_query=%7B%22name_field%22:%22%E6%B5%8B%E8%AF%95-01%22,%22zone_field%22:%22%22%7D HTTP/1.1" 200 -
127.0.0.1 - - [19/Sep/2018 15:42:13] "GET /users/hosts/zone/ HTTP/1.1" 200 -
127.0.0.1 - - [19/Sep/2018 15:42:13] "GET /users/hosts/type/ HTTP/1.1" 200 -
--------------------------------------------------------------------------------
ERROR in middleware [/opt/samba/xdata/xdata/xdata_api/libs/middleware.py:40]:
name 'Host' is not defined
--------------------------------------------------------------------------------
Traceback (most recent call last):
  File "/opt/samba/xdata/xdata/xdata_api/venv/lib/python3.6/site-packages/flask/app.py", line 1612, in full_dispatch_request
    rv = self.dispatch_request()
  File "/opt/samba/xdata/xdata/xdata_api/venv/lib/python3.6/site-packages/flask/app.py", line 1598, in dispatch_request
    return self.view_functions[rule.endpoint](**req.view_args)
  File "/opt/samba/xdata/xdata/xdata_api/libs/decorators.py", line 28, in wrapper
    return func(*args, **kwargs)
  File "/opt/samba/xdata/xdata/xdata_api/apps/users/host.py", line 28, in get
    host_data = host_data.filter(Host.name.like('%{}%'.format(form.host_query['name_field'])))
NameError: name 'Host' is not defined
127.0.0.1 - - [19/Sep/2018 15:42:18] "GET /users/hosts/?page=1&host_query=%7B%22name_field%22:%22test-01%22,%22zone_field%22:%22%22%7D HTTP/1.1" 200 -
172.16.6.253 - - [19/Sep/2018 15:43:55] "GET /users/hosts?name_field=test-01 HTTP/1.1" 301 -
172.16.6.253 - - [19/Sep/2018 15:43:55] "GET /users/hosts/?name_field=test-01 HTTP/1.1" 200 -
172.16.6.253 - - [19/Sep/2018 15:45:34] "GET /users/hosts?host_query=%7Bname_field:%22test-01%22%7D HTTP/1.1" 301 -
172.16.6.253 - - [19/Sep/2018 15:45:34] "GET /users/hosts/?host_query=%7Bname_field:%22test-01%22%7D HTTP/1.1" 200 -
172.16.6.253 - - [19/Sep/2018 15:45:45] "GET /users/hosts?%7Bhost_query=%7Bname_field:%22test-01%22%7D%7D HTTP/1.1" 301 -
172.16.6.253 - - [19/Sep/2018 15:45:45] "GET /users/hosts/?%7Bhost_query=%7Bname_field:%22test-01%22%7D%7D HTTP/1.1" 200 -
--------------------------------------------------------------------------------
ERROR in middleware [/opt/samba/xdata/xdata/xdata_api/libs/middleware.py:40]:
name 'Host' is not defined
--------------------------------------------------------------------------------
Traceback (most recent call last):
  File "/opt/samba/xdata/xdata/xdata_api/venv/lib/python3.6/site-packages/flask/app.py", line 1612, in full_dispatch_request
    rv = self.dispatch_request()
  File "/opt/samba/xdata/xdata/xdata_api/venv/lib/python3.6/site-packages/flask/app.py", line 1598, in dispatch_request
    return self.view_functions[rule.endpoint](**req.view_args)
  File "/opt/samba/xdata/xdata/xdata_api/libs/decorators.py", line 28, in wrapper
    return func(*args, **kwargs)
  File "/opt/samba/xdata/xdata/xdata_api/apps/users/host.py", line 28, in get
    host_data = host_data.filter(Host.name.like('%{}%'.format(form.host_query['name_field'])))
NameError: name 'Host' is not defined
127.0.0.1 - - [19/Sep/2018 15:49:59] "GET /users/hosts/?page=1&host_query=%7B%22name_field%22:%22test-01%22,%22zone_field%22:%22%22%7D HTTP/1.1" 200 -
--------------------------------------------------------------------------------
ERROR in middleware [/opt/samba/xdata/xdata/xdata_api/libs/middleware.py:40]:
name 'Host' is not defined
--------------------------------------------------------------------------------
Traceback (most recent call last):
  File "/opt/samba/xdata/xdata/xdata_api/venv/lib/python3.6/site-packages/flask/app.py", line 1612, in full_dispatch_request
    rv = self.dispatch_request()
  File "/opt/samba/xdata/xdata/xdata_api/venv/lib/python3.6/site-packages/flask/app.py", line 1598, in dispatch_request
    return self.view_functions[rule.endpoint](**req.view_args)
  File "/opt/samba/xdata/xdata/xdata_api/libs/decorators.py", line 28, in wrapper
    return func(*args, **kwargs)
  File "/opt/samba/xdata/xdata/xdata_api/apps/users/host.py", line 28, in get
    host_data = host_data.filter(Host.name.like('%{}%'.format(form.host_query['name_field'])))
NameError: name 'Host' is not defined
127.0.0.1 - - [19/Sep/2018 15:50:27] "GET /users/hosts/?page=1&host_query=%7B%22name_field%22:%22test-01%22,%22zone_field%22:%22%E5%8D%8E%E4%B8%9C1%E5%8C%BA%22%7D HTTP/1.1" 200 -
--------------------------------------------------------------------------------
ERROR in middleware [/opt/samba/xdata/xdata/xdata_api/libs/middleware.py:40]:
name 'Host' is not defined
--------------------------------------------------------------------------------
Traceback (most recent call last):
  File "/opt/samba/xdata/xdata/xdata_api/venv/lib/python3.6/site-packages/flask/app.py", line 1612, in full_dispatch_request
    rv = self.dispatch_request()
  File "/opt/samba/xdata/xdata/xdata_api/venv/lib/python3.6/site-packages/flask/app.py", line 1598, in dispatch_request
    return self.view_functions[rule.endpoint](**req.view_args)
  File "/opt/samba/xdata/xdata/xdata_api/libs/decorators.py", line 28, in wrapper
    return func(*args, **kwargs)
  File "/opt/samba/xdata/xdata/xdata_api/apps/users/host.py", line 28, in get
    host_data = host_data.filter(Host.name.like('%{}%'.format(form.host_query['name_field'])))
NameError: name 'Host' is not defined
127.0.0.1 - - [19/Sep/2018 15:50:30] "GET /users/hosts/?page=1&host_query=%7B%22name_field%22:%22test-01%22,%22zone_field%22:%22%E5%8D%8E%E4%B8%9C1%E5%8C%BA%22,%22type_field%22:%22MYSQL%22%7D HTTP/1.1" 200 -
127.0.0.1 - - [19/Sep/2018 15:52:42] "GET /users/hosts/7/valid HTTP/1.1" 200 -
127.0.0.1 - - [19/Sep/2018 15:52:47] "PUT /users/hosts/7 HTTP/1.1" 200 -
--------------------------------------------------------------------------------
ERROR in middleware [/opt/samba/xdata/xdata/xdata_api/libs/middleware.py:40]:
name 'Host' is not defined
--------------------------------------------------------------------------------
Traceback (most recent call last):
  File "/opt/samba/xdata/xdata/xdata_api/venv/lib/python3.6/site-packages/flask/app.py", line 1612, in full_dispatch_request
    rv = self.dispatch_request()
  File "/opt/samba/xdata/xdata/xdata_api/venv/lib/python3.6/site-packages/flask/app.py", line 1598, in dispatch_request
    return self.view_functions[rule.endpoint](**req.view_args)
  File "/opt/samba/xdata/xdata/xdata_api/libs/decorators.py", line 28, in wrapper
    return func(*args, **kwargs)
  File "/opt/samba/xdata/xdata/xdata_api/apps/users/host.py", line 28, in get
    host_data = host_data.filter(Host.name.like('%{}%'.format(form.host_query['name_field'])))
NameError: name 'Host' is not defined
127.0.0.1 - - [19/Sep/2018 15:52:47] "GET /users/hosts/?page=1&host_query=%7B%22name_field%22:%22test-01%22,%22zone_field%22:%22%E5%8D%8E%E4%B8%9C1%E5%8C%BA%22,%22type_field%22:%22MYSQL%22%7D HTTP/1.1" 200 -
127.0.0.1 - - [19/Sep/2018 15:52:47] "GET /users/hosts/zone/ HTTP/1.1" 200 -
127.0.0.1 - - [19/Sep/2018 15:52:47] "GET /users/hosts/type/ HTTP/1.1" 200 -
127.0.0.1 - - [19/Sep/2018 15:52:48] "GET /users/hosts/7/valid HTTP/1.1" 200 -
127.0.0.1 - - [19/Sep/2018 15:52:50] "GET /users/hosts/7/valid HTTP/1.1" 200 -
127.0.0.1 - - [19/Sep/2018 15:52:53] "GET /users/hosts/7/valid HTTP/1.1" 200 -
127.0.0.1 - - [19/Sep/2018 15:54:00] "GET /users/hosts/?page=1&host_query=%7B%22name_field%22:%22%22,%22zone_field%22:%22%22%7D HTTP/1.1" 200 -
127.0.0.1 - - [19/Sep/2018 15:54:00] "GET /users/hosts/zone/ HTTP/1.1" 200 -
127.0.0.1 - - [19/Sep/2018 15:54:00] "GET /users/hosts/type/ HTTP/1.1" 200 -
127.0.0.1 - - [19/Sep/2018 15:54:01] "GET /deploy/images/ HTTP/1.1" 200 -
127.0.0.1 - - [19/Sep/2018 16:12:27] "GET /users/hosts/?page=1&host_query=%7B%22name_field%22:%22%22,%22zone_field%22:%22%22%7D HTTP/1.1" 200 -
127.0.0.1 - - [19/Sep/2018 16:12:27] "GET /users/hosts/zone/ HTTP/1.1" 200 -
127.0.0.1 - - [19/Sep/2018 16:12:27] "GET /users/hosts/type/ HTTP/1.1" 200 -
--------------------------------------------------------------------------------
ERROR in middleware [/opt/samba/xdata/xdata/xdata_api/libs/middleware.py:40]:
name 'Host' is not defined
--------------------------------------------------------------------------------
Traceback (most recent call last):
  File "/opt/samba/xdata/xdata/xdata_api/venv/lib/python3.6/site-packages/flask/app.py", line 1612, in full_dispatch_request
    rv = self.dispatch_request()
  File "/opt/samba/xdata/xdata/xdata_api/venv/lib/python3.6/site-packages/flask/app.py", line 1598, in dispatch_request
    return self.view_functions[rule.endpoint](**req.view_args)
  File "/opt/samba/xdata/xdata/xdata_api/libs/decorators.py", line 28, in wrapper
    return func(*args, **kwargs)
  File "/opt/samba/xdata/xdata/xdata_api/apps/users/host.py", line 28, in get
    host_data = host_data.filter(Host.name.like('%{}%'.format(form.host_query['name_field'])))
NameError: name 'Host' is not defined
127.0.0.1 - - [19/Sep/2018 16:12:33] "GET /users/hosts/?page=1&host_query=%7B%22name_field%22:%22test-01%22,%22zone_field%22:%22%22%7D HTTP/1.1" 200 -
--------------------------------------------------------------------------------
ERROR in middleware [/opt/samba/xdata/xdata/xdata_api/libs/middleware.py:40]:
name 'Host' is not defined
--------------------------------------------------------------------------------
Traceback (most recent call last):
  File "/opt/samba/xdata/xdata/xdata_api/venv/lib/python3.6/site-packages/flask/app.py", line 1612, in full_dispatch_request
    rv = self.dispatch_request()
  File "/opt/samba/xdata/xdata/xdata_api/venv/lib/python3.6/site-packages/flask/app.py", line 1598, in dispatch_request
    return self.view_functions[rule.endpoint](**req.view_args)
  File "/opt/samba/xdata/xdata/xdata_api/libs/decorators.py", line 28, in wrapper
    return func(*args, **kwargs)
  File "/opt/samba/xdata/xdata/xdata_api/apps/users/host.py", line 28, in get
    host_data = host_data.filter(Host.name.like('%{}%'.format(form.host_query['name_field'])))
NameError: name 'Host' is not defined
127.0.0.1 - - [19/Sep/2018 16:12:37] "GET /users/hosts/?page=1&host_query=%7B%22name_field%22:%22test-01%22,%22zone_field%22:%22%22%7D HTTP/1.1" 200 -
--------------------------------------------------------------------------------
ERROR in middleware [/opt/samba/xdata/xdata/xdata_api/libs/middleware.py:40]:
name 'Host' is not defined
--------------------------------------------------------------------------------
Traceback (most recent call last):
  File "/opt/samba/xdata/xdata/xdata_api/venv/lib/python3.6/site-packages/flask/app.py", line 1612, in full_dispatch_request
    rv = self.dispatch_request()
  File "/opt/samba/xdata/xdata/xdata_api/venv/lib/python3.6/site-packages/flask/app.py", line 1598, in dispatch_request
    return self.view_functions[rule.endpoint](**req.view_args)
  File "/opt/samba/xdata/xdata/xdata_api/libs/decorators.py", line 28, in wrapper
    return func(*args, **kwargs)
  File "/opt/samba/xdata/xdata/xdata_api/apps/users/host.py", line 28, in get
    host_data = host_data.filter(Host.name.like('%{}%'.format(form.host_query['name_field'])))
NameError: name 'Host' is not defined
127.0.0.1 - - [19/Sep/2018 16:12:46] "GET /users/hosts/?page=1&host_query=%7B%22name_field%22:%22test-01%22,%22zone_field%22:%22%E5%8D%8E%E4%B8%9C1%E5%8C%BA%22%7D HTTP/1.1" 200 -
127.0.0.1 - - [19/Sep/2018 16:12:50] "GET /users/hosts/?page=1&host_query=%7B%22name_field%22:%22%22,%22zone_field%22:%22%E5%8D%8E%E4%B8%9C1%E5%8C%BA%22,%22type_field%22:%22MYSQL%22%7D HTTP/1.1" 200 -
127.0.0.1 - - [19/Sep/2018 16:12:54] "GET /users/hosts/?page=1&host_query=%7B%22name_field%22:%22%22,%22zone_field%22:%22%22,%22type_field%22:%22%22%7D HTTP/1.1" 200 -
127.0.0.1 - - [19/Sep/2018 16:13:13] "GET /users/hosts/4/valid HTTP/1.1" 200 -
127.0.0.1 - - [19/Sep/2018 16:16:13] "GET /users/hosts/4/valid HTTP/1.1" 200 -
127.0.0.1 - - [19/Sep/2018 16:16:14] "GET /users/hosts/7/valid HTTP/1.1" 200 -
127.0.0.1 - - [19/Sep/2018 16:16:20] "PUT /users/hosts/7 HTTP/1.1" 200 -
127.0.0.1 - - [19/Sep/2018 16:16:20] "GET /users/hosts/?page=1&host_query=%7B%22name_field%22:%22%22,%22zone_field%22:%22%22%7D HTTP/1.1" 200 -
127.0.0.1 - - [19/Sep/2018 16:16:20] "GET /users/hosts/zone/ HTTP/1.1" 200 -
127.0.0.1 - - [19/Sep/2018 16:16:20] "GET /users/hosts/type/ HTTP/1.1" 200 -
127.0.0.1 - - [19/Sep/2018 16:16:21] "GET /users/hosts/7/valid HTTP/1.1" 200 -
127.0.0.1 - - [19/Sep/2018 16:16:22] "GET /users/hosts/4/valid HTTP/1.1" 200 -
--------------------------------------------------------------------------------
ERROR in middleware [/opt/samba/xdata/xdata/xdata_api/libs/middleware.py:40]:
name 'Host' is not defined
--------------------------------------------------------------------------------
Traceback (most recent call last):
  File "/opt/samba/xdata/xdata/xdata_api/venv/lib/python3.6/site-packages/flask/app.py", line 1612, in full_dispatch_request
    rv = self.dispatch_request()
  File "/opt/samba/xdata/xdata/xdata_api/venv/lib/python3.6/site-packages/flask/app.py", line 1598, in dispatch_request
    return self.view_functions[rule.endpoint](**req.view_args)
  File "/opt/samba/xdata/xdata/xdata_api/libs/decorators.py", line 28, in wrapper
    return func(*args, **kwargs)
  File "/opt/samba/xdata/xdata/xdata_api/apps/users/host.py", line 28, in get
    host_data = host_data.filter(Host.name.like('%{}%'.format(form.host_query['name_field'])))
NameError: name 'Host' is not defined
127.0.0.1 - - [19/Sep/2018 16:16:41] "GET /users/hosts/?page=1&host_query=%7B%22name_field%22:%2222%22,%22zone_field%22:%22%22%7D HTTP/1.1" 200 -
127.0.0.1 - - [19/Sep/2018 16:19:38] "GET /users/hosts/4/valid HTTP/1.1" 200 -
127.0.0.1 - - [19/Sep/2018 16:19:39] "GET /users/hosts/7/valid HTTP/1.1" 200 -
127.0.0.1 - - [19/Sep/2018 16:19:43] "DELETE /users/hosts/4 HTTP/1.1" 200 -
127.0.0.1 - - [19/Sep/2018 16:19:48] "GET /users/hosts/?page=1&host_query=%7B%22name_field%22:%22%22,%22zone_field%22:%22%22,%22type_field%22:%22%22%7D HTTP/1.1" 200 -
127.0.0.1 - - [19/Sep/2018 16:19:51] "GET /users/hosts/?page=1&host_query=%7B%22name_field%22:%22%22,%22zone_field%22:%22%E5%8D%8E%E4%B8%9C1%E5%8C%BA%22,%22type_field%22:%22%22%7D HTTP/1.1" 200 -
127.0.0.1 - - [19/Sep/2018 16:19:52] "GET /users/hosts/?page=1&host_query=%7B%22name_field%22:%22%22,%22zone_field%22:%22%22,%22type_field%22:%22%22%7D HTTP/1.1" 200 -
127.0.0.1 - - [19/Sep/2018 16:19:54] "GET /users/hosts/?page=1&host_query=%7B%22name_field%22:%22%22,%22zone_field%22:%22%E5%8D%8E%E4%B8%9C2%E5%8C%BA%22,%22type_field%22:%22%22%7D HTTP/1.1" 200 -
--------------------------------------------------------------------------------
ERROR in middleware [/opt/samba/xdata/xdata/xdata_api/libs/middleware.py:40]:
name 'Host' is not defined
--------------------------------------------------------------------------------
Traceback (most recent call last):
  File "/opt/samba/xdata/xdata/xdata_api/venv/lib/python3.6/site-packages/flask/app.py", line 1612, in full_dispatch_request
    rv = self.dispatch_request()
  File "/opt/samba/xdata/xdata/xdata_api/venv/lib/python3.6/site-packages/flask/app.py", line 1598, in dispatch_request
    return self.view_functions[rule.endpoint](**req.view_args)
  File "/opt/samba/xdata/xdata/xdata_api/libs/decorators.py", line 28, in wrapper
    return func(*args, **kwargs)
  File "/opt/samba/xdata/xdata/xdata_api/apps/users/host.py", line 28, in get
    host_data = host_data.filter(Host.name.like('%{}%'.format(form.host_query['name_field'])))
NameError: name 'Host' is not defined
127.0.0.1 - - [19/Sep/2018 16:19:58] "GET /users/hosts/?page=1&host_query=%7B%22name_field%22:%2202%22,%22zone_field%22:%22%E5%8D%8E%E4%B8%9C2%E5%8C%BA%22,%22type_field%22:%22%22%7D HTTP/1.1" 200 -
 * Detected change in '/opt/samba/xdata/xdata/xdata_api/apps/users/host.py', reloading
host_ng {'page': 1, 'pagesize': 10, 'host_query': {'name_field': '', 'zone_field': ''}}
host_ng {'page': 1, 'pagesize': 10, 'host_query': {'name_field': '', 'zone_field': ''}}
host_ng {'page': 1, 'pagesize': 10, 'host_query': {'name_field': '', 'zone_field': ''}}
host_ng {'page': 1, 'pagesize': 10, 'host_query': {'name_field': '', 'zone_field': ''}}
host_ng {'page': 1, 'pagesize': 10, 'host_query': {'name_field': '', 'zone_field': ''}}
host_ng {'page': -1, 'pagesize': 10, 'host_query': {'name_field': '', 'zone_field': ''}}
 * Restarting with stat
 * Debugger is active!
 * Debugger PIN: 286-050-437
 * Detected change in '/opt/samba/xdata/xdata/xdata_api/apps/users/host.py', reloading
 * Restarting with stat
 * Debugger is active!
 * Debugger PIN: 286-050-437
127.0.0.1 - - [19/Sep/2018 16:21:13] "GET /users/hosts/?page=1&host_query=%7B%22name_field%22:%2202%22,%22zone_field%22:%22%22,%22type_field%22:%22MYSQL%22%7D HTTP/1.1" 200 -
127.0.0.1 - - [19/Sep/2018 16:21:14] "GET /users/hosts/?page=1&host_query=%7B%22name_field%22:%2202%22,%22zone_field%22:%22%22,%22type_field%22:%22MYSQL%22%7D HTTP/1.1" 200 -
127.0.0.1 - - [19/Sep/2018 16:21:17] "GET /users/hosts/?page=1&host_query=%7B%22name_field%22:%2202%22,%22zone_field%22:%22%22,%22type_field%22:%22MYSQL%22%7D HTTP/1.1" 200 -
 * Detected change in '/opt/samba/xdata/xdata/xdata_api/apps/users/host.py', reloading
 * Restarting with stat
 * Debugger is active!
 * Debugger PIN: 286-050-437
 * Detected change in '/opt/samba/xdata/xdata/xdata_api/apps/users/host.py', reloading
 * Restarting with stat
 * Debugger is active!
 * Debugger PIN: 286-050-437
172.16.6.253 - - [19/Sep/2018 16:22:57] "GET /users/hosts?%7Bhost_query=%7Bname_field:%22test-01%22%7D%7D HTTP/1.1" 301 -
172.16.6.253 - - [19/Sep/2018 16:22:57] "GET /users/hosts/?%7Bhost_query=%7Bname_field:%22test-01%22%7D%7D HTTP/1.1" 200 -
172.16.6.253 - - [19/Sep/2018 16:23:20] "GET /users/hosts HTTP/1.1" 301 -
172.16.6.253 - - [19/Sep/2018 16:23:20] "GET /users/hosts/ HTTP/1.1" 200 -
127.0.0.1 - - [19/Sep/2018 16:30:31] "GET /users/hosts/?page=1&host_query=%7B%22name_field%22:%22%22,%22zone_field%22:%22%22%7D HTTP/1.1" 200 -
127.0.0.1 - - [19/Sep/2018 16:30:31] "GET /users/hosts/zone/ HTTP/1.1" 200 -
127.0.0.1 - - [19/Sep/2018 16:30:31] "GET /users/hosts/type/ HTTP/1.1" 200 -
127.0.0.1 - - [19/Sep/2018 16:30:32] "GET /users/hosts/?page=1&host_query=%7B%22name_field%22:%22%22,%22zone_field%22:%22%22%7D HTTP/1.1" 200 -
127.0.0.1 - - [19/Sep/2018 16:30:32] "GET /users/hosts/zone/ HTTP/1.1" 200 -
127.0.0.1 - - [19/Sep/2018 16:30:32] "GET /users/hosts/type/ HTTP/1.1" 200 -
127.0.0.1 - - [19/Sep/2018 16:30:36] "GET /users/hosts/?page=1&host_query=%7B%22name_field%22:%22%22,%22zone_field%22:%22%22%7D HTTP/1.1" 200 -
127.0.0.1 - - [19/Sep/2018 16:30:36] "GET /users/hosts/zone/ HTTP/1.1" 200 -
127.0.0.1 - - [19/Sep/2018 16:30:36] "GET /users/hosts/type/ HTTP/1.1" 200 -
127.0.0.1 - - [19/Sep/2018 16:30:41] "GET /users/hosts/4/valid HTTP/1.1" 200 -
127.0.0.1 - - [19/Sep/2018 16:30:42] "GET /users/hosts/7/valid HTTP/1.1" 200 -
127.0.0.1 - - [19/Sep/2018 16:30:46] "PUT /users/hosts/7 HTTP/1.1" 200 -
127.0.0.1 - - [19/Sep/2018 16:30:47] "GET /users/hosts/?page=1&host_query=%7B%22name_field%22:%22%22,%22zone_field%22:%22%22%7D HTTP/1.1" 200 -
127.0.0.1 - - [19/Sep/2018 16:30:47] "GET /users/hosts/zone/ HTTP/1.1" 200 -
127.0.0.1 - - [19/Sep/2018 16:30:47] "GET /users/hosts/type/ HTTP/1.1" 200 -
127.0.0.1 - - [19/Sep/2018 16:30:48] "GET /users/hosts/7/valid HTTP/1.1" 200 -
127.0.0.1 - - [19/Sep/2018 16:30:53] "GET /users/hosts/4/valid HTTP/1.1" 200 -
127.0.0.1 - - [19/Sep/2018 16:30:54] "GET /users/hosts/7/valid HTTP/1.1" 200 -
127.0.0.1 - - [19/Sep/2018 16:31:47] "GET /users/hosts/?page=1&host_query=%7B%22name_field%22:%22%22,%22zone_field%22:%22%22%7D HTTP/1.1" 200 -
127.0.0.1 - - [19/Sep/2018 16:31:47] "GET /users/hosts/zone/ HTTP/1.1" 200 -
127.0.0.1 - - [19/Sep/2018 16:31:47] "GET /users/hosts/type/ HTTP/1.1" 200 -
127.0.0.1 - - [19/Sep/2018 16:31:48] "GET /users/hosts/?page=1&host_query=%7B%22name_field%22:%22%22,%22zone_field%22:%22%22%7D HTTP/1.1" 200 -
127.0.0.1 - - [19/Sep/2018 16:31:48] "GET /users/hosts/type/ HTTP/1.1" 200 -
127.0.0.1 - - [19/Sep/2018 16:31:48] "GET /users/hosts/zone/ HTTP/1.1" 200 -
127.0.0.1 - - [19/Sep/2018 16:31:52] "GET /users/hosts/?page=1&host_query=%7B%22name_field%22:%22%22,%22zone_field%22:%22%22%7D HTTP/1.1" 200 -
127.0.0.1 - - [19/Sep/2018 16:31:52] "GET /users/hosts/zone/ HTTP/1.1" 200 -
127.0.0.1 - - [19/Sep/2018 16:31:52] "GET /users/hosts/type/ HTTP/1.1" 200 -
127.0.0.1 - - [19/Sep/2018 16:31:54] "GET /assets/hosts/4/valid HTTP/1.1" 404 -
127.0.0.1 - - [19/Sep/2018 16:31:57] "GET /assets/hosts/4/valid HTTP/1.1" 404 -
127.0.0.1 - - [19/Sep/2018 16:32:15] "GET /users/hosts/?page=1&host_query=%7B%22name_field%22:%22%22,%22zone_field%22:%22%22%7D HTTP/1.1" 200 -
127.0.0.1 - - [19/Sep/2018 16:32:15] "GET /users/hosts/zone/ HTTP/1.1" 200 -
127.0.0.1 - - [19/Sep/2018 16:32:15] "GET /users/hosts/type/ HTTP/1.1" 200 -
127.0.0.1 - - [19/Sep/2018 16:32:15] "GET /users/hosts/?page=1&host_query=%7B%22name_field%22:%22%22,%22zone_field%22:%22%22%7D HTTP/1.1" 200 -
127.0.0.1 - - [19/Sep/2018 16:32:15] "GET /users/hosts/type/ HTTP/1.1" 200 -
127.0.0.1 - - [19/Sep/2018 16:32:15] "GET /users/hosts/zone/ HTTP/1.1" 200 -
127.0.0.1 - - [19/Sep/2018 16:32:19] "GET /users/hosts/?page=1&host_query=%7B%22name_field%22:%22%22,%22zone_field%22:%22%22%7D HTTP/1.1" 200 -
127.0.0.1 - - [19/Sep/2018 16:32:19] "GET /users/hosts/zone/ HTTP/1.1" 200 -
127.0.0.1 - - [19/Sep/2018 16:32:19] "GET /users/hosts/type/ HTTP/1.1" 200 -
127.0.0.1 - - [19/Sep/2018 16:32:20] "GET /users/hosts/7/valid HTTP/1.1" 200 -
127.0.0.1 - - [19/Sep/2018 16:32:22] "GET /users/hosts/7/valid HTTP/1.1" 200 -
172.16.6.253 - - [19/Sep/2018 16:34:20] "GET /users/hosts/4/valid HTTP/1.1" 200 -
127.0.0.1 - - [19/Sep/2018 16:35:38] "GET /users/hosts/?page=1&host_query=%7B%22name_field%22:%22%22,%22zone_field%22:%22%22%7D HTTP/1.1" 200 -
127.0.0.1 - - [19/Sep/2018 16:35:38] "GET /users/hosts/zone/ HTTP/1.1" 200 -
127.0.0.1 - - [19/Sep/2018 16:35:38] "GET /users/hosts/type/ HTTP/1.1" 200 -
127.0.0.1 - - [19/Sep/2018 16:35:39] "GET /users/hosts/?page=1&host_query=%7B%22name_field%22:%22%22,%22zone_field%22:%22%22%7D HTTP/1.1" 200 -
127.0.0.1 - - [19/Sep/2018 16:35:39] "GET /users/hosts/zone/ HTTP/1.1" 200 -
127.0.0.1 - - [19/Sep/2018 16:35:39] "GET /users/hosts/type/ HTTP/1.1" 200 -
127.0.0.1 - - [19/Sep/2018 16:35:45] "GET /users/hosts/?page=1&host_query=%7B%22name_field%22:%22%22,%22zone_field%22:%22%22%7D HTTP/1.1" 200 -
127.0.0.1 - - [19/Sep/2018 16:35:45] "GET /users/hosts/zone/ HTTP/1.1" 200 -
127.0.0.1 - - [19/Sep/2018 16:35:45] "GET /users/hosts/type/ HTTP/1.1" 200 -
127.0.0.1 - - [19/Sep/2018 16:35:46] "GET /users/hosts/7/valid HTTP/1.1" 200 -
127.0.0.1 - - [19/Sep/2018 16:35:48] "GET /users/hosts/7/valid HTTP/1.1" 200 -
127.0.0.1 - - [19/Sep/2018 16:35:50] "GET /users/hosts/4/valid HTTP/1.1" 200 -
127.0.0.1 - - [19/Sep/2018 16:35:51] "GET /users/hosts/7/valid HTTP/1.1" 200 -
127.0.0.1 - - [19/Sep/2018 16:36:19] "GET /users/hosts/?page=1&host_query=%7B%22name_field%22:%22%22,%22zone_field%22:%22%22%7D HTTP/1.1" 200 -
127.0.0.1 - - [19/Sep/2018 16:36:19] "GET /users/hosts/zone/ HTTP/1.1" 200 -
127.0.0.1 - - [19/Sep/2018 16:36:19] "GET /users/hosts/type/ HTTP/1.1" 200 -
127.0.0.1 - - [19/Sep/2018 16:36:19] "GET /users/hosts/?page=1&host_query=%7B%22name_field%22:%22%22,%22zone_field%22:%22%22%7D HTTP/1.1" 200 -
127.0.0.1 - - [19/Sep/2018 16:36:19] "GET /users/hosts/zone/ HTTP/1.1" 200 -
127.0.0.1 - - [19/Sep/2018 16:36:19] "GET /users/hosts/type/ HTTP/1.1" 200 -
127.0.0.1 - - [19/Sep/2018 16:36:20] "GET /users/hosts/7/valid HTTP/1.1" 200 -
127.0.0.1 - - [19/Sep/2018 16:36:22] "GET /users/hosts/4/valid HTTP/1.1" 200 -
127.0.0.1 - - [19/Sep/2018 16:36:36] "GET /users/hosts/?page=1&host_query=%7B%22name_field%22:%22%22,%22zone_field%22:%22%22%7D HTTP/1.1" 200 -
127.0.0.1 - - [19/Sep/2018 16:36:36] "GET /users/hosts/zone/ HTTP/1.1" 200 -
127.0.0.1 - - [19/Sep/2018 16:36:36] "GET /users/hosts/type/ HTTP/1.1" 200 -
127.0.0.1 - - [19/Sep/2018 16:36:36] "GET /users/hosts/?page=1&host_query=%7B%22name_field%22:%22%22,%22zone_field%22:%22%22%7D HTTP/1.1" 200 -
127.0.0.1 - - [19/Sep/2018 16:36:36] "GET /users/hosts/type/ HTTP/1.1" 200 -
127.0.0.1 - - [19/Sep/2018 16:36:36] "GET /users/hosts/zone/ HTTP/1.1" 200 -
127.0.0.1 - - [19/Sep/2018 16:36:46] "GET /users/hosts/?page=1&host_query=%7B%22name_field%22:%22%22,%22zone_field%22:%22%22%7D HTTP/1.1" 200 -
127.0.0.1 - - [19/Sep/2018 16:36:46] "GET /users/hosts/zone/ HTTP/1.1" 200 -
127.0.0.1 - - [19/Sep/2018 16:36:46] "GET /users/hosts/type/ HTTP/1.1" 200 -
127.0.0.1 - - [19/Sep/2018 16:36:48] "GET /users/hosts/7/valid HTTP/1.1" 200 -
127.0.0.1 - - [19/Sep/2018 16:36:51] "GET /users/hosts/4/valid HTTP/1.1" 200 -
127.0.0.1 - - [19/Sep/2018 16:36:56] "PUT /users/hosts/7 HTTP/1.1" 200 -
127.0.0.1 - - [19/Sep/2018 16:36:57] "GET /users/hosts/?page=1&host_query=%7B%22name_field%22:%22%22,%22zone_field%22:%22%22%7D HTTP/1.1" 200 -
127.0.0.1 - - [19/Sep/2018 16:36:57] "GET /users/hosts/zone/ HTTP/1.1" 200 -
127.0.0.1 - - [19/Sep/2018 16:36:57] "GET /users/hosts/type/ HTTP/1.1" 200 -
127.0.0.1 - - [19/Sep/2018 16:37:03] "GET /users/hosts/?page=1&host_query=%7B%22name_field%22:%22test-01%22,%22zone_field%22:%22%22%7D HTTP/1.1" 200 -
127.0.0.1 - - [19/Sep/2018 16:37:08] "GET /users/hosts/?page=1&host_query=%7B%22name_field%22:%2201%22,%22zone_field%22:%22%22%7D HTTP/1.1" 200 -
127.0.0.1 - - [19/Sep/2018 16:37:12] "GET /users/hosts/?page=1&host_query=%7B%22name_field%22:%22%22,%22zone_field%22:%22%22%7D HTTP/1.1" 200 -
127.0.0.1 - - [19/Sep/2018 16:37:16] "GET /users/hosts/?page=1&host_query=%7B%22name_field%22:%22%E6%B5%8B%E8%AF%95%22,%22zone_field%22:%22%22%7D HTTP/1.1" 200 -
127.0.0.1 - - [19/Sep/2018 16:37:21] "GET /users/hosts/?page=1&host_query=%7B%22name_field%22:%22%22,%22zone_field%22:%22%22%7D HTTP/1.1" 200 -
127.0.0.1 - - [19/Sep/2018 16:37:48] "GET /users/hosts/4/extend/ HTTP/1.1" 404 -
127.0.0.1 - - [19/Sep/2018 16:38:48] "GET /users/hosts/4/extend/ HTTP/1.1" 404 -
127.0.0.1 - - [19/Sep/2018 16:39:23] "GET /users/hosts/?page=1&host_query=%7B%22name_field%22:%22%22,%22zone_field%22:%22%22%7D HTTP/1.1" 200 -
127.0.0.1 - - [19/Sep/2018 16:39:23] "GET /users/hosts/zone/ HTTP/1.1" 200 -
127.0.0.1 - - [19/Sep/2018 16:39:23] "GET /users/hosts/type/ HTTP/1.1" 200 -
127.0.0.1 - - [19/Sep/2018 16:39:23] "GET /users/hosts/?page=1&host_query=%7B%22name_field%22:%22%22,%22zone_field%22:%22%22%7D HTTP/1.1" 200 -
127.0.0.1 - - [19/Sep/2018 16:39:23] "GET /users/hosts/zone/ HTTP/1.1" 200 -
127.0.0.1 - - [19/Sep/2018 16:39:23] "GET /users/hosts/type/ HTTP/1.1" 200 -
127.0.0.1 - - [19/Sep/2018 16:40:16] "GET /users/hosts/?page=1&host_query=%7B%22name_field%22:%22%22,%22zone_field%22:%22%22%7D HTTP/1.1" 200 -
127.0.0.1 - - [19/Sep/2018 16:40:16] "GET /users/hosts/zone/ HTTP/1.1" 200 -
127.0.0.1 - - [19/Sep/2018 16:40:16] "GET /users/hosts/type/ HTTP/1.1" 200 -
127.0.0.1 - - [19/Sep/2018 16:40:16] "GET /users/hosts/?page=1&host_query=%7B%22name_field%22:%22%22,%22zone_field%22:%22%22%7D HTTP/1.1" 200 -
127.0.0.1 - - [19/Sep/2018 16:40:16] "GET /users/hosts/zone/ HTTP/1.1" 200 -
127.0.0.1 - - [19/Sep/2018 16:40:16] "GET /users/hosts/type/ HTTP/1.1" 200 -
127.0.0.1 - - [19/Sep/2018 16:41:10] "GET /users/hosts/?page=1&host_query=%7B%22name_field%22:%22%22,%22zone_field%22:%22%22%7D HTTP/1.1" 200 -
127.0.0.1 - - [19/Sep/2018 16:41:10] "GET /users/hosts/zone/ HTTP/1.1" 200 -
127.0.0.1 - - [19/Sep/2018 16:41:10] "GET /users/hosts/type/ HTTP/1.1" 200 -
127.0.0.1 - - [19/Sep/2018 16:41:10] "GET /users/hosts/?page=1&host_query=%7B%22name_field%22:%22%22,%22zone_field%22:%22%22%7D HTTP/1.1" 200 -
127.0.0.1 - - [19/Sep/2018 16:41:10] "GET /users/hosts/zone/ HTTP/1.1" 200 -
127.0.0.1 - - [19/Sep/2018 16:41:10] "GET /users/hosts/type/ HTTP/1.1" 200 -
127.0.0.1 - - [19/Sep/2018 16:41:17] "GET /users/hosts/?page=1&host_query=%7B%22name_field%22:%22%22,%22zone_field%22:%22%22%7D HTTP/1.1" 200 -
127.0.0.1 - - [19/Sep/2018 16:41:17] "GET /users/hosts/zone/ HTTP/1.1" 200 -
127.0.0.1 - - [19/Sep/2018 16:41:17] "GET /users/hosts/type/ HTTP/1.1" 200 -
127.0.0.1 - - [19/Sep/2018 16:42:17] "GET /users/hosts/4/extend/ HTTP/1.1" 404 -
127.0.0.1 - - [19/Sep/2018 16:42:17] "GET /users/hosts/4/extend/ HTTP/1.1" 404 -
 * Detected change in '/opt/samba/xdata/xdata/xdata_api/apps/users/host.py', reloading
 * Restarting with stat
 * Debugger is active!
 * Debugger PIN: 286-050-437
172.16.6.253 - - [19/Sep/2018 16:53:23] "GET /users/hosts/4/extend HTTP/1.1" 301 -
--------------------------------------------------------------------------------
ERROR in middleware [/opt/samba/xdata/xdata/xdata_api/libs/middleware.py:40]:
name 'HostExtend' is not defined
--------------------------------------------------------------------------------
Traceback (most recent call last):
  File "/opt/samba/xdata/xdata/xdata_api/venv/lib/python3.6/site-packages/flask/app.py", line 1612, in full_dispatch_request
    rv = self.dispatch_request()
  File "/opt/samba/xdata/xdata/xdata_api/venv/lib/python3.6/site-packages/flask/app.py", line 1598, in dispatch_request
    return self.view_functions[rule.endpoint](**req.view_args)
  File "/opt/samba/xdata/xdata/xdata_api/libs/decorators.py", line 28, in wrapper
    return func(*args, **kwargs)
  File "/opt/samba/xdata/xdata/xdata_api/apps/users/host.py", line 97, in get_extend
    host_extend = HostExtend.query.filter_by(user_id=user_id).first()
NameError: name 'HostExtend' is not defined
172.16.6.253 - - [19/Sep/2018 16:53:23] "GET /users/hosts/4/extend/ HTTP/1.1" 200 -
 * Detected change in '/opt/samba/xdata/xdata/xdata_api/apps/users/host.py', reloading
 * Restarting with stat
 * Debugger is active!
 * Debugger PIN: 286-050-437
127.0.0.1 - - [19/Sep/2018 16:53:44] "GET /users/hosts/?page=1&host_query=%7B%22name_field%22:%22%22,%22zone_field%22:%22%22%7D HTTP/1.1" 200 -
127.0.0.1 - - [19/Sep/2018 16:53:44] "GET /users/hosts/zone/ HTTP/1.1" 200 -
127.0.0.1 - - [19/Sep/2018 16:53:44] "GET /users/hosts/type/ HTTP/1.1" 200 -
172.16.6.253 - - [19/Sep/2018 16:53:48] "GET /users/hosts/4/extend HTTP/1.1" 301 -
--------------------------------------------------------------------------------
ERROR in middleware [/opt/samba/xdata/xdata/xdata_api/libs/middleware.py:40]:
'User' object has no attribute 'first'
--------------------------------------------------------------------------------
Traceback (most recent call last):
  File "/opt/samba/xdata/xdata/xdata_api/venv/lib/python3.6/site-packages/flask/app.py", line 1612, in full_dispatch_request
    rv = self.dispatch_request()
  File "/opt/samba/xdata/xdata/xdata_api/venv/lib/python3.6/site-packages/flask/app.py", line 1598, in dispatch_request
    return self.view_functions[rule.endpoint](**req.view_args)
  File "/opt/samba/xdata/xdata/xdata_api/libs/decorators.py", line 28, in wrapper
    return func(*args, **kwargs)
  File "/opt/samba/xdata/xdata/xdata_api/apps/users/host.py", line 97, in get_extend
    host_extend = User.query.get_or_404(user_id).first()
AttributeError: 'User' object has no attribute 'first'
172.16.6.253 - - [19/Sep/2018 16:53:48] "GET /users/hosts/4/extend/ HTTP/1.1" 200 -
 * Detected change in '/opt/samba/xdata/xdata/xdata_api/apps/users/host.py', reloading
 * Restarting with stat
 * Debugger is active!
 * Debugger PIN: 286-050-437
172.16.6.253 - - [19/Sep/2018 16:54:21] "GET /users/hosts/4/extend HTTP/1.1" 301 -
172.16.6.253 - - [19/Sep/2018 16:54:21] "GET /users/hosts/4/extend/ HTTP/1.1" 200 -
172.16.6.253 - - [19/Sep/2018 16:54:27] "GET /users/hosts/5/extend HTTP/1.1" 301 -
172.16.6.253 - - [19/Sep/2018 16:54:27] "GET /users/hosts/5/extend/ HTTP/1.1" 404 -
172.16.6.253 - - [19/Sep/2018 16:54:32] "GET /users/hosts/5/extend HTTP/1.1" 301 -
172.16.6.253 - - [19/Sep/2018 16:54:32] "GET /users/hosts/5/extend/ HTTP/1.1" 404 -
172.16.6.253 - - [19/Sep/2018 16:54:36] "GET /users/hosts/4/extend HTTP/1.1" 301 -
172.16.6.253 - - [19/Sep/2018 16:54:36] "GET /users/hosts/4/extend/ HTTP/1.1" 200 -
172.16.6.253 - - [19/Sep/2018 16:54:53] "GET /users/hosts/7/extend HTTP/1.1" 301 -
172.16.6.253 - - [19/Sep/2018 16:54:53] "GET /users/hosts/7/extend/ HTTP/1.1" 200 -
127.0.0.1 - - [19/Sep/2018 16:55:21] "GET /users/hosts/4/extend/ HTTP/1.1" 200 -
127.0.0.1 - - [19/Sep/2018 16:55:22] "GET /users/hosts/4/extend/ HTTP/1.1" 200 -
127.0.0.1 - - [19/Sep/2018 16:55:27] "GET /users/hosts/4/extend/ HTTP/1.1" 200 -
127.0.0.1 - - [19/Sep/2018 16:55:29] "GET /users/hosts/4/extend/ HTTP/1.1" 200 -
127.0.0.1 - - [19/Sep/2018 16:57:04] "GET /users/hosts/?page=1&host_query=%7B%22name_field%22:%22%22,%22zone_field%22:%22%22%7D HTTP/1.1" 200 -
127.0.0.1 - - [19/Sep/2018 16:57:04] "GET /users/hosts/zone/ HTTP/1.1" 200 -
127.0.0.1 - - [19/Sep/2018 16:57:04] "GET /users/hosts/type/ HTTP/1.1" 200 -
127.0.0.1 - - [19/Sep/2018 16:57:04] "GET /users/hosts/?page=1&host_query=%7B%22name_field%22:%22%22,%22zone_field%22:%22%22%7D HTTP/1.1" 200 -
127.0.0.1 - - [19/Sep/2018 16:57:04] "GET /users/hosts/zone/ HTTP/1.1" 200 -
127.0.0.1 - - [19/Sep/2018 16:57:04] "GET /users/hosts/type/ HTTP/1.1" 200 -
127.0.0.1 - - [19/Sep/2018 16:57:05] "GET /users/hosts/4/extend/ HTTP/1.1" 200 -
127.0.0.1 - - [19/Sep/2018 16:57:06] "GET /users/hosts/4/extend/ HTTP/1.1" 200 -
127.0.0.1 - - [19/Sep/2018 16:57:22] "GET /users/hosts/?page=1&host_query=%7B%22name_field%22:%22%22,%22zone_field%22:%22%22%7D HTTP/1.1" 200 -
127.0.0.1 - - [19/Sep/2018 16:57:22] "GET /users/hosts/zone/ HTTP/1.1" 200 -
127.0.0.1 - - [19/Sep/2018 16:57:22] "GET /users/hosts/type/ HTTP/1.1" 200 -
127.0.0.1 - - [19/Sep/2018 16:57:24] "GET /users/hosts/4/extend/ HTTP/1.1" 200 -
127.0.0.1 - - [19/Sep/2018 16:57:25] "GET /users/hosts/4/extend/ HTTP/1.1" 200 -
127.0.0.1 - - [19/Sep/2018 16:57:35] "GET /users/hosts/4/extend/ HTTP/1.1" 200 -
127.0.0.1 - - [19/Sep/2018 16:57:36] "GET /users/hosts/4/extend/ HTTP/1.1" 200 -
127.0.0.1 - - [19/Sep/2018 16:57:37] "GET /users/hosts/4/extend/ HTTP/1.1" 200 -
127.0.0.1 - - [19/Sep/2018 16:57:38] "GET /users/hosts/4/extend/ HTTP/1.1" 200 -
127.0.0.1 - - [19/Sep/2018 16:57:44] "GET /users/hosts/4/extend/ HTTP/1.1" 200 -
127.0.0.1 - - [19/Sep/2018 16:57:45] "GET /users/hosts/7/extend/ HTTP/1.1" 200 -
127.0.0.1 - - [19/Sep/2018 16:57:46] "GET /users/hosts/7/extend/ HTTP/1.1" 200 -
127.0.0.1 - - [19/Sep/2018 16:59:00] "GET /users/hosts/?page=1&host_query=%7B%22name_field%22:%22%22,%22zone_field%22:%22%22%7D HTTP/1.1" 200 -
127.0.0.1 - - [19/Sep/2018 16:59:00] "GET /users/hosts/zone/ HTTP/1.1" 200 -
127.0.0.1 - - [19/Sep/2018 16:59:00] "GET /users/hosts/type/ HTTP/1.1" 200 -
127.0.0.1 - - [19/Sep/2018 16:59:00] "GET /users/hosts/?page=1&host_query=%7B%22name_field%22:%22%22,%22zone_field%22:%22%22%7D HTTP/1.1" 200 -
127.0.0.1 - - [19/Sep/2018 16:59:00] "GET /users/hosts/zone/ HTTP/1.1" 200 -
127.0.0.1 - - [19/Sep/2018 16:59:00] "GET /users/hosts/type/ HTTP/1.1" 200 -
127.0.0.1 - - [19/Sep/2018 16:59:05] "GET /users/hosts/4/extend/ HTTP/1.1" 200 -
127.0.0.1 - - [19/Sep/2018 16:59:06] "GET /users/hosts/4/extend/ HTTP/1.1" 200 -
127.0.0.1 - - [19/Sep/2018 16:59:12] "GET /users/hosts/4/extend/ HTTP/1.1" 200 -
127.0.0.1 - - [19/Sep/2018 16:59:12] "GET /users/hosts/4/extend/ HTTP/1.1" 200 -
127.0.0.1 - - [19/Sep/2018 16:59:13] "GET /users/hosts/4/extend/ HTTP/1.1" 200 -
127.0.0.1 - - [19/Sep/2018 16:59:14] "GET /users/hosts/4/extend/ HTTP/1.1" 200 -
127.0.0.1 - - [19/Sep/2018 16:59:15] "GET /users/hosts/4/extend/ HTTP/1.1" 200 -
172.16.6.253 - - [19/Sep/2018 17:00:28] "GET /users/hosts/7/extend HTTP/1.1" 301 -
172.16.6.253 - - [19/Sep/2018 17:00:28] "GET /users/hosts/7/extend/ HTTP/1.1" 200 -
127.0.0.1 - - [19/Sep/2018 17:00:32] "GET /users/hosts/4/extend/ HTTP/1.1" 200 -
127.0.0.1 - - [19/Sep/2018 17:00:33] "GET /users/hosts/4/extend/ HTTP/1.1" 200 -
127.0.0.1 - - [19/Sep/2018 17:00:35] "GET /users/hosts/4/extend/ HTTP/1.1" 200 -
127.0.0.1 - - [19/Sep/2018 17:00:36] "GET /users/hosts/7/extend/ HTTP/1.1" 200 -
127.0.0.1 - - [19/Sep/2018 17:00:37] "GET /users/hosts/7/extend/ HTTP/1.1" 200 -
127.0.0.1 - - [19/Sep/2018 17:00:39] "GET /users/hosts/7/extend/ HTTP/1.1" 200 -
127.0.0.1 - - [19/Sep/2018 17:00:39] "GET /users/hosts/7/extend/ HTTP/1.1" 200 -
127.0.0.1 - - [19/Sep/2018 17:00:43] "GET /users/hosts/7/extend/ HTTP/1.1" 200 -
127.0.0.1 - - [19/Sep/2018 17:01:35] "GET /users/hosts/7/valid HTTP/1.1" 200 -
127.0.0.1 - - [19/Sep/2018 17:01:36] "GET /users/hosts/4/valid HTTP/1.1" 200 -
127.0.0.1 - - [19/Sep/2018 17:01:48] "GET /users/hosts/?page=1&host_query=%7B%22name_field%22:%22%E6%B5%8B%E8%AF%95%22,%22zone_field%22:%22%22%7D HTTP/1.1" 200 -
127.0.0.1 - - [19/Sep/2018 17:01:53] "GET /users/hosts/?page=1&host_query=%7B%22name_field%22:%22%22,%22zone_field%22:%22%22%7D HTTP/1.1" 200 -
127.0.0.1 - - [19/Sep/2018 17:01:55] "GET /users/hosts/?page=1&host_query=%7B%22name_field%22:%22%22,%22zone_field%22:%22%22%7D HTTP/1.1" 200 -
127.0.0.1 - - [19/Sep/2018 17:02:04] "GET /home/ HTTP/1.1" 200 -
127.0.0.1 - - [19/Sep/2018 17:02:09] "GET /users/hosts/?page=1&host_query=%7B%22name_field%22:%22%22,%22zone_field%22:%22%22%7D HTTP/1.1" 200 -
127.0.0.1 - - [19/Sep/2018 17:02:09] "GET /users/hosts/zone/ HTTP/1.1" 200 -
127.0.0.1 - - [19/Sep/2018 17:02:09] "GET /users/hosts/type/ HTTP/1.1" 200 -
127.0.0.1 - - [19/Sep/2018 17:03:23] "DELETE /users/hosts/4 HTTP/1.1" 200 -
127.0.0.1 - - [19/Sep/2018 17:07:27] "GET /users/hosts/?page=1&host_query=%7B%22name_field%22:%22%22,%22zone_field%22:%22%22%7D HTTP/1.1" 200 -
127.0.0.1 - - [19/Sep/2018 17:07:27] "GET /users/hosts/zone/ HTTP/1.1" 200 -
127.0.0.1 - - [19/Sep/2018 17:07:27] "GET /users/hosts/type/ HTTP/1.1" 200 -
127.0.0.1 - - [19/Sep/2018 17:16:34] "GET /users/hosts/?page=1&host_query=%7B%22name_field%22:%22%22,%22zone_field%22:%22%22%7D HTTP/1.1" 200 -
127.0.0.1 - - [19/Sep/2018 17:16:34] "GET /users/hosts/zone/ HTTP/1.1" 200 -
127.0.0.1 - - [19/Sep/2018 17:16:34] "GET /users/hosts/type/ HTTP/1.1" 200 -
127.0.0.1 - - [19/Sep/2018 17:16:34] "GET /users/hosts/?page=1&host_query=%7B%22name_field%22:%22%22,%22zone_field%22:%22%22%7D HTTP/1.1" 200 -
127.0.0.1 - - [19/Sep/2018 17:16:34] "GET /users/hosts/zone/ HTTP/1.1" 200 -
127.0.0.1 - - [19/Sep/2018 17:16:34] "GET /users/hosts/type/ HTTP/1.1" 200 -
127.0.0.1 - - [19/Sep/2018 17:28:02] "GET /users/hosts/?page=1&host_query=%7B%22name_field%22:%22%22,%22zone_field%22:%22%22%7D HTTP/1.1" 200 -
127.0.0.1 - - [19/Sep/2018 17:28:02] "GET /users/hosts/zone/ HTTP/1.1" 200 -
127.0.0.1 - - [19/Sep/2018 17:28:02] "GET /users/hosts/type/ HTTP/1.1" 200 -
127.0.0.1 - - [19/Sep/2018 17:28:02] "GET /users/hosts/?page=1&host_query=%7B%22name_field%22:%22%22,%22zone_field%22:%22%22%7D HTTP/1.1" 200 -
127.0.0.1 - - [19/Sep/2018 17:28:02] "GET /users/hosts/zone/ HTTP/1.1" 200 -
127.0.0.1 - - [19/Sep/2018 17:28:02] "GET /users/hosts/type/ HTTP/1.1" 200 -
127.0.0.1 - - [19/Sep/2018 17:28:10] "GET /users/hosts/4/valid HTTP/1.1" 200 -
127.0.0.1 - - [19/Sep/2018 17:28:11] "GET /users/hosts/7/valid HTTP/1.1" 200 -
127.0.0.1 - - [19/Sep/2018 17:28:26] "GET /users/hosts/?page=1&host_query=%7B%22name_field%22:%22%22,%22zone_field%22:%22%22%7D HTTP/1.1" 200 -
127.0.0.1 - - [19/Sep/2018 17:28:26] "GET /users/hosts/zone/ HTTP/1.1" 200 -
127.0.0.1 - - [19/Sep/2018 17:28:26] "GET /users/hosts/type/ HTTP/1.1" 200 -
127.0.0.1 - - [19/Sep/2018 17:28:26] "GET /users/hosts/?page=1&host_query=%7B%22name_field%22:%22%22,%22zone_field%22:%22%22%7D HTTP/1.1" 200 -
127.0.0.1 - - [19/Sep/2018 17:28:26] "GET /users/hosts/zone/ HTTP/1.1" 200 -
127.0.0.1 - - [19/Sep/2018 17:28:26] "GET /users/hosts/type/ HTTP/1.1" 200 -
127.0.0.1 - - [19/Sep/2018 17:28:56] "GET /users/hosts/?page=1&host_query=%7B%22name_field%22:%22%22,%22zone_field%22:%22%22%7D HTTP/1.1" 200 -
127.0.0.1 - - [19/Sep/2018 17:28:56] "GET /users/hosts/zone/ HTTP/1.1" 200 -
127.0.0.1 - - [19/Sep/2018 17:28:56] "GET /users/hosts/type/ HTTP/1.1" 200 -
127.0.0.1 - - [19/Sep/2018 17:28:56] "GET /users/hosts/?page=1&host_query=%7B%22name_field%22:%22%22,%22zone_field%22:%22%22%7D HTTP/1.1" 200 -
127.0.0.1 - - [19/Sep/2018 17:28:56] "GET /users/hosts/zone/ HTTP/1.1" 200 -
127.0.0.1 - - [19/Sep/2018 17:28:56] "GET /users/hosts/type/ HTTP/1.1" 200 -
127.0.0.1 - - [19/Sep/2018 18:07:09] "GET /users/hosts/?page=1&host_query=%7B%22name_field%22:%22%22,%22zone_field%22:%22%22%7D HTTP/1.1" 200 -
127.0.0.1 - - [19/Sep/2018 18:07:09] "GET /users/hosts/zone/ HTTP/1.1" 200 -
127.0.0.1 - - [19/Sep/2018 18:07:09] "GET /users/hosts/type/ HTTP/1.1" 200 -
127.0.0.1 - - [19/Sep/2018 18:07:09] "GET /users/hosts/?page=1&host_query=%7B%22name_field%22:%22%22,%22zone_field%22:%22%22%7D HTTP/1.1" 200 -
127.0.0.1 - - [19/Sep/2018 18:07:09] "GET /users/hosts/zone/ HTTP/1.1" 200 -
127.0.0.1 - - [19/Sep/2018 18:07:09] "GET /users/hosts/type/ HTTP/1.1" 200 -
127.0.0.1 - - [19/Sep/2018 18:07:15] "GET /users/hosts/?page=1&host_query=%7B%22name_field%22:%22%22,%22zone_field%22:%22%22%7D HTTP/1.1" 200 -
127.0.0.1 - - [19/Sep/2018 18:07:15] "GET /users/hosts/zone/ HTTP/1.1" 200 -
127.0.0.1 - - [19/Sep/2018 18:07:15] "GET /users/hosts/type/ HTTP/1.1" 200 -
127.0.0.1 - - [19/Sep/2018 18:07:26] "GET /users/hosts/?page=1&host_query=%7B%22name_field%22:%22%22,%22zone_field%22:%22%22%7D HTTP/1.1" 200 -
127.0.0.1 - - [19/Sep/2018 18:07:26] "GET /users/hosts/zone/ HTTP/1.1" 200 -
127.0.0.1 - - [19/Sep/2018 18:07:26] "GET /users/hosts/type/ HTTP/1.1" 200 -
127.0.0.1 - - [19/Sep/2018 18:07:57] "GET /users/hosts/?page=1&host_query=%7B%22name_field%22:%22%22,%22zone_field%22:%22%22%7D HTTP/1.1" 200 -
127.0.0.1 - - [19/Sep/2018 18:07:57] "GET /users/hosts/zone/ HTTP/1.1" 200 -
127.0.0.1 - - [19/Sep/2018 18:07:57] "GET /users/hosts/type/ HTTP/1.1" 200 -
127.0.0.1 - - [19/Sep/2018 18:07:57] "GET /users/hosts/?page=1&host_query=%7B%22name_field%22:%22%22,%22zone_field%22:%22%22%7D HTTP/1.1" 200 -
127.0.0.1 - - [19/Sep/2018 18:07:57] "GET /users/hosts/type/ HTTP/1.1" 200 -
127.0.0.1 - - [19/Sep/2018 18:07:57] "GET /users/hosts/zone/ HTTP/1.1" 200 -
127.0.0.1 - - [19/Sep/2018 18:08:21] "GET /users/hosts/?page=1&host_query=%7B%22name_field%22:%22%22,%22zone_field%22:%22%22%7D HTTP/1.1" 200 -
127.0.0.1 - - [19/Sep/2018 18:08:21] "GET /users/hosts/zone/ HTTP/1.1" 200 -
127.0.0.1 - - [19/Sep/2018 18:08:21] "GET /users/hosts/type/ HTTP/1.1" 200 -
127.0.0.1 - - [19/Sep/2018 18:09:10] "GET /users/hosts/?page=1&host_query=%7B%22name_field%22:%22%22,%22zone_field%22:%22%22%7D HTTP/1.1" 200 -
127.0.0.1 - - [19/Sep/2018 18:09:10] "GET /users/hosts/zone/ HTTP/1.1" 200 -
127.0.0.1 - - [19/Sep/2018 18:09:10] "GET /users/hosts/type/ HTTP/1.1" 200 -
127.0.0.1 - - [19/Sep/2018 18:09:10] "GET /users/hosts/?page=1&host_query=%7B%22name_field%22:%22%22,%22zone_field%22:%22%22%7D HTTP/1.1" 200 -
127.0.0.1 - - [19/Sep/2018 18:09:10] "GET /users/hosts/zone/ HTTP/1.1" 200 -
127.0.0.1 - - [19/Sep/2018 18:09:10] "GET /users/hosts/type/ HTTP/1.1" 200 -
127.0.0.1 - - [19/Sep/2018 18:09:15] "GET /users/hosts/?page=1&host_query=%7B%22name_field%22:%22%22,%22zone_field%22:%22%22%7D HTTP/1.1" 200 -
127.0.0.1 - - [19/Sep/2018 18:09:15] "GET /users/hosts/zone/ HTTP/1.1" 200 -
127.0.0.1 - - [19/Sep/2018 18:09:15] "GET /users/hosts/type/ HTTP/1.1" 200 -
127.0.0.1 - - [19/Sep/2018 18:09:52] "GET /users/hosts/?page=1&host_query=%7B%22name_field%22:%22%22,%22zone_field%22:%22%22%7D HTTP/1.1" 200 -
127.0.0.1 - - [19/Sep/2018 18:09:52] "GET /users/hosts/zone/ HTTP/1.1" 200 -
127.0.0.1 - - [19/Sep/2018 18:09:52] "GET /users/hosts/type/ HTTP/1.1" 200 -
127.0.0.1 - - [19/Sep/2018 18:09:52] "GET /users/hosts/?page=1&host_query=%7B%22name_field%22:%22%22,%22zone_field%22:%22%22%7D HTTP/1.1" 200 -
127.0.0.1 - - [19/Sep/2018 18:09:52] "GET /users/hosts/zone/ HTTP/1.1" 200 -
127.0.0.1 - - [19/Sep/2018 18:09:52] "GET /users/hosts/type/ HTTP/1.1" 200 -
127.0.0.1 - - [19/Sep/2018 18:09:57] "GET /users/hosts/?page=1&host_query=%7B%22name_field%22:%22%22,%22zone_field%22:%22%22%7D HTTP/1.1" 200 -
127.0.0.1 - - [19/Sep/2018 18:09:57] "GET /users/hosts/zone/ HTTP/1.1" 200 -
127.0.0.1 - - [19/Sep/2018 18:09:57] "GET /users/hosts/type/ HTTP/1.1" 200 -
127.0.0.1 - - [19/Sep/2018 18:10:16] "GET /home/ HTTP/1.1" 200 -
127.0.0.1 - - [19/Sep/2018 18:10:21] "GET /schedule/jobs/?page=1&job_group= HTTP/1.1" 200 -
127.0.0.1 - - [19/Sep/2018 18:10:21] "GET /schedule/jobs/groups/ HTTP/1.1" 200 -
127.0.0.1 - - [19/Sep/2018 18:10:22] "GET /deploy/apps/ HTTP/1.1" 200 -
127.0.0.1 - - [19/Sep/2018 18:10:22] "GET /deploy/apps/groups/ HTTP/1.1" 200 -
127.0.0.1 - - [19/Sep/2018 18:10:23] "GET /deploy/fields/ HTTP/1.1" 200 -
127.0.0.1 - - [19/Sep/2018 18:10:24] "GET /deploy/menus/ HTTP/1.1" 200 -
127.0.0.1 - - [19/Sep/2018 18:10:26] "GET /assets/hosts/?page=1&host_query=%7B%22name_field%22:%22%22,%22zone_field%22:%22%22%7D HTTP/1.1" 200 -
127.0.0.1 - - [19/Sep/2018 18:10:26] "GET /assets/hosts/zone/ HTTP/1.1" 200 -
127.0.0.1 - - [19/Sep/2018 18:10:43] "GET /users/hosts/?page=1&host_query=%7B%22name_field%22:%22%22,%22zone_field%22:%22%22%7D HTTP/1.1" 200 -
127.0.0.1 - - [19/Sep/2018 18:10:43] "GET /users/hosts/zone/ HTTP/1.1" 200 -
127.0.0.1 - - [19/Sep/2018 18:10:43] "GET /users/hosts/type/ HTTP/1.1" 200 -
127.0.0.1 - - [19/Sep/2018 18:10:45] "GET /users/hosts/?page=1&host_query=%7B%22name_field%22:%22%22,%22zone_field%22:%22%22%7D HTTP/1.1" 200 -
127.0.0.1 - - [19/Sep/2018 18:10:58] "GET /users/hosts/?page=1&host_query=%7B%22name_field%22:%22%22,%22zone_field%22:%22%22%7D HTTP/1.1" 200 -
127.0.0.1 - - [19/Sep/2018 18:10:58] "GET /users/hosts/zone/ HTTP/1.1" 200 -
127.0.0.1 - - [19/Sep/2018 18:10:58] "GET /users/hosts/type/ HTTP/1.1" 200 -
127.0.0.1 - - [19/Sep/2018 18:10:58] "GET /users/hosts/?page=1&host_query=%7B%22name_field%22:%22%22,%22zone_field%22:%22%22%7D HTTP/1.1" 200 -
127.0.0.1 - - [19/Sep/2018 18:10:58] "GET /users/hosts/zone/ HTTP/1.1" 200 -
127.0.0.1 - - [19/Sep/2018 18:10:58] "GET /users/hosts/type/ HTTP/1.1" 200 -
127.0.0.1 - - [19/Sep/2018 18:11:09] "GET /users/hosts/7/valid HTTP/1.1" 200 -
127.0.0.1 - - [19/Sep/2018 18:11:12] "GET /users/hosts/4/valid HTTP/1.1" 200 -
127.0.0.1 - - [19/Sep/2018 18:11:14] "GET /users/hosts/?page=1&host_query=%7B%22name_field%22:%22%22,%22zone_field%22:%22%22%7D HTTP/1.1" 200 -
172.16.6.253 - - [19/Sep/2018 18:11:26] "GET /users/hosts/7/extend HTTP/1.1" 301 -
172.16.6.253 - - [19/Sep/2018 18:11:26] "GET /users/hosts/7/extend/ HTTP/1.1" 200 -
127.0.0.1 - - [19/Sep/2018 18:20:00] "GET /users/hosts/?page=1&host_query=%7B%22name_field%22:%22%22,%22zone_field%22:%22%22%7D HTTP/1.1" 200 -
127.0.0.1 - - [19/Sep/2018 18:20:00] "GET /users/hosts/zone/ HTTP/1.1" 200 -
127.0.0.1 - - [19/Sep/2018 18:20:00] "GET /users/hosts/type/ HTTP/1.1" 200 -
127.0.0.1 - - [19/Sep/2018 18:32:16] "GET /users/hosts/?page=1&host_query=%7B%22name_field%22:%22%22,%22zone_field%22:%22%22%7D HTTP/1.1" 200 -
127.0.0.1 - - [19/Sep/2018 18:32:16] "GET /users/hosts/zone/ HTTP/1.1" 200 -
127.0.0.1 - - [19/Sep/2018 18:32:16] "GET /users/hosts/type/ HTTP/1.1" 200 -
127.0.0.1 - - [19/Sep/2018 18:34:29] "GET /users/hosts/?page=1&host_query=%7B%22name_field%22:%22%22,%22zone_field%22:%22%22%7D HTTP/1.1" 200 -
127.0.0.1 - - [19/Sep/2018 18:34:29] "GET /users/hosts/zone/ HTTP/1.1" 200 -
127.0.0.1 - - [19/Sep/2018 18:34:29] "GET /users/hosts/type/ HTTP/1.1" 200 -
127.0.0.1 - - [19/Sep/2018 18:34:29] "GET /users/hosts/?page=1&host_query=%7B%22name_field%22:%22%22,%22zone_field%22:%22%22%7D HTTP/1.1" 200 -
127.0.0.1 - - [19/Sep/2018 18:34:29] "GET /users/hosts/zone/ HTTP/1.1" 200 -
127.0.0.1 - - [19/Sep/2018 18:34:29] "GET /users/hosts/type/ HTTP/1.1" 200 -
127.0.0.1 - - [19/Sep/2018 18:34:56] "GET /users/hosts/?page=1&host_query=%7B%22name_field%22:%22%22,%22zone_field%22:%22%22%7D HTTP/1.1" 200 -
127.0.0.1 - - [19/Sep/2018 18:34:56] "GET /users/hosts/zone/ HTTP/1.1" 200 -
127.0.0.1 - - [19/Sep/2018 18:34:56] "GET /users/hosts/type/ HTTP/1.1" 200 -
127.0.0.1 - - [19/Sep/2018 18:35:51] "GET /users/hosts/?page=1&host_query=%7B%22name_field%22:%22%22,%22zone_field%22:%22%22%7D HTTP/1.1" 200 -
127.0.0.1 - - [19/Sep/2018 18:37:06] "GET /users/hosts/?page=1&host_query=%7B%22name_field%22:%22%22,%22zone_field%22:%22%22%7D HTTP/1.1" 200 -
127.0.0.1 - - [19/Sep/2018 18:37:06] "GET /users/hosts/zone/ HTTP/1.1" 200 -
127.0.0.1 - - [19/Sep/2018 18:37:06] "GET /users/hosts/type/ HTTP/1.1" 200 -
127.0.0.1 - - [19/Sep/2018 18:37:30] "GET /users/hosts/?page=1&host_query=%7B%22name_field%22:%22%22,%22zone_field%22:%22%22%7D HTTP/1.1" 200 -
127.0.0.1 - - [19/Sep/2018 18:38:09] "GET /users/hosts/?page=1&host_query=%7B%22name_field%22:%22%22,%22zone_field%22:%22%22%7D HTTP/1.1" 200 -
127.0.0.1 - - [19/Sep/2018 18:38:09] "GET /users/hosts/zone/ HTTP/1.1" 200 -
127.0.0.1 - - [19/Sep/2018 18:38:09] "GET /users/hosts/type/ HTTP/1.1" 200 -
127.0.0.1 - - [19/Sep/2018 18:38:25] "GET /users/hosts/?page=1&host_query=%7B%22name_field%22:%22%22,%22zone_field%22:%22%22%7D HTTP/1.1" 200 -
127.0.0.1 - - [19/Sep/2018 18:39:10] "GET /users/hosts/?page=1&host_query=%7B%22name_field%22:%22%22,%22zone_field%22:%22%22%7D HTTP/1.1" 200 -
127.0.0.1 - - [19/Sep/2018 18:39:10] "GET /users/hosts/zone/ HTTP/1.1" 200 -
127.0.0.1 - - [19/Sep/2018 18:39:10] "GET /users/hosts/type/ HTTP/1.1" 200 -
127.0.0.1 - - [19/Sep/2018 18:39:20] "GET /users/hosts/?page=1&host_query=%7B%22name_field%22:%22%22,%22zone_field%22:%22%22%7D HTTP/1.1" 200 -
127.0.0.1 - - [19/Sep/2018 18:39:22] "GET /users/hosts/?page=1&host_query=%7B%22name_field%22:%22%22,%22zone_field%22:%22%22%7D HTTP/1.1" 200 -
127.0.0.1 - - [19/Sep/2018 18:39:46] "GET /users/hosts/4/extend/ HTTP/1.1" 200 -
127.0.0.1 - - [19/Sep/2018 18:39:47] "GET /users/hosts/4/extend/ HTTP/1.1" 200 -
127.0.0.1 - - [19/Sep/2018 18:39:48] "GET /users/hosts/4/extend/ HTTP/1.1" 200 -
127.0.0.1 - - [19/Sep/2018 18:40:17] "GET /users/hosts/?page=1&host_query=%7B%22name_field%22:%22%22,%22zone_field%22:%22%22%7D HTTP/1.1" 200 -
127.0.0.1 - - [19/Sep/2018 18:40:19] "GET /users/hosts/?page=1&host_query=%7B%22name_field%22:%22%22,%22zone_field%22:%22%22%7D HTTP/1.1" 200 -
127.0.0.1 - - [19/Sep/2018 18:40:19] "GET /users/hosts/?page=1&host_query=%7B%22name_field%22:%22%22,%22zone_field%22:%22%22%7D HTTP/1.1" 200 -
127.0.0.1 - - [19/Sep/2018 18:40:37] "GET /users/hosts/4/extend/ HTTP/1.1" 200 -
127.0.0.1 - - [19/Sep/2018 18:40:39] "GET /users/hosts/4/extend/ HTTP/1.1" 200 -
127.0.0.1 - - [19/Sep/2018 18:40:40] "GET /users/hosts/4/extend/ HTTP/1.1" 200 -
127.0.0.1 - - [19/Sep/2018 18:40:41] "GET /users/hosts/7/extend/ HTTP/1.1" 200 -
127.0.0.1 - - [19/Sep/2018 18:40:41] "GET /users/hosts/7/extend/ HTTP/1.1" 200 -
127.0.0.1 - - [19/Sep/2018 18:40:43] "GET /users/hosts/7/extend/ HTTP/1.1" 200 -
127.0.0.1 - - [19/Sep/2018 18:41:03] "GET /users/hosts/?page=1&host_query=%7B%22name_field%22:%22%22,%22zone_field%22:%22%22%7D HTTP/1.1" 200 -
127.0.0.1 - - [19/Sep/2018 18:41:16] "GET /users/hosts/?page=1&host_query=%7B%22name_field%22:%22%22,%22zone_field%22:%22%22%7D HTTP/1.1" 200 -
127.0.0.1 - - [19/Sep/2018 18:41:18] "GET /users/hosts/4/valid HTTP/1.1" 200 -
127.0.0.1 - - [19/Sep/2018 18:41:19] "GET /users/hosts/7/valid HTTP/1.1" 200 -
127.0.0.1 - - [19/Sep/2018 18:41:20] "GET /users/hosts/4/valid HTTP/1.1" 200 -
127.0.0.1 - - [19/Sep/2018 18:41:22] "GET /users/hosts/7/valid HTTP/1.1" 200 -
127.0.0.1 - - [19/Sep/2018 18:41:28] "GET /users/hosts/?page=1&host_query=%7B%22name_field%22:%22%E6%B5%8B%E8%AF%95%22,%22zone_field%22:%22%22%7D HTTP/1.1" 200 -
127.0.0.1 - - [19/Sep/2018 18:41:32] "GET /users/hosts/?page=1&host_query=%7B%22name_field%22:%22%22,%22zone_field%22:%22%E5%8D%8E%E4%B8%9C1%E5%8C%BA%22%7D HTTP/1.1" 200 -
127.0.0.1 - - [19/Sep/2018 18:41:35] "GET /users/hosts/?page=1&host_query=%7B%22name_field%22:%22%22,%22zone_field%22:%22%22,%22type_field%22:%22MYSQL%22%7D HTTP/1.1" 200 -
